458693
606581
223439
215577
481171
58877
600479
158413
147557
129864
270618
99143
537785
634286
571943
191275
392950
360167
379541
385306
307700
474607
290159
63122
655288
599624
404399
498287
334309
353554
380245
128516
197663
603577
246001
14347
564363
181992
74667
47436
213764
345179
48486
87064
216992
522337
180245
511849
218020
559677
134685
427626
271815
424736
392656
164631
359878
34586
662810
29699
388034
378570
60121
585588
219677
306016
501846
119554
389917
576405
68899
603573
159113
19294
592544
375996
541527
108304
125373
95061
3496
259951
424596
177219
20201
152767
341741
281986
187245
340067
213593
477186
620547
273606
300306
175737
481531
137663
197201
206960
49582
265991
48062
110601
285177
640499
486493
64232
84316
611756
61199
654099
109239
485686
68845
129332
638348
410480
411210
63120
86064
624695
540201
608514
135831
78033
21783
617252
215587
218875
61743
167077
484758
109697
277572
7465
85713
1594
71591
71934
515255
132681
627942
624386
618263
32300
89232
494137
344689
402350
459163
332661
264575
236893
276692
302313
314819
298368
157096
530299
517134
218731
599285
239424
230337
114385
148796
217956
115870
220278
191799
631020
254869
57268
492935
110659
89463
484074
604688
336059
123955
301384
4232
388422
538170
182832
26248
188503
481093
85252
620710
235756
303876
555511
377086
534106
5409
525777
87576
23186
81569
181282
556111
238344
238443
384561
348895
229813
106164
191113
565764
230011
492391
569892
618327
366075
88238
546484
456484
471238
631627
412711
608903
173032
205749
321504
609045
113066
84806
598528
38159
68284
115322
594166
306521
353658
216256
655310
583362
322314
181938
386658
552216
9842
194077
408075
277824
184222
192087
69822
655352
61243
384441
501783
234167
492096
60813
80740
605053
145512
14783
643106
213686
32013
474800
520101
385564
26569
510924
206456
348774
594770
593004
138522
506521
24608
546492
21873
208722
74091
91587
101601
135227
377934
603277
271303
107558
663983
351937
48125
145009
366612
593136
358588
398516
305464
116219
21608
331924
627035
129971
582609
459333
58488
56646
301367
82989
603031
323134
193619
579028
316627
295112
49769
596469
233903
222978
39542
135415
574806
653951
280315
178946
484620
540813
577356
125599
656921
500874
359434
521481
630736
277556
316331
591129
236110
519605
576029
76668
80266
105159
655588
396787
400165
607264
230786
535975
165756
270219
6905
76078
161701
189129
156931
646217
65452
69803
9344
57886
472583
368668
481276
438831
646117
35136
267490
119756
554633
179031
196315
634792
186098
187417
269106
586155
32211
499784
359661
197861
7532
366459
175848
169127
555480
332673
150857
522839
304381
160093
482634
14494
528654
299423
453219
412301
334452
56222
531951
126613
137162
63780
96918
323154
153105
365918
146836
185209
103231
506390
284978
110655
110377
460716
279676
567765
30918
430425
426117
237208
492426
146280
251595
258609
445597
40327
6424
17577
662835
440283
144081
37526
405969
142909
262588
460983
508719
409316
646084
611842
153238
168589
58011
165524
629200
239594
68802
562024
5533
396829
134748
399866
542999
386237
658369
226125
328470
566700
243593
228836
244513
289582
168268
650377
432384
430748
348886
178632
77596
232501
28003
230725
400983
85908
396141
267712
227411
366851
165253
134849
99193
201907
534609
642084
588035
528490
105735
154034
332718
349222
284775
577125
638695
452939
465030
308610
219200
149430
487137
296689
381824
515031
429322
20335
502845
62992
287940
65771
429737
453083
200511
528821
654883
70634
408434
480445
501032
514064
536389
71281
100816
156678
648296
641416
609507
448843
285542
66239
500177
10205
264834
119530
525132
29671
139759
363492
92555
427592
331172
522184
118205
531575
288532
10618
504117
598876
490956
242676
350469
264873
313849
451174
421445
199678
330121
268482
648411
615555
236631
386120
625656
501357
505543
388313
530922
645194
87322
525387
408299
320401
285099
526397
89505
573527
536905
593517
409931
265392
73723
95911
530158
289481
448991
189134
489051
114625
359524
374991
632089
596046
96621
495270
432920
602056
219100
201370
484776
208332
62270
130606
528621
249277
656897
618018
60331
431327
449061
470152
598626
424691
565959
366317
49688
252481
555341
538629
366997
152396
151146
236618
83955
247661
67402
418781
87246
188409
620046
571916
396632
584224
38034
162784
71030
596835
18333
131254
265695
369305
601301
101848
129512
404788
468059
81105
657161
260929
619625
261688
413218
8303
498198
497067
255857
565494
153375
245011
89415
10951
54455
387956
595069
92381
452649
1613
591122
470873
34771
94344
77704
635966
196087
207107
376268
664041
288105
270959
162498
145261
532539
575608
153459
366247
310203
311224
169270
463471
556125
160590
474316
610473
450452
306914
604759
238613
210427
433413
611392
245092
527650
24610
216571
625647
133627
494746
527213
421625
101216
25224
468793
633648
600725
622143
237426
148456
170896
308604
611820
62535
469087
421650
8521
157068
64075
515189
395576
176412
284116
244493
421396
49296
268997
637859
10454
402516
370133
439576
61668
471244
464691
530355
342420
302945
390028
481753
451296
560814
125870
300643
525257
496864
57808
435686
653824
23789
286387
286926
102109
472414
531314
523397
521601
37840
398786
433961
440248
104431
111064
403825
477580
575648
171709
57529
116124
561629
539177
469326
359973
561
105483
122758
399330
65198
558336
388667
655275
82254
11106
92898
554558
444327
616185
313689
482061
252498
83164
159835
356820
96138
563549
71931
7300
70773
129352
25332
534311
4043
494552
131809
570889
501943
254461
305733
567034
148310
596307
459836
230457
509318
552625
22545
289161
406341
336127
8749
658729
321200
168476
253081
417232
67542
324906
326438
40222
454152
351664
574422
360101
83741
41746
266504
585574
296099
474142
390136
346317
405960
87502
576667
152812
640020
599105
441864
283888
172762
450504
180145
493852
618873
335135
246596
588323
659933
572929
628435
351613
162117
538373
47227
147768
482029
215639
68857
15655
25295
360903
361864
333164
448296
176060
485868
325841
12694
165263
511638
185349
517674
27297
14717
374074
264339
163221
297913
161800
71661
163878
513306
135686
37765
462441
283345
421700
579990
254112
437247
507191
516922
134626
77886
202744
310578
563649
528481
323168
630815
277646
508409
484006
206853
425032
95608
471086
588147
393414
632781
561713
557183
383615
32913
496856
83584
218168
156082
663466
374186
593223
506172
226623
63364
583948
429259
275849
385127
195270
500923
253474
472809
246860
72989
15176
7405
70507
388170
595441
463812
356462
394681
258524
75590
329503
657284
61082
547565
148879
60061
159280
77619
468140
385794
42888
289619
52583
220645
10259
149762
57083
165641
622467
205848
140538
539548
213146
210939
165248
46116
10262
521603
440692
170694
499100
7725
65508
560075
555180
214281
522044
49974
193805
325696
337675
138602
615210
292168
261155
527378
441822
220145
28533
301815
425886
70978
78892
638926
281808
244032
586950
193981
3160
265171
364569
502152
272787
429966
299760
65498
546156
59330
17380
75476
384921
354950
115986
237661
647007
377035
2567
326359
597071
597384
628064
260486
3877
42469
136941
285579
286392
59404
479452
289449
324468
81549
29131
597151
413424
230798
662544
295092
290022
15436
272478
10455
272293
290371
150021
156831
2919
54496
483082
501896
651772
348674
97896
655541
391036
136744
178647
579336
196042
560008
106313
422421
641447
135336
257100
292401
366028
157172
587387
655943
74516
97394
568305
346701
387659
620235
405439
292483
10242
126049
31908
661908
474615
31711
554980
103175
168350
635534
18026
266300
531057
124233
24234
410034
161477
281227
37949
527399
438291
527241
420869
512698
526546
226700
96928
151734
84465
502259
444108
94602
628201
377924
658421
340346
409531
450927
443415
479784
421973
461333
81598
190560
487473
7741
502502
648843
288860
442357
413768
629056
207130
72166
379287
69192
298761
476108
220819
383121
215896
566833
379628
81626
280270
373561
421864
591707
62018
102805
407006
483883
564033
390511
576352
289033
398147
414368
273391
22518
94254
22675
553483
301278
94734
268285
370361
295405
646298
493086
580432
99723
395431
295574
181240
577612
571045
505011
504833
632953
607710
149367
354370
409269
539771
266236
33818
175443
582511
209117
99869
12278
133699
653244
313449
130343
159056
585719
425641
140866
414319
243601
240484
47282
539067
323633
624787
347641
164157
367146
316110
9394
418419
5994
418558
195717
174135
452268
371053
92160
661278
470813
6346
32505
459572
221704
162742
618521
142938
588273
661297
459162
69403
139307
506339
608366
462831
368650
193535
626881
637704
509539
636168
391638
417438
292254
587247
493485
80036
195829
487552
643222
2154
493789
11239
363640
51009
75888
219688
95855
664056
216500
554915
68970
355701
298781
579240
56058
569341
10306
18454
542560
519738
556531
171729
174705
86314
660881
3702
68256
192226
393160
46991
96290
124480
624517
459821
77395
35919
15022
173144
601877
133428
629964
572758
489020
166274
389527
544971
71129
399727
465334
515598
156994
259394
22839
233608
345601
585628
139216
413749
15382
532267
362648
111564
656641
224694
571275
69549
162519
586191
144601
1930
55135
110079
476595
446064
276246
103654
228563
249285
503275
595805
100398
562176
92728
25143
131297
438222
610666
270407
89498
625939
40204
354057
73016
32357
578639
546198
3815
643065
369919
148307
644887
326961
258279
359010
10552
436434
462553
239008
21233
203360
72342
23539
101051
164962
48575
134256
603075
561148
404553
594484
424614
444649
284050
399539
378913
100218
281254
382619
78799
651065
530820
625594
215555
26629
222135
226002
462957
20204
464901
484083
223456
537138
507517
226414
37614
457996
360560
542595
354658
2645
374609
16800
447183
658551
416231
63625
660679
32998
446137
641384
585973
312473
504508
39056
338994
62155
264951
39478
82251
65366
523456
207614
504411
268498
433922
443933
62011
32011
224059
318576
34545
598558
335270
481626
494637
87016
545142
392845
21922
228810
369743
509802
541174
111779
548752
117696
173827
51231
157068
157986
18505
582430
267507
522810
88460
36942
204271
52377
68846
330237
370844
5300
166325
608022
486816
660856
596943
269487
291228
520774
498191
660865
268105
276892
10173
54386
296496
183893
105510
453457
243784
123908
273416
511184
646608
361767
450036
88411
414038
420790
418541
22408
425985
584758
630323
150330
483145
562784
419712
11903
321085
155430
8283
589088
334231
18350
643364
630618
104149
84390
321605
347827
208189
594913
96542
92329
292194
546470
82648
41743
302774
501081
64045
64275
323365
596275
116511
44040
396587
536116
55836
53188
593455
630406
642168
263200
550662
523062
131349
654702
607343
452844
240060
53063
383271
336491
47301
577372
120492
129840
521024
423161
630813
486975
389339
191710
418762
505741
137658
52880
279388
193387
105963
110369
61322
650038
373461
611877
508613
504703
504111
353487
195077
79681
308460
578244
318085
355651
393145
438468
485383
249680
99156
353726
72170
390401
545330
392842
133674
18503
445615
412953
113799
453487
523216
175014
439038
134207
24419
185181
540819
528425
440575
71410
510013
84546
551559
65625
440091
280218
503987
163004
431804
505049
516626
405884
230965
299483
36255
364532
219893
481763
15014
333584
172777
440138
410504
611706
574236
434818
34419
352582
298753
474887
423884
46294
461343
212973
111815
138963
493083
615692
301862
162419
358272
154000
568196
589131
453372
604343
191191
8781
323636
108113
244272
496305
548144
654667
345543
359909
327015
379856
48004
625664
92274
373798
7473
553511
586664
21193
27987
317276
636781
231755
479587
232580
385647
383295
59237
76547
225167
250322
651613
548694
358325
133415
380515
143998
25613
61572
503798
352523
343336
551696
215714
337518
163021
125093
128557
85199
146182
58450
402366
20489
290097
119482
252959
11258
502673
312089
654095
63351
562302
641222
513953
158157
12165
131996
302047
37672
95477
43376
390086
438705
594964
605694
13751
93499
66302
142199
80608
212374
200543
384882
232757
490536
504256
485610
403701
244457
35226
393306
209716
597423
272058
59184
657488
284117
191072
197064
321680
286441
240332
47283
627054
72827
554884
640700
68234
621080
118413
148734
70984
318848
533509
205650
46911
275293
26771
450505
519645
61889
81342
64874
561221
353294
25966
456238
539317
216930
653196
98528
405278
229041
47719
367849
301762
602494
246076
369888
461103
364381
420529
531983
585140
191567
73144
631944
466753
1824
417964
321911
629998
499197
288695
428749
90019
314551
122515
629230
531378
111222
63271
174183
242173
12898
541924
543828
615286
25530
151245
411903
389805
571665
181411
212472
768
156463
179928
467406
60191
499800
26847
592098
236525
315432
258375
326439
629878
380781
193198
398784
491896
158376
572861
69584
171165
352315
515318
23979
377737
568470
435775
5070
377664
519094
217434
378319
11069
397255
181238
637549
134584
207981
565160
371002
523307
61064
32955
390714
441737
128059
125012
171165
188342
33384
142654
359401
287607
657866
383272
862
463863
56574
5819
177043
575562
223146
555252
488540
522308
638403
363617
656784
83909
166303
363301
607108
227260
298162
235351
4514
328128
360255
175572
516362
295546
318120
113293
583046
213514
496457
485810
12894
454943
491522
91843
268032
616576
549005
92086
474397
522916
357608
368709
606720
523806
67525
451357
86581
267595
22222
90987
595617
284385
168466
349508
481840
388493
462694
302419
601897
196679
123741
516700
651515
517170
510452
255060
469259
394969
249051
181183
155416
606555
549785
664044
367887
519220
352927
454361
24343
277060
447256
521867
561336
517630
206889
280709
241635
5096
583018
81061
103684
42273
499669
90712
461351
345634
247680
168138
642507
