1
3
8
14
24
36
54
74
101
119
146
184
208
242
270
302
340
385
439
491
551
629
711
757
814
874
949
1035
1125
1183
1266
1375
1448
1541
1624
1734
1873
2001
2162
2332
2469
2633
2780
2942
3137
3371
3599
3871
4102
4378
4705
4984
5275
5619
6017
6346
6403
6515
6686
6788
6849
6955
7052
7149
7293
7464
7682
7919
8224
8384
8557
8749
9001
9088
9221
9390
9561
9807
10106
10295
10459
10578
10730
10863
11058
11289
11470
11696
12008
12143
12347
12586
12887
13070
13330
13673
14003
14391
14799
15264
15788
16259
16798
17367
17472
17595
17803
18088
18249
18459
18747
19055
19434
19909
20492
21123
21865
22527
23278
23994
24799
25639
26318
26461
26627
26834
27151
27581
27871
28261
28651
29144
29630
29953
30296
30754
31092
31495
31907
32386
32932
33567
34263
35095
35795
36609
37525
38554
39697
40672
41735
42785
43957
44754
45594
46564
47508
48576
49766
51088
52304
52304
