Case #1: 1001 0?0?1?1?0?
Case #2: 1 0??
Case #3: 1010 0?1?0?0?1?
Case #4: 1001 0?1?1?1?0?
Case #5: 10 0???
Case #6: 0010 1?1?1?0?1?
Case #7: 0 1??
Case #8: 111111111111111111111111 0?0?0?0?0?0?0?0?0?0?0?0?0?0?0?0?0?0?0?0?0?0?0?0?0?
Case #9: 0101 1?0?1?0?0?
Case #10: 11111 0?0?0?0?0?0?
Case #11: 100 0?0?1?1?
Case #12: 0111 1?1?0?0?0?
Case #13: 0011 1?1?1?0?0?
Case #14: 10 0?0?1?
Case #15: 1010 0?0?1?0?1?
Case #16: 01011100100001100110000111010100100000101 1?1?0?1?0?0?0?1?1?0?1?1?1?1?0?0?1?1?0?0?1?1?1?1?0?0?0?1?0?1?0?1?1?0?1?1?1?1?1?0?1?0?
Case #17: 0 0?
Case #18: 10 0?1?1?
Case #19: 010 1?0?0?1?
Case #20: IMPOSSIBLE
Case #21: 1111111111111111111111111111111111111111111111111 0?0?0?0?0?0?0?0?0?0?0?0?0?0?0?0?0?0?0?0?0?0?0?0?0?0?0?0?0?0?0?0?0?0?0?0?0?0?0?0?0?0?0?0?0?0?0?0?0?0?
Case #22: 1111111111111111 0?0?0?0?0?0?0?0?0?0?0?0?0?0?0?0?0?
Case #23: 1111 0?0?0?0?0?
Case #24: 1 0?0?
Case #25: 101 0????
Case #26: 1011110101111011000010000000001010000100001010101 0?0?1?0?0?0?0?1?0?1?0?0?0?0?1?0?0?1?1?1?1?0?1?1?1?1?1?1?1?1?1?0?1?0?1?1?1?1?0?1?1?1?1?0?1?0?1?0?1?0?
Case #27: 000 1?1?1?1?
Case #28: 0101 1?????
Case #29: 1110 0?0?0?0?1?
Case #30: 0100 1?0?0?1?1?
Case #31: 101 0?1?1?0?
Case #32: 1010010101011111100001001010100000000110100010011 0?0?1?0?1?1?0?1?0?1?0?1?0?0?0?0?0?0?1?1?1?1?0?1?1?0?1?0?1?0?1?1?1?1?1?1?1?1?0?0?1?0?1?1?1?0?1?1?0?0?
Case #33: 11111 0?0?0?0?0?0?
Case #34: 0100 1?1?0?1?1?
Case #35: 0001011101000001001111110010010110000111000 1?1?1?1?0?1?0?0?0?1?0?1?1?1?1?1?0?1?1?0?0?0?0?0?0?1?1?0?1?1?0?1?0?0?1?1?1?1?0?0?0?1?1?1?
Case #36: 101101011101101001010111000110001000110110101000 0?1?1?0?0?1?0?1?0?0?0?1?0?0?1?0?1?1?0?1?0?1?0?0?0?1?1?1?0?0?1?1?1?0?1?1?1?0?0?1?0?0?1?0?1?0?1?1?1?
Case #37: 01 1?0?0?
Case #38: 100 0?1?1?1?
Case #39: 0100111100111111101010111011011100010000100011011 1?1?0?1?1?0?0?0?0?1?1?0?0?0?0?0?0?0?1?0?1?0?1?0?0?0?1?0?0?1?0?0?0?1?1?1?0?1?1?1?1?0?1?1?1?0?0?1?0?0?
Case #40: 0101110010010010100011110011101010111110011000100 1?0?1?0?0?0?0?1?1?0?1?1?0?1?1?0?1?0?1?1?1?0?0?0?0?1?1?0?0?0?1?0?1?0?1?0?0?0?0?0?1?1?0?0?1?1?1?0?1?1?
Case #41: 01001111011000000111010011111111110101110000 1?1?0?1?1?0?0?0?0?1?0?0?1?1?1?1?1?1?0?0?0?1?0?1?1?0?0?0?0?0?0?0?0?0?0?1?0?1?0?0?0?1?1?1?1?
Case #42: 0000 1?1?1?1?1?
Case #43: 1100 0?0?0?1?1?
Case #44: 0101 1?0?0?1?0?
Case #45: 0111 1?0?0?0?0?
Case #46: 1011 0?1?0?0?0?
Case #47: 0101 1?1?0?1?0?
Case #48: 1000 0?0?1?1?1?
Case #49: 010 1?0?0?1?
Case #50: 110100011000000100000111011010100100101100 0?0?0?1?0?1?1?1?0?0?1?1?1?1?1?1?0?1?1?1?1?1?0?0?0?1?0?0?1?0?1?0?1?1?0?1?1?0?1?0?0?1?1?
Case #51: 1 0?0?
Case #52: 01011 1?0?1?0?0?0?
Case #53: 1000000110100000100011110000000010111001010000110 0?0?1?1?1?1?1?1?0?0?1?0?1?1?1?1?1?0?1?1?1?0?0?0?0?1?1?1?1?1?1?1?1?0?1?0?0?0?1?1?0?1?0?1?1?1?1?0?0?1?
Case #54: 0110 1?1?0?0?1?
Case #55: 00 1?1?1?
Case #56: 01 1???
Case #57: 0110111000110100001111011010000100101111101010110 1?1?0?0?1?0?0?0?1?1?1?0?0?1?0?1?1?1?1?0?0?0?0?1?0?0?1?0?1?1?1?1?0?1?1?0?1?0?0?0?0?0?1?0?1?0?1?0?0?1?
Case #58: 010 1????
Case #59: 1101 0?0?0?1?0?
Case #60: 110 0?0?0?1?
Case #61: 0001 1?1?1?1?0?
Case #62: 1010 0?1?0?1?1?
Case #63: IMPOSSIBLE
Case #64: 1010010001000101011011011101111100000110101110 0?1?0?1?1?1?0?1?1?1?0?1?1?1?0?1?0?1?0?0?1?0?0?1?0?0?0?1?0?0?0?0?0?1?1?1?1?1?0?0?1?0?1?0?0?0?1?
Case #65: 010 1?1?0?1?
Case #66: 111 0?0?0?0?
Case #67: 1000 0?1?1?1?1?
Case #68: 11111111111111111111111111111111111111 0?0?0?0?0?0?0?0?0?0?0?0?0?0?0?0?0?0?0?0?0?0?0?0?0?0?0?0?0?0?0?0?0?0?0?0?0?0?0?
Case #69: 010 1?0?1?1?
Case #70: 1 0?0?
Case #71: 111 0?0?0?0?
Case #72: 101010001001000000110001111011110100001101111010 0?1?1?0?1?0?1?1?1?0?1?1?0?1?1?1?1?1?1?0?0?1?1?1?0?0?0?0?1?0?0?0?0?1?0?1?1?1?1?0?0?1?0?0?0?0?1?0?1?
Case #73: 11 0?0?0?
Case #74: 001 1?1?1?0?
Case #75: 0101 1?0?1?1?0?
Case #76: 1111111111111111111111111111111111111111111111111 0?0?0?0?0?0?0?0?0?0?0?0?0?0?0?0?0?0?0?0?0?0?0?0?0?0?0?0?0?0?0?0?0?0?0?0?0?0?0?0?0?0?0?0?0?0?0?0?0?0?
Case #77: 011 1?0?0?0?
Case #78: 1 1?
Case #79: 01 1?1?0?
Case #80: 0110 1?0?0?0?1?
Case #81: 111111111111111111111111111 0?0?0?0?0?0?0?0?0?0?0?0?0?0?0?0?0?0?0?0?0?0?0?0?0?0?0?0?
Case #82: 0100110100011110100001100100000100111000001100110 1?1?0?1?1?0?0?1?0?1?1?1?0?0?0?0?1?0?1?1?1?1?0?0?1?1?0?1?1?1?1?1?0?1?1?0?0?0?1?1?1?1?1?0?0?1?1?0?0?1?
Case #83: 1001011000100001001111010110100110100100100110110 0?1?1?1?0?1?0?0?1?1?1?0?1?1?1?1?0?1?1?0?0?0?0?1?0?1?0?0?1?0?1?1?0?0?1?0?1?1?0?1?1?0?1?1?0?0?1?0?0?1?
Case #84: 01101000111101101001011111100011111010101010010 1?0?0?0?1?0?1?1?1?0?0?0?0?1?0?0?1?0?1?1?0?1?0?0?0?0?0?0?1?1?1?0?0?0?0?0?1?0?1?0?1?0?1?0?1?1?0?1?
Case #85: 111111111111111111111111111111111111111111111111 0?0?0?0?0?0?0?0?0?0?0?0?0?0?0?0?0?0?0?0?0?0?0?0?0?0?0?0?0?0?0?0?0?0?0?0?0?0?0?0?0?0?0?0?0?0?0?0?0?
Case #86: 1011 0?0?1?0?0?
Case #87: 011 1?1?0?0?
Case #88: 1010 0?????
Case #89: 010100010111000100000101101111111001100010010 1?1?0?1?0?1?1?1?0?1?0?0?0?1?1?1?0?1?1?1?1?1?0?1?0?0?1?0?0?0?0?0?0?0?1?1?0?0?1?1?1?0?1?1?0?1?
Case #90: 10110 0?1?0?0?0?1?
Case #91: 101 0?0?1?0?
Case #92: 1010 0?1?1?0?1?
Case #93: 1011 0?1?1?0?0?
Case #94: 0 1?1?
Case #95: 11 0?0?0?
Case #96: 0100 1?0?1?1?1?
Case #97: 1011101000111100101100000110111111100011 0?1?1?0?0?0?1?0?1?1?1?0?0?0?0?1?1?0?1?0?0?1?1?1?1?1?0?0?1?0?0?0?0?0?0?0?1?1?1?0?0?
Case #98: 00000 1?1?1?1?1?1?
Case #99: 101 0?1?0?0?
Case #100: 1010110011110001001100001011110111000110011000 0?0?1?0?1?0?0?1?1?0?0?0?0?1?1?1?0?1?1?0?0?1?1?1?1?0?1?0?0?0?0?1?0?0?0?1?1?1?0?0?1?1?0?0?1?1?1?
