Case #1:
GCJ
GCJ
GCJ
Case #2:
CODE
CODE
CJAM
Case #3:
CA
KE
Case #4:
DC
AB
Case #5:
AAAAAAAACDEEEEEEFJJJJGGGG
AAAAAAAACDEEEEEEFJJJJGGGG
AAAAAAAACDEEEEEEFJJJJGGGG
AAAAAAAACDEEEEEEFJJJJGGGG
AAAAAAAACDEEEEEEFJJJJGGGG
AAAAAAAACDEEEEEEFJJJJGGGG
BBBBBBBBCDEEEEEEFJJJJGGGG
BBBBBBBBCDEEEEEEFJJJJGGGG
BBBBBBBBCDEEEEEEFJJJJGGGG
BBBBBBBBCDEEEEEEFJJJJGGGG
BBBBBBBBCDEEEEEEFJJJJGGGG
BBBBBBBBCDEEEEEEFJJJJGGGG
BBBBBBBBCDEEEEEEFJJJJGGGG
BBBBBBBBCDEEEEEEFJJJJGGGG
BBBBBBBBCDEEEEEEFJJJJGGGG
BBBBBBBBCDEEEEEEFJJJJGGGG
BBBBBBBBCDEEEEEEFJJJJGGGG
BBBBBBBBCDEEEEEEFJJJJGGGG
BBBBBBBBCDEEEEEEFJJJJGGGG
BBBBBBBBCDEEEEEEFJJJJGGGG
BBBBBBBBCDEEEEEEHJJJJGGGG
BBBBBBBBCDEEEEEEHJJJJIIII
BBBBBBBBCDEEEEEEHJJJJIIII
BBBBBBBBCDEEEEEEHJJJJIIII
BBBBBBBBCDEEEEEEHJJJJIIII
Case #6:
DDDDDDDDDDDDDDDDDSEKLMTWW
DDDDDDDDDDDDDDDDDSEKLMTWW
DDDDDDDDDDDDDDDDDSEKLMTWW
DDDDDDDDDDDDDDDDDSEKLMTWW
DDDDDDDDDDDDDDDDDSEKLMTWW
DDDDDDDDDDDDDDDDDSEKLMTWW
DDDDDDDDDDDDDDDDDSEKLMTWW
DDDDDDDDDDDDDDDDDSEKLMTWW
DDDDDDDDDDDDDDDDDSEKLMTWW
DDDDDDDDDDDDDDDDDSEKLMTWW
DDDDDDDDDDDDDDDDDSEKLMTWW
DDDDDDDDDDDDDDDDDSEKLMTWW
DDDDDDDDDDDDDDDDDSEKLMTWW
DDDDDDDDDDDDDDDDDSEKLMTWW
DDDDDDDDDDDDDDDDDSEKLMTWW
DDDDDDDDDDDDDDDDDSEZHPTWW
DDDDDDDDDDDDDDDDDSEOUXTWW
DDDDDDDDDDDDDDDDDCRVUGTWW
DDDDDDDDDDDDDDDDDCIVJYTWW
DDDDDDDDDDDDDDDDDCIVBYAFF
DDDDDDDDDDDDDDDDDCIVBNAFF
DDDDDDDDDDDDDDDDDCIQBNAFF
DDDDDDDDDDDDDDDDDCIQBNAFF
DDDDDDDDDDDDDDDDDCIQBNAFF
DDDDDDDDDDDDDDDDDCIQBNAFF
Case #7:
GGGANSIVTQQBULOYYRRRFJXHH
GGGANSIVTQQBULOYYRRRFJXHH
GGGANSIVTQQBULOYYRRRFJXHH
GGGANSIVTQQBULOYYRRRFJXHH
GGGANSIVTQQBULOYYRRRFJXHH
GGGANSIVTQQBULOYYRRRFJXHH
GGGANSIVTQQBULOYYRRRFJXHH
GGGANSIVTQQBULOYYRRRFJXEE
GGGANSIVTQQBULOYYRRRFJXEE
GGGANSIVTQQBULOYYRRRFJXEE
GGGANSIVTQQBULOYYKKKFJXEE
GGGANSIVTQQBULOYYKKKFJXEE
GGGANSIVTQQBULOYYKKKFJXEE
GGGANSIVTDDBULOYYKKKFJXEE
GGGANSIVTDDBULOYYKKKFJXEE
GGGANSIVTDDBULOYYKKKFJXEE
GGGZNSIVTDDBULOYYKKKFJXEE
GGGZNSIVTDDBULOYYKKKFJXEE
GGGZNSIVWDDBULOYYKKKFJXEE
GGGZNSIVWDDBULOYYKKKFJXEE
GGGZNSIVWDDBULOYYKKKFJXEE
GGGZNSIVWDDPULOYYKKKFJXEE
MMMZNSIVWDDPULOYYKKKFJCEE
MMMZNSIVWDDPULOYYKKKFJCEE
MMMZNSIVWDDPULOYYKKKFJCEE
Case #8:
WGQRHDUEJATVXXXXXXXXXXXXX
WGQRHDUEJATVXXXXXXXXXXXXX
WGQRHDUEJATVXXXXXXXXXXXXX
WGQRHDUEJATVXXXXXXXXXXXXX
WGQRHDUEJATVXXXXXXXXXXXXX
WGQRHDUEJATVXXXXXXXXXXXXX
WGQRHDUEJATVXXXXXXXXXXXXX
WGQRHDUEJATVXXXXXXXXXXXXX
WGQRHDUEJATVXXXXXXXXXXXXX
WGQRHDUEJATVXXXXXXXXXXXXX
WGQRHDUEJATVXXXXXXXXXXXXX
WGQRHDUEJATVXXXXXXXXXXXXX
WGQRHDUEJATVXXXXXXXXXXXXX
WGQRHDUEJATVXXXXXXXXXXXXX
WGQRHDUEJATVXXXXXXXXXXXXX
WGQRHDUEJATVXXXXXXXXXXXXX
WGQRHDUEJATVXXXXXXXXXXXXX
WGQRHDUEJATVXXXXXXXXXXXXX
WGQRHDUEJATVXXXXXXXXXXXXX
WGQRHDUEJATVXXXXXXXXXXXXX
WGQRHDYEOATVXXXXXXXXXXXXX
WGQRHDFEOATVXXXXXXXXXXXXX
WGQMHKPEOCTVXXXXXXXXXXXXX
WGQMHKPNOCTVXXXXXXXXXXXXX
WGQMZISLBCTVXXXXXXXXXXXXX
Case #9:
AAAAAAAAAAAAAAAAAAAAAAAAA
BBBBBBBBBBBBBBBBBBBBBBBBB
CCCCCCCCCCCCCCCCCCCCCCCCC
DDDDDDDDDDDDDDDDDDDDDDDDD
EEEEEEEEEEEEEEEEEEEEEEEEE
FFFFFFFFFFFFFFFFFFFFFFFFF
GGGGGGGGGGGGGGGGGGGGGGGGG
HHHHHHHHHHHHHHHHHHHHHHHHH
IIIIIIIIIIIIIIIIIIIIIIIII
JJJJJJJJJJJJJJJJJJJJJJJJJ
KKKKKKKKKKKKKKKKKKKKKKKKK
LLLLLLLLLLLLLLLLLLLLLLLLL
MMMMMMMMMMMMMMMMMMMMMMMMM
NNNNNNNNNNNNNNNNNNNNNNNNN
OOOOOOOOOOOOOOOOOOOOOOOOO
PPPPPPPPPPPPPPPPPPPPPPPPP
QQQQQQQQQQQQQQQQQQQQQQQQQ
RRRRRRRRRRRRRRRRRRRRRRRRR
SSSSSSSSSSSSSSSSSSSSSSSSS
TTTTTTTTTTTTTTTTTTTTTTTTT
UUUUUUUUUUUUUUUUUUUUUUUUU
VVVVVVVVVVVVVVVVVVVVVVVVV
WWWWWWWWWWWWWWWWWWWWWWWWW
XXXXXXXXXXXXXXXXXXXXXXXXX
YYYYYYYYYYYYYYYYYYYYYYYYY
Case #10:
AAAAEEEEBBBBBBBBFHIJJJJJJ
AAAAEEEEBBBBBBBBFHIJJJJJJ
AAAAEEEEBBBBBBBBFHIJJJJJJ
AAAAEEEEBBBBBBBBFHIJJJJJJ
AAAAEEEEBBBBBBBBFHIJJJJJJ
AAAAEEEEBBBBBBBBFHIJJJJJJ
AAAAEEEEBBBBBBBBFHIJJJJJJ
CCCCEEEEBBBBBBBBFHIJJJJJJ
CCCCEEEEDDDDDDDDFHIJJJJJJ
CCCCEEEEDDDDDDDDFHIJJJJJJ
CCCCEEEEDDDDDDDDFHIJJJJJJ
CCCCEEEEDDDDDDDDFHIJJJJJJ
CCCCEEEEDDDDDDDDFHIJJJJJJ
CCCCEEEEDDDDDDDDFHIJJJJJJ
CCCCEEEEDDDDDDDDFHIJJJJJJ
CCCCEEEEDDDDDDDDFHIJJJJJJ
CCCCEEEEDDDDDDDDFHIJJJJJJ
CCCCEEEEDDDDDDDDFHIJJJJJJ
CCCCEEEEDDDDDDDDFHIJJJJJJ
CCCCEEEEDDDDDDDDFHIJJJJJJ
CCCCEEEEDDDDDDDDFHIJJJJJJ
CCCCEEEEDDDDDDDDGHIJJJJJJ
CCCCEEEEDDDDDDDDGHIJJJJJJ
CCCCEEEEDDDDDDDDGHIJJJJJJ
CCCCEEEEDDDDDDDDGHIJJJJJJ
Case #11:
A
A
Case #12:
EEEEBHSGZNXOOOUQIIIAKLLYM
EEEEBHSGZNXOOOUQIIIAKLLYM
EEEEBHSGZNXOOOUQIIIAKLLYM
EEEEBHSGZNXOOOUQIIIAKLLYM
EEEEBHSGZNXOOOUQIIIAKLLYM
EEEEBHSGZNXOOOUQIIIAKLLYM
EEEEBHSGZNXOOOUQIIIAKLLYM
EEEEBHSGZNXOOOUQIIIAKLLYM
EEEEBHSGZNXPPPUQIIIAKLLYM
EEEEBHSGZNXPPPUDIIIAKLLYR
EEEEBHSGZNXPPPUDIIIAKLLYR
EEEEBHSGZNXPPPUDIIIAKLLYR
EEEEBHSGZNXPPPUDIIIAKLLYR
EEEEBHSGZNXPPPUDIIIAKLLYR
EEEEBHSGZTXPPPUDIIIAKLLYR
EEEEBHSGZTXPPPUDIIIAKLLYR
EEEEBHSGZTXPPPUDIIIAKLLYR
EEEEBHSGZTXPPPUJIIIAKLLYR
EEEEBHSGZTXPPPUJIIIAKLLYR
EEEEVHSGZTWPPPUJIIIAKLLYR
EEEEVHSGZTWPPPUJIIIAKLLYR
EEEEVCSGZTWPPPUJIIIAKLLYR
EEEEVCSGZTWPPPUJIIIAKLLYR
EEEEVCSGZTFPPPUJIIIAKLLYR
EEEEVCSGZTFPPPUJIIIAKLLYR
Case #13:
YYGGNFHHHCZZZIOXXPASRULEM
YYGGNFHHHCZZZIOXXPASRULEM
YYGGNFHHHCZZZIOXXPASRULEM
YYGGNFHHHCZZZIOXXPASRULEM
YYGGNFHHHCZZZIOXXPASRULEM
YYGGNFHHHCZZZIOXXPASRULEM
YYGGNFHHHCZZZIOXXPASRULEM
YYGGNFHHHCZZZIOXXPASRULEM
YYDDNFHHHCZZZIOXXPASRULEM
YYDDNFHHHCZZZIOXXPASRULEM
YYDDTFHHHCZZZIOXXPASRULEM
YYDDTFHHHCZZZIOXXPASRULEM
YYDDTFHHHCZZZIOXXPASRULEM
YYDDTFHHHVZZZIOXXPASRULEM
YYDDTFHHHVZZZIOXXPASRULEM
YYDDTFHHHVZZZIOXXPASRULEM
YYDDTFKKKVZZZIOXXPASRULEM
YYDDTFKKKVZZZIOXXPASRULEM
YYDDTFKKKVZZZIOXXPASRULEM
YYDDTFKKKVZZZIOXXPASRULEM
YYDDBFKKKVZZZIOXXPASRULEM
YYDDBFKKKVZZZIOXXPASRULEM
YYDDBFKKKVJJJIOXXPASRUQEM
YYDDBFKKKVJJJIOXXPASRUQEM
WWDDBFKKKVJJJIOXXPASRUQEM
Case #14:
AEEEEBBBBBBBBBBBFHIJJJJJJ
AEEEEBBBBBBBBBBBFHIJJJJJJ
AEEEEBBBBBBBBBBBFHIJJJJJJ
AEEEEBBBBBBBBBBBFHIJJJJJJ
AEEEEBBBBBBBBBBBFHIJJJJJJ
CEEEEBBBBBBBBBBBFHIJJJJJJ
CEEEEDDDDDDDDDDDFHIJJJJJJ
CEEEEDDDDDDDDDDDFHIJJJJJJ
CEEEEDDDDDDDDDDDFHIJJJJJJ
CEEEEDDDDDDDDDDDFHIJJJJJJ
CEEEEDDDDDDDDDDDFHIJJJJJJ
CEEEEDDDDDDDDDDDFHIJJJJJJ
CEEEEDDDDDDDDDDDFHIJJJJJJ
CEEEEDDDDDDDDDDDFHIJJJJJJ
CEEEEDDDDDDDDDDDFHIJJJJJJ
CEEEEDDDDDDDDDDDFHIJJJJJJ
CEEEEDDDDDDDDDDDFHIJJJJJJ
CEEEEDDDDDDDDDDDFHIJJJJJJ
CEEEEDDDDDDDDDDDFHIJJJJJJ
CEEEEDDDDDDDDDDDFHIJJJJJJ
CEEEEDDDDDDDDDDDFHIJJJJJJ
CEEEEDDDDDDDDDDDFHIJJJJJJ
CEEEEDDDDDDDDDDDGHIJJJJJJ
CEEEEDDDDDDDDDDDGHIJJJJJJ
CEEEEDDDDDDDDDDDGHIJJJJJJ
Case #15:
HDDAAEEMMBBBFFFCCCKKGILJJ
Case #16:
AACDEEEEEEEEEEEEEEEEEEEEE
AACDEEEEEEEEEEEEEEEEEEEEE
AACDEEEEEEEEEEEEEEEEEEEEE
AACDEEEEEEEEEEEEEEEEEEEEE
AACDEEEEEEEEEEEEEEEEEEEEE
AACDEEEEEEEEEEEEEEEEEEEEE
AACDEEEEEEEEEEEEEEEEEEEEE
AACDEEEEEEEEEEEEEEEEEEEEE
AACDEEEEEEEEEEEEEEEEEEEEE
BBCDEEEEEEEEEEEEEEEEEEEEE
BBCDEEEEEEEEEEEEEEEEEEEEE
BBCDEEEEEEEEEEEEEEEEEEEEE
BBCDEEEEEEEEEEEEEEEEEEEEE
BBCDEEEEEEEEEEEEEEEEEEEEE
BBCDEEEEEEEEEEEEEEEEEEEEE
BBCDEEEEEEEEEEEEEEEEEEEEE
BBCDEEEEEEEEEEEEEEEEEEEEE
BBCDEEEEEEEEEEEEEEEEEEEEE
BBCDEEEEEEEEEEEEEEEEEEEEE
BBCDEEEEEEEEEEEEEEEEEEEEE
BBCDEEEEEEEEEEEEEEEEEEEEE
BBCDEEEEEEEEEEEEEEEEEEEEE
BBCDEEEEEEEEEEEEEEEEEEEEE
BBCDEEEEEEEEEEEEEEEEEEEEE
BBCDEEEEEEEEEEEEEEEEEEEEE
Case #17:
NNNNNWWHYRMXCLTFGGDJAEIBB
UUUUUWWHYRMXCLTFSSDJAEIBB
UUUUUWWHYRMXCLTFSSDJAEIBB
UUUUUWWHYRMXCLTFSSDJAEIBB
UUUUUWWHYRMXCLTFSSDJAEIBB
UUUUUWWHYRMXCLTFSSDJAEIBB
UUUUUQQHYRMXCLTFSSDJAEIBB
UUUUUQQHYRMXCLTFSSDJAEIBB
UUUUUQQHYRMXCLZFSSDJAEIBB
UUUUUQQHYRMXCLZFSSDJAEOBB
UUUUUQQHYRMXCLZFSSDJAEOBB
UUUUUQQHYRMXCLZFKKDJAEOBB
UUUUUQQHYRMXCLZFKKDJAEOBB
UUUUUQQHYRMXCLZFKKDJAEOBB
UUUUUQQHYRMXCLVFKKDJAEOBB
UUUUUQQHYRMXCLVFKKDJAEOBB
UUUUUQQHYRMXCLVFKKDJAEOBB
UUUUUQQHYRMXCLVFKKDJAEOBB
UUUUUQQHYRMXCLVFKKDJAEOBB
UUUUUQQHYRMXCLVFKKDJAEOBB
UUUUUQQHYRMXCLVFKKDJAEOBB
UUUUUQQHYRMXCLVFKKDJAEOBB
UUUUUQQHYRMXCLVPKKDJAEOBB
UUUUUQQHYRMXCLVPKKDJAEOBB
UUUUUQQHYRMXCLVPKKDJAEOBB
Case #18:
FFFFFFFFFFFFFYPUXWWWQRTOS
ZZZZZZZZZZZZZYPUXWWWQRTOS
ZZZZZZZZZZZZZYPUXWWWQRTOS
NNNNNNNNNNNNNYPUXWWWDRTOS
NNNNNNNNNNNNNGPUXEEEDRTOS
NNNNNNNNNNNNNGPUXBBBDRJOS
NNNNNNNNNNNNNGPUMBBBDRJVS
NNNNNNNNNNNNNGPUMBBBDKJVS
NNNNNNNNNNNNNGPUMBBBDKHVS
NNNNNNNNNNNNNGPUMBBBDKHAS
NNNNNNNNNNNNNGPUMBBBDKHLI
NNNNNNNNNNNNNGPUMBBBDKCLI
NNNNNNNNNNNNNGPUMBBBDKCLI
NNNNNNNNNNNNNGPUMBBBDKCLI
NNNNNNNNNNNNNGPUMBBBDKCLI
NNNNNNNNNNNNNGPUMBBBDKCLI
NNNNNNNNNNNNNGPUMBBBDKCLI
NNNNNNNNNNNNNGPUMBBBDKCLI
NNNNNNNNNNNNNGPUMBBBDKCLI
NNNNNNNNNNNNNGPUMBBBDKCLI
NNNNNNNNNNNNNGPUMBBBDKCLI
NNNNNNNNNNNNNGPUMBBBDKCLI
NNNNNNNNNNNNNGPUMBBBDKCLI
NNNNNNNNNNNNNGPUMBBBDKCLI
NNNNNNNNNNNNNGPUMBBBDKCLI
Case #19:
AEEEEBBBBBBBBBBBBBBBBBBBB
AEEEEBBBBBBBBBBBBBBBBBBBB
AEEEEBBBBBBBBBBBBBBBBBBBB
AEEEEBBBBBBBBBBBBBBBBBBBB
AEEEEBBBBBBBBBBBBBBBBBBBB
AEEEEBBBBBBBBBBBBBBBBBBBB
AEEEEBBBBBBBBBBBBBBBBBBBB
AEEEEBBBBBBBBBBBBBBBBBBBB
AEEEEBBBBBBBBBBBBBBBBBBBB
CEEEEBBBBBBBBBBBBBBBBBBBB
CEEEEDDDDDDDDDDDDDDDDDDDD
CEEEEDDDDDDDDDDDDDDDDDDDD
CEEEEDDDDDDDDDDDDDDDDDDDD
CEEEEDDDDDDDDDDDDDDDDDDDD
CEEEEDDDDDDDDDDDDDDDDDDDD
CEEEEDDDDDDDDDDDDDDDDDDDD
CEEEEDDDDDDDDDDDDDDDDDDDD
CEEEEDDDDDDDDDDDDDDDDDDDD
CEEEEDDDDDDDDDDDDDDDDDDDD
CEEEEDDDDDDDDDDDDDDDDDDDD
CEEEEDDDDDDDDDDDDDDDDDDDD
CEEEEDDDDDDDDDDDDDDDDDDDD
CEEEEDDDDDDDDDDDDDDDDDDDD
CEEEEDDDDDDDDDDDDDDDDDDDD
CEEEEDDDDDDDDDDDDDDDDDDDD
Case #20:
AAAAAAAAAAAAAAAAAAAAAAAAA
BBBBBBBBBBBBBBBBBBBBBBBBB
CCCCCCCCCCCCCCCCCCCCCCCCC
DDDDDDDDDDDDDDDDDDDDDDDDD
EEEEEEEEEEEEEEEEEEEEEEEEE
FFFFFFFFFFFFFFFFFFFFFFFFF
GGGGGGGGGGGGGGGGGGGGGGGGG
HHHHHHHHHHHHHHHHHHHHHHHHH
IIIIIIIIIIIIIIIIIIIIIIIII
JJJJJJJJJJJJJJJJJJJJJJJJJ
KKKKKKKKKKKKKKKKKKKKKKKKK
LLLLLLLLLLLLLLLLLLLLLLLLL
MMMMMMMMMMMMMMMMMMMMMMMMM
NNNNNNNNNNNNNNNNNNNNNNNNN
OOOOOOOOOOOOOOOOOOOOOOOOO
PPPPPPPPPPPPPPPPPPPPPPPPP
QQQQQQQQQQQQQQQQQQQQQQQQQ
RRRRRRRRRRRRRRRRRRRRRRRRR
SSSSSSSSSSSSSSSSSSSSSSSSS
TTTTTTTTTTTTTTTTTTTTTTTTT
UUUUUUUUUUUUUUUUUUUUUUUUU
VVVVVVVVVVVVVVVVVVVVVVVVV
WWWWWWWWWWWWWWWWWWWWWWWWW
XXXXXXXXXXXXXXXXXXXXXXXXX
YYYYYYYYYYYYYYYYYYYYYYYYY
Case #21:
QQQQQQQQQQQCCCGHRZLLTMBKK
QQQQQQQQQQQCCCGHRZLLTMBKK
QQQQQQQQQQQCCCGHRZLLTMBKK
QQQQQQQQQQQCCCGHRZLLTMBKK
QQQQQQQQQQQCCCGHRZLLTMBKK
QQQQQQQQQQQCCCGHRZLLTMBKK
QQQQQQQQQQQCCCGHRZLLTMBKK
QQQQQQQQQQQCCCJHRZLLFMBKK
QQQQQQQQQQQCCCJHRZLLSMBKK
QQQQQQQQQQQCCCJHRZLLSMBKK
QQQQQQQQQQQCCCOHRZLLSMBKK
YYYYYYYYYYYCCCOPRZXXEMBKK
YYYYYYYYYYYCCCIPRWXXEMBKK
YYYYYYYYYYYCCCIPUWXXDMBKK
YYYYYYYYYYYCCCVPUWAADMBKK
YYYYYYYYYYYCCCVPUWAADMBKK
YYYYYYYYYYYCCCVPUNAADMBKK
YYYYYYYYYYYCCCVPUNAADMBKK
YYYYYYYYYYYCCCVPUNAADMBKK
YYYYYYYYYYYCCCVPUNAADMBKK
YYYYYYYYYYYCCCVPUNAADMBKK
YYYYYYYYYYYCCCVPUNAADMBKK
YYYYYYYYYYYCCCVPUNAADMBKK
YYYYYYYYYYYCCCVPUNAADMBKK
YYYYYYYYYYYCCCVPUNAADMBKK
Case #22:
AEEEEBBBBBBBBFHIJJJJJJJJJ
AEEEEBBBBBBBBFHIJJJJJJJJJ
CEEEEBBBBBBBBFHIJJJJJJJJJ
CEEEEDDDDDDDDFHIJJJJJJJJJ
CEEEEDDDDDDDDFHIJJJJJJJJJ
CEEEEDDDDDDDDFHIJJJJJJJJJ
CEEEEDDDDDDDDFHIJJJJJJJJJ
CEEEEDDDDDDDDFHIJJJJJJJJJ
CEEEEDDDDDDDDFHIJJJJJJJJJ
CEEEEDDDDDDDDFHIJJJJJJJJJ
CEEEEDDDDDDDDFHIJJJJJJJJJ
CEEEEDDDDDDDDFHIJJJJJJJJJ
CEEEEDDDDDDDDFHIJJJJJJJJJ
CEEEEDDDDDDDDFHIJJJJJJJJJ
CEEEEDDDDDDDDFHIJJJJJJJJJ
CEEEEDDDDDDDDFHIJJJJJJJJJ
CEEEEDDDDDDDDFHIJJJJJJJJJ
CEEEEDDDDDDDDFHIJJJJJJJJJ
CEEEEDDDDDDDDFHIJJJJJJJJJ
CEEEEDDDDDDDDFHIJJJJJJJJJ
CEEEEDDDDDDDDFHIJJJJJJJJJ
CEEEEDDDDDDDDGHIJJJJJJJJJ
CEEEEDDDDDDDDGHIJJJJJJJJJ
CEEEEDDDDDDDDGHIJJJJJJJJJ
CEEEEDDDDDDDDGHIJJJJJJJJJ
Case #23:
G
G
G
A
E
J
J
J
D
D
D
H
L
F
M
M
M
M
C
C
C
B
K
K
I
Case #24:
AAZZVVCDDDSQUTOEGXBPHJFRR
AAZZVVCDDDSQUTOEGXBPHJFRR
AAZZVVCDDDSQUTOEGXBPHJFRR
AAZZVVCDDDSQUTOEGXBPHJFRR
AAZZVVCDDDSQUTOEGXBPHJFRR
AAZZVVCDDDSQUTOEGXBPHJFRR
AAZZVVCDDDSQUTOEGXBPHJFRR
AAZZVVCDDDSQUTOEGXBPHJFRR
AAZZVVCDDDSQUTOEGXBPHJFRR
AAZZVVCDDDSQUTOEGXBPHJFRR
AAZZVVCDDDSQUTOEGXBPHJFRR
AAZZVVCDDDSQUTOEGXBPHJFRR
AAZZVVCDDDSQUTNEGXBPHJFRR
AAZZVVCDDDSQUTNEGXBPHJFRR
AAZZVVCDDDSQUTNEGXBPHJFRR
AAZZVVCDDDSQUTNEGLBPHJFRR
AAZZVVCDDDSQUTNEGLBPHJFRR
AAZZVVCDDDSQUTNEWLBIHJFRR
AAZZVVCDDDSQUTNEWLBIHJFRR
AAZZVVCDDDSQUTNEWLBYHJFRR
AAZZVVCDDDSQUTNEWLBYHJFRR
AAZZVVCDDDSQUTNEWLBYHJFRR
AAZZVVCDDDSQUTNEWLBYHJFRR
AAZZVVCDDDSQUTNEWLBYHJFRR
AAZZVVCKKKSQMTNEWLBYHJFRR
Case #25:
ABCDEFGHIJKLMNOPQRSTUVWXY
ABCDEFGHIJKLMNOPQRSTUVWXY
ABCDEFGHIJKLMNOPQRSTUVWXY
ABCDEFGHIJKLMNOPQRSTUVWXY
ABCDEFGHIJKLMNOPQRSTUVWXY
ABCDEFGHIJKLMNOPQRSTUVWXY
ABCDEFGHIJKLMNOPQRSTUVWXY
ABCDEFGHIJKLMNOPQRSTUVWXY
ABCDEFGHIJKLMNOPQRSTUVWXY
ABCDEFGHIJKLMNOPQRSTUVWXY
ABCDEFGHIJKLMNOPQRSTUVWXY
ABCDEFGHIJKLMNOPQRSTUVWXY
ABCDEFGHIJKLMNOPQRSTUVWXY
ABCDEFGHIJKLMNOPQRSTUVWXY
ABCDEFGHIJKLMNOPQRSTUVWXY
ABCDEFGHIJKLMNOPQRSTUVWXY
ABCDEFGHIJKLMNOPQRSTUVWXY
ABCDEFGHIJKLMNOPQRSTUVWXY
ABCDEFGHIJKLMNOPQRSTUVWXY
ABCDEFGHIJKLMNOPQRSTUVWXY
ABCDEFGHIJKLMNOPQRSTUVWXY
ABCDEFGHIJKLMNOPQRSTUVWXY
ABCDEFGHIJKLMNOPQRSTUVWXY
ABCDEFGHIJKLMNOPQRSTUVWXY
ABCDEFGHIJKLMNOPQRSTUVWXY
Case #26:
AAAAAAAAAAAAAAAAAACHFUQSV
AAAAAAAAAAAAAAAAAACHFUQSV
AAAAAAAAAAAAAAAAAACHFUQSV
AAAAAAAAAAAAAAAAAACHFUQSV
AAAAAAAAAAAAAAAAAACHFUQSV
AAAAAAAAAAAAAAAAAACHFUQSV
AAAAAAAAAAAAAAAAAACHFUQSV
AAAAAAAAAAAAAAAAAACHFUQSV
AAAAAAAAAAAAAAAAAACHFUQSV
AAAAAAAAAAAAAAAAAACHFUQSV
AAAAAAAAAAAAAAAAAACHFUQSV
AAAAAAAAAAAAAAAAAACHFUQSV
AAAAAAAAAAAAAAAAAACHFUQSV
AAAAAAAAAAAAAAAAAACHFUQSV
AAAAAAAAAAAAAAAAAACHIUQSV
AAAAAAAAAAAAAAAAAACXIUQSV
AAAAAAAAAAAAAAAAAACXTUWSV
AAAAAAAAAAAAAAAAAACXTZGSM
AAAAAAAAAAAAAAAAAAYXPODSB
AAAAAAAAAAAAAAAAAAYXNOLSB
AAAAAAAAAAAAAAAAAAYXJELSB
AAAAAAAAAAAAAAAAAAYKRELSB
AAAAAAAAAAAAAAAAAAYKRELSB
AAAAAAAAAAAAAAAAAAYKRELSB
AAAAAAAAAAAAAAAAAAYKRELSB
Case #27:
VYXWQQZZMHLLCGGGGUBBBODIK
VYXWQQZZMHLLCGGGGUBBBODIK
VYXWQQZZMHLLCGGGGUBBBODIK
VYXWQQZZMHLLCGGGGUBBBODIK
VYXWQQZZMHLLCGGGGUBBBODIK
VYXWQQZZMHLLCGGGGUBBBODIK
VYXWQQZZMHLLCGGGGUBBBODIK
VYXWQQZZMHLLCGGGGUBBBODIK
VYXWQQZZMHLLCGGGGUBBBODIK
VYXWQQZZMHLLCGGGGUBBBODIK
VYXWQQZZMHLLCGGGGUBBBODIK
VYXWQQZZMHLLCGGGGUBBBODIK
VYXWQQZZMHLLCGGGGUBBBODIK
VYXWQQZZMHLLCGGGGUBBBODIK
VYXWQQZZMHLLCGGGGUBBBODIK
VYXWQQZZNHLLCGGGGUBBBODIK
VYXWQQZZNHLLCGGGGUBBBODIK
VYXWQQZZNHLLCFFFFUBBBODIK
VYXWQQZZNHLLCEEEEUBBBODIK
VYXWQQZZNHLLCJJJJUBBBORIK
VYXWQQZZNHLLCJJJJUBBBORIP
VYXWQQZZNHLLCJJJJUSSSORIP
VYXWQQZZNHLLCJJJJUAAAORIP
VYXWQQZZNHLLCJJJJUAAAORIP
VYXWTTZZNHLLCJJJJUAAAORIP
Case #28:
AA
Case #29:
BNAYTEKUQXDZCLWJRRHPIVMMM
BNAYTEKUQSDFCLWJOOHPIGMMM
Case #30:
EEEEEEEEEEEEEEEWDDZTRFGNU
EEEEEEEEEEEEEEEWDDZTRFGNU
EEEEEEEEEEEEEEEWDDZTRFGNU
EEEEEEEEEEEEEEEWDDZTRFGNU
EEEEEEEEEEEEEEEWDDZTRFGNU
EEEEEEEEEEEEEEEWDDZTRFGNU
EEEEEEEEEEEEEEEWDDZTRFGNU
EEEEEEEEEEEEEEEWDDZTRFGNU
EEEEEEEEEEEEEEEWDDZTRFGNU
EEEEEEEEEEEEEEEWDDZTRFGMU
EEEEEEEEEEEEEEEWDDITRFPMU
EEEEEEEEEEEEEEEWDDITRFPMU
EEEEEEEEEEEEEEEWDDITRFPMU
EEEEEEEEEEEEEEEWDDITRFPMJ
EEEEEEEEEEEEEEEWDDITRFPQJ
EEEEEEEEEEEEEEEWDDITXFLQJ
EEEEEEEEEEEEEEEWDDITXSCQJ
EEEEEEEEEEEEEEEWDDITOHCQJ
EEEEEEEEEEEEEEEWDDITOYAQJ
EEEEEEEEEEEEEEEWDDITOYAQJ
EEEEEEEEEEEEEEEWDDITOYAKJ
EEEEEEEEEEEEEEEWDDITOYAVJ
EEEEEEEEEEEEEEEWDDITOYABJ
EEEEEEEEEEEEEEEWDDITOYABJ
EEEEEEEEEEEEEEEWDDITOYABJ
Case #31:
DYYYYQQNNNNJXRBSSGZMMPOCH
DYYYYQQNNNNJXRBSSGZMMPOCH
DYYYYQQNNNNJXRBSSGZMMPOCH
DYYYYQQNNNNJXRBSSGZMMPOCH
DYYYYQQNNNNJXRBSSGIMMPOCH
DYYYYQQNNNNJXRBSSGIMMPOCH
DYYYYQQNNNNJXRBSSGIMMPOCH
DYYYYQQNNNNJFRBSSGIMMPOCH
DYYYYQQNNNNJFRBSSWIMMPOCH
DYYYYQQNNNNJFRESSWIMMPOCH
DYYYYQQNNNNJFRESSWIMMPOCH
DYYYYQQNNNNJFRESSWIMMPOCH
DYYYYQQNNNNJFRESSAIMMPOCH
DYYYYUUNNNNJFRESSAIMMPOCH
DYYYYUUNNNNJFRESSAIMMPOCH
DYYYYUUNNNNJFRESSAIMMPOVH
DYYYYTTNNNNJFRESSAIMMPOVH
DYYYYTTNNNNJFRESSAIMMPOVH
DYYYYTTNNNNJFRELLAIMMPOVH
DYYYYTTNNNNJFRELLAIMMPOVK
DYYYYTTNNNNJFRELLAIMMPOVK
DYYYYTTNNNNJFRELLAIMMPOVK
DYYYYTTNNNNJFRELLAIMMPOVK
DYYYYTTNNNNJFRELLAIMMPOVK
DYYYYTTNNNNJFRELLAIMMPOVK
Case #32:
ACDEEEEEEEEEEEEEEEFJJJJGG
ACDEEEEEEEEEEEEEEEFJJJJGG
ACDEEEEEEEEEEEEEEEFJJJJGG
ACDEEEEEEEEEEEEEEEFJJJJGG
ACDEEEEEEEEEEEEEEEFJJJJGG
ACDEEEEEEEEEEEEEEEFJJJJGG
ACDEEEEEEEEEEEEEEEFJJJJGG
ACDEEEEEEEEEEEEEEEFJJJJGG
ACDEEEEEEEEEEEEEEEFJJJJGG
ACDEEEEEEEEEEEEEEEFJJJJGG
BCDEEEEEEEEEEEEEEEFJJJJGG
BCDEEEEEEEEEEEEEEEFJJJJGG
BCDEEEEEEEEEEEEEEEFJJJJGG
BCDEEEEEEEEEEEEEEEHJJJJGG
BCDEEEEEEEEEEEEEEEHJJJJII
BCDEEEEEEEEEEEEEEEHJJJJII
BCDEEEEEEEEEEEEEEEHJJJJII
BCDEEEEEEEEEEEEEEEHJJJJII
BCDEEEEEEEEEEEEEEEHJJJJII
BCDEEEEEEEEEEEEEEEHJJJJII
BCDEEEEEEEEEEEEEEEHJJJJII
BCDEEEEEEEEEEEEEEEHJJJJII
BCDEEEEEEEEEEEEEEEHJJJJII
BCDEEEEEEEEEEEEEEEHJJJJII
BCDEEEEEEEEEEEEEEEHJJJJII
Case #33:
WSZYIVBBQXXTTTTAULLGOREMM
WSZYIVBBQXXTTTTAULLGOREMM
WSZYIVBBQXXTTTTAULLGOREMM
WSZYIVBBQXXTTTTAULLGOREMM
WSZYIVBBQXXTTTTAULLGOREMM
WSZYIVBBQXXTTTTAULLGOREMM
WSZYIVBBQXXTTTTAULLGOREMM
WSZYIVBBQXXTTTTAULLGOREMM
WSZYIVBBQXXTTTTAULLGOREMM
WSZYIVBBQXXTTTTAULLGOKEMM
WSZYIVBBQXXTTTTAULLGOKEMM
WSZYIVBBQXXTTTTPULLGOKEMM
WSZYIVBBQXXTTTTPULLGOKEMM
WSZYIVBBQXXTTTTPULLGOKEMM
WFZYIVBBQXXTTTTPULLGOKEMM
WFZYIVBBQXXTTTTPULLGOKEMM
WFZYIVBBQXXTTTTPULLGOKEHH
WFZYIVBBQXXTTTTPULLGOKEHH
WFZYIVBBQXXTTTTPULLGOKEHH
WFZYIVBBQXXTTTTPUDDGOKEHH
WFZYIVBBQXXTTTTPUDDGOKEHH
WFZYIVBBQXXTTTTPUDDGOKEHH
WFZYIVBBQXXTTTTPUDDGOKEHH
WFZYIVBBQXXTTTTJUDDGOKCNN
WFZYIVBBQXXTTTTJUDDGOKCNN
Case #34:
AAAAAEEEEBBBBBBBBBBBBBBBB
AAAAAEEEEBBBBBBBBBBBBBBBB
AAAAAEEEEBBBBBBBBBBBBBBBB
AAAAAEEEEBBBBBBBBBBBBBBBB
AAAAAEEEEBBBBBBBBBBBBBBBB
AAAAAEEEEBBBBBBBBBBBBBBBB
AAAAAEEEEBBBBBBBBBBBBBBBB
CCCCCEEEEBBBBBBBBBBBBBBBB
CCCCCEEEEDDDDDDDDDDDDDDDD
CCCCCEEEEDDDDDDDDDDDDDDDD
CCCCCEEEEDDDDDDDDDDDDDDDD
CCCCCEEEEDDDDDDDDDDDDDDDD
CCCCCEEEEDDDDDDDDDDDDDDDD
CCCCCEEEEDDDDDDDDDDDDDDDD
CCCCCEEEEDDDDDDDDDDDDDDDD
CCCCCEEEEDDDDDDDDDDDDDDDD
CCCCCEEEEDDDDDDDDDDDDDDDD
CCCCCEEEEDDDDDDDDDDDDDDDD
CCCCCEEEEDDDDDDDDDDDDDDDD
CCCCCEEEEDDDDDDDDDDDDDDDD
CCCCCEEEEDDDDDDDDDDDDDDDD
CCCCCEEEEDDDDDDDDDDDDDDDD
CCCCCEEEEDDDDDDDDDDDDDDDD
CCCCCEEEEDDDDDDDDDDDDDDDD
CCCCCEEEEDDDDDDDDDDDDDDDD
Case #35:
ABCDEFGHIJKLMNOPQRSTUVWXY
ABCDEFGHIJKLMNOPQRSTUVWXY
ABCDEFGHIJKLMNOPQRSTUVWXY
ABCDEFGHIJKLMNOPQRSTUVWXY
ABCDEFGHIJKLMNOPQRSTUVWXY
ABCDEFGHIJKLMNOPQRSTUVWXY
ABCDEFGHIJKLMNOPQRSTUVWXY
ABCDEFGHIJKLMNOPQRSTUVWXY
ABCDEFGHIJKLMNOPQRSTUVWXY
ABCDEFGHIJKLMNOPQRSTUVWXY
ABCDEFGHIJKLMNOPQRSTUVWXY
ABCDEFGHIJKLMNOPQRSTUVWXY
ABCDEFGHIJKLMNOPQRSTUVWXY
ABCDEFGHIJKLMNOPQRSTUVWXY
ABCDEFGHIJKLMNOPQRSTUVWXY
ABCDEFGHIJKLMNOPQRSTUVWXY
ABCDEFGHIJKLMNOPQRSTUVWXY
ABCDEFGHIJKLMNOPQRSTUVWXY
ABCDEFGHIJKLMNOPQRSTUVWXY
ABCDEFGHIJKLMNOPQRSTUVWXY
ABCDEFGHIJKLMNOPQRSTUVWXY
ABCDEFGHIJKLMNOPQRSTUVWXY
ABCDEFGHIJKLMNOPQRSTUVWXY
ABCDEFGHIJKLMNOPQRSTUVWXY
ABCDEFGHIJKLMNOPQRSTUVWXY
Case #36:
NEKKRTGGWWBYYYYOLMMMMQPPX
NEKKRTGGWWBYYYYOLMMMMQPPX
NEKKRTGGWWBYYYYOLMMMMQPPX
NEKKRTGGWWBDDDDOLMMMMQPPX
NEKKRTGGWWBDDDDOLMMMMQPPX
NEKKRTGGWWBDDDDOLMMMMQPPX
NEKKRTGGWWBDDDDOLMMMMQPPX
NEKKRTGGWWBDDDDOLMMMMQPPX
NEKKRTGGWWBDDDDOLMMMMQPPX
NEKKRTGGWWBDDDDOLMMMMQPPX
NEKKRTGGWWFDDDDOLMMMMQPPX
NEKKVTGGWWFDDDDOLMMMMQPPX
NEKKVTGGWWFDDDDULMMMMQPPX
NEKKVTGGWWFDDDDULMMMMQPPX
NEKKVTGGWWFDDDDULMMMMQIIX
NEKKVTGGWWFDDDDULMMMMQIIX
NEKKVTGGWWFDDDDULMMMMQIIX
NEKKVTGGWWFDDDDULMMMMQIIX
SEKKVTGGWWFDDDDULMMMMQIIX
SEKKVTGGWWFDDDDULMMMMQIIX
SEKKVTGGWWFCCCCULMMMMQIIX
SEKKVTGGWWFCCCCULHHHHQIIX
SEKKVTGGWWFCCCCULHHHHQIIX
SEKKVTGGJJFCCCCULHHHHQAAX
SEKKVTGGJJFZZZZULHHHHQAAX
Case #37:
SSSSSSSSSSSSSSSSSSSNQHZWY
SSSSSSSSSSSSSSSSSSSNQHZVY
SSSSSSSSSSSSSSSSSSSNQHZKY
SSSSSSSSSSSSSSSSSSSNQGZRP
SSSSSSSSSSSSSSSSSSSNQGZLI
MMMMMMMMMMMMMMMMMMMNQGZLA
MMMMMMMMMMMMMMMMMMMTQBZLU
MMMMMMMMMMMMMMMMMMMTQBZLU
MMMMMMMMMMMMMMMMMMMTQFCLU
MMMMMMMMMMMMMMMMMMMTQFJLE
MMMMMMMMMMMMMMMMMMMTQFXOE
MMMMMMMMMMMMMMMMMMMTQFXDE
MMMMMMMMMMMMMMMMMMMTQFXDE
MMMMMMMMMMMMMMMMMMMTQFXDE
MMMMMMMMMMMMMMMMMMMTQFXDE
MMMMMMMMMMMMMMMMMMMTQFXDE
MMMMMMMMMMMMMMMMMMMTQFXDE
MMMMMMMMMMMMMMMMMMMTQFXDE
MMMMMMMMMMMMMMMMMMMTQFXDE
MMMMMMMMMMMMMMMMMMMTQFXDE
MMMMMMMMMMMMMMMMMMMTQFXDE
MMMMMMMMMMMMMMMMMMMTQFXDE
MMMMMMMMMMMMMMMMMMMTQFXDE
MMMMMMMMMMMMMMMMMMMTQFXDE
MMMMMMMMMMMMMMMMMMMTQFXDE
Case #38:
AADDYPOOOHMMVFZZZBBRTJWWG
AADDYPOOOHMMVFZZZBBRTJWWG
AADDYPOOOHMMVFZZZBBRTJWWG
AADDYPOOOHMMVFZZZBBRTJWWG
AADDYPOOOHMMVFZZZBBRTJWWG
AADDYPOOOHMMVFZZZBBRTJWWG
AADDYPOOOHMMVFZZZBBRTJWWG
AADDYPOOOHMMVFZZZBBRTJWWG
AADDYPOOOHMMVFZZZBBRTJWWG
AADDYPOOOHMMVFZZZBBRTJWWG
LLDDYPOOOHMMVUZZZBBRTJXXG
LLDDYPOOOHMMVUZZZBBRTJXXG
LLDDYPOOOHMMVUZZZBBRTJXXG
LLDDYPKKKHMMVUZZZBBRTJXXG
LLDDYPKKKHMMEUZZZBBRTJXXG
LLDDYPKKKHMMEUZZZBBRTJXXG
LLCCYPKKKHMMSUZZZBBRTJXXG
LLCCYPKKKHMMSUZZZBBRIJXXG
LLCCYPKKKHMMSUZZZBBRIJXXG
LLCCYPKKKHMMSUZZZBBRIJXXG
LLCCYPKKKHNNSUZZZBBRIJXXG
LLCCYPKKKHNNSUZZZBBRIJXXG
LLCCYPKKKHNNSUZZZBBRIJXXG
LLCCYPKKKHNNSUZZZQQRIJXXG
LLCCYPKKKHNNSUZZZQQRIJXXG
Case #39:
ANBOCPDQERFSGTHUIVJWKXLYM
ANBOCPDQERFSGTHUIVJWKXLYM
ZNBOCPDQERFSGTHUIVJWKXLYM
ZNBOCPDQERFSGTHUIVJWKXLYM
ZNBOCPDQERFSGTHUIVJWKXLYM
ZNBOCPDQERFSGTHUIVJWKXLYM
ZNBOCPDQERFSGTHUIVJWKXLYM
ZNBOCPDQERFSGTHUIVJWKXLYM
ZNBOCPDQERFSGTHUIVJWKXLYM
ZNBOCPDQERFSGTHUIVJWKXLYM
ZNBOCPDQERFSGTHUIVJWKXLYM
ZNBOCPDQERFSGTHUIVJWKXLYM
ZNBOCPDQERFSGTHUIVJWKXLYM
ZNBOCPDQERFSGTHUIVJWKXLYM
ZNBOCPDQERFSGTHUIVJWKXLYM
ZNBOCPDQERFSGTHUIVJWKXLYM
ZNBOCPDQERFSGTHUIVJWKXLYM
ZNBOCPDQERFSGTHUIVJWKXLYM
ZNBOCPDQERFSGTHUIVJWKXLYM
ZNBOCPDQERFSGTHUIVJWKXLYM
ZNBOCPDQERFSGTHUIVJWKXLYM
ZNBOCPDQERFSGTHUIVJWKXLYM
ZNBOCPDQERFSGTHUIVJWKXLYM
ZNBOCPDQERFSGTHUIVJWKXLYM
ZNBOCPDQERFSGTHUIVJWKXLYM
Case #40:
AAAAAAAAAEEEEBBBBBBBBBBBB
AAAAAAAAAEEEEBBBBBBBBBBBB
AAAAAAAAAEEEEBBBBBBBBBBBB
AAAAAAAAAEEEEBBBBBBBBBBBB
AAAAAAAAAEEEEBBBBBBBBBBBB
AAAAAAAAAEEEEBBBBBBBBBBBB
AAAAAAAAAEEEEBBBBBBBBBBBB
AAAAAAAAAEEEEBBBBBBBBBBBB
AAAAAAAAAEEEEBBBBBBBBBBBB
AAAAAAAAAEEEEBBBBBBBBBBBB
CCCCCCCCCEEEEBBBBBBBBBBBB
CCCCCCCCCEEEEDDDDDDDDDDDD
CCCCCCCCCEEEEDDDDDDDDDDDD
CCCCCCCCCEEEEDDDDDDDDDDDD
CCCCCCCCCEEEEDDDDDDDDDDDD
CCCCCCCCCEEEEDDDDDDDDDDDD
CCCCCCCCCEEEEDDDDDDDDDDDD
CCCCCCCCCEEEEDDDDDDDDDDDD
CCCCCCCCCEEEEDDDDDDDDDDDD
CCCCCCCCCEEEEDDDDDDDDDDDD
CCCCCCCCCEEEEDDDDDDDDDDDD
CCCCCCCCCEEEEDDDDDDDDDDDD
CCCCCCCCCEEEEDDDDDDDDDDDD
CCCCCCCCCEEEEDDDDDDDDDDDD
CCCCCCCCCEEEEDDDDDDDDDDDD
Case #41:
OOKQQJXXYHHFFFFDZWMPTTVVC
OOKQQJXXYHHFFFFDZWMPTTVVC
OOKQQJXXYHHFFFFDZWMPTTVVC
OOKQQJXXYHHFFFFDGWMPTTVVC
OOKQQJXXYHHFFFFDGWMPTTVVC
OOKQQJXXYHHFFFFDGWMPTTVVC
OOKQQJXXYHHFFFFDGWMPTTVVC
OOKQQJXXYHHFFFFDGWMPTTVVC
OOKQQJXXYHHFFFFDGWMPTTVVC
OOKQQJXXYHHFFFFDGWMPTTVVC
OOKQQJXXYHHFFFFDGWMPTTVVC
OOKQQJXXYHHFFFFDGWMPTTVVC
OOLQQJXXSHHFFFFDGWMPTTVVC
OORQQJXXSHHFFFFDGWMPTTVVC
OORQQJXXSHHFFFFDNWMPTTVVC
OORQQJXXSHHFFFFDNWMPTTVVC
OORQQJXXSHHFFFFDNWMETTVVC
OORQQJXXSHHFFFFDNWMETTVVC
OORQQJXXSHHFFFFDNWMETTVVC
OORQQJXXSHHFFFFDNWMETTVVC
OORQQJXXSHHFFFFDNWMETTVVC
BBRIIJXXSHHFFFFDNWMETTAAC
BBRUUJXXSHHFFFFDNWMETTAAC
BBRUUJXXSHHFFFFDNWMETTAAC
BBRUUJXXSHHFFFFDNWMETTAAC
Case #42:
AAAAAAAAAAAAAAAEEEEBBBBBB
AAAAAAAAAAAAAAAEEEEBBBBBB
AAAAAAAAAAAAAAAEEEEBBBBBB
AAAAAAAAAAAAAAAEEEEBBBBBB
AAAAAAAAAAAAAAAEEEEBBBBBB
AAAAAAAAAAAAAAAEEEEBBBBBB
AAAAAAAAAAAAAAAEEEEBBBBBB
AAAAAAAAAAAAAAAEEEEBBBBBB
AAAAAAAAAAAAAAAEEEEBBBBBB
AAAAAAAAAAAAAAAEEEEBBBBBB
CCCCCCCCCCCCCCCEEEEBBBBBB
CCCCCCCCCCCCCCCEEEEDDDDDD
CCCCCCCCCCCCCCCEEEEDDDDDD
CCCCCCCCCCCCCCCEEEEDDDDDD
CCCCCCCCCCCCCCCEEEEDDDDDD
CCCCCCCCCCCCCCCEEEEDDDDDD
CCCCCCCCCCCCCCCEEEEDDDDDD
CCCCCCCCCCCCCCCEEEEDDDDDD
CCCCCCCCCCCCCCCEEEEDDDDDD
CCCCCCCCCCCCCCCEEEEDDDDDD
CCCCCCCCCCCCCCCEEEEDDDDDD
CCCCCCCCCCCCCCCEEEEDDDDDD
CCCCCCCCCCCCCCCEEEEDDDDDD
CCCCCCCCCCCCCCCEEEEDDDDDD
CCCCCCCCCCCCCCCEEEEDDDDDD
Case #43:
AAA
AAA
AAA
AAA
AAA
Case #44:
AAAAAAAAAAAAAAAAAAAAAAAAA
BBBBBBBBBBBBBBBBBBBBBBBBB
CCCCCCCCCCCCCCCCCCCCCCCCC
DDDDDDDDDDDDDDDDDDDDDDDDD
EEEEEEEEEEEEEEEEEEEEEEEEE
FFFFFFFFFFFFFFFFFFFFFFFFF
GGGGGGGGGGGGGGGGGGGGGGGGG
HHHHHHHHHHHHHHHHHHHHHHHHH
IIIIIIIIIIIIIIIIIIIIIIIII
JJJJJJJJJJJJJJJJJJJJJJJJJ
KKKKKKKKKKKKKKKKKKKKKKKKK
LLLLLLLLLLLLLLLLLLLLLLLLL
MMMMMMMMMMMMMMMMMMMMMMMMM
NNNNNNNNNNNNNNNNNNNNNNNNN
OOOOOOOOOOOOOOOOOOOOOOOOO
PPPPPPPPPPPPPPPPPPPPPPPPP
QQQQQQQQQQQQQQQQQQQQQQQQQ
RRRRRRRRRRRRRRRRRRRRRRRRR
SSSSSSSSSSSSSSSSSSSSSSSSS
TTTTTTTTTTTTTTTTTTTTTTTTT
UUUUUUUUUUUUUUUUUUUUUUUUU
VVVVVVVVVVVVVVVVVVVVVVVVV
WWWWWWWWWWWWWWWWWWWWWWWWW
XXXXXXXXXXXXXXXXXXXXXXXXX
YYYYYYYYYYYYYYYYYYYYYYYYY
Case #45:
ABCDEFGHIJKLMNOPQRSTUVWXY
ABCDEFGHIJKLMNOPQRSTUVWXY
ABCDEFGHIJKLMNOPQRSTUVWXY
ABCDEFGHIJKLMNOPQRSTUVWXY
ABCDEFGHIJKLMNOPQRSTUVWXY
ABCDEFGHIJKLMNOPQRSTUVWXY
ABCDEFGHIJKLMNOPQRSTUVWXY
ABCDEFGHIJKLMNOPQRSTUVWXY
ABCDEFGHIJKLMNOPQRSTUVWXY
ABCDEFGHIJKLMNOPQRSTUVWXY
ABCDEFGHIJKLMNOPQRSTUVWXY
ABCDEFGHIJKLMNOPQRSTUVWXY
ABCDEFGHIJKLMNOPQRSTUVWXY
ABCDEFGHIJKLMNOPQRSTUVWXY
ABCDEFGHIJKLMNOPQRSTUVWXY
ABCDEFGHIJKLMNOPQRSTUVWXY
ABCDEFGHIJKLMNOPQRSTUVWXY
ABCDEFGHIJKLMNOPQRSTUVWXY
ABCDEFGHIJKLMNOPQRSTUVWXY
ABCDEFGHIJKLMNOPQRSTUVWXY
ABCDEFGHIJKLMNOPQRSTUVWXY
ABCDEFGHIJKLMNOPQRSTUVWXY
ABCDEFGHIJKLMNOPQRSTUVWXY
ABCDEFGHIJKLMNOPQRSTUVWXY
ABCDEFGHIJKLMNOPQRSTUVWXY
Case #46:
XJHAAFRRQQCCUMVVVPTGEIIDD
XJHAAFRRQQCCUMVVVPTGEIIDD
XJHAAFRRQQCCUMVVVPTGEIIDD
XJHAAFRRQQCCUMVVVPTGEIIDD
XJHAAFRRQQCCUMVVVPTGEIIDD
XJHAAFRRQQCCUMVVVPTGEIIDD
XJHAAFRRQQCCUMVVVPTGEIIDD
XJHAAFRRQQCCUMVVVPTGEIIDD
XJHAAFRRQQCCUMVVVPTGEIIDD
XJHAAFRRQQCCUMVVVPTGEIIDD
XJHAAFRRQQCCUMVVVPTGEIIDD
XJHAAFRRQQCCUMVVVPTGEBBDD
XJHAAFRRQQCCUMVVVPTGEBBDD
XJHAAFRRQQCCUMVVVPTGEBBDD
XJHAAFRRQQCCUMVVVPTGEBBDD
XJHAAFRRQQCCUMVVVPTGEBBDD
XYHAAFRRQQCCUMVVVPTGEBBDD
XYHAAFRRQQCCUMVVVPTGEBBDD
XOHAAFRRQQCCUMVVVPTGEBBDD
XOHAAFRRQQCCUMVVVPTGEBBDD
XOHAAFRRNNCCUMVVVPTGEBBDD
XOHAAKRRNNCCUMVVVPTSEWWDD
XOHAAKRRNNCCUMVVVPTSEWWDD
XOHAAKRRNNCCUMLLLPTSEWWDD
Case #47:
ABCDEFGHIJKLMNOPQRSTUVWXY
ABCDEFGHIJKLMNOPQRSTUVWXY
ABCDEFGHIJKLMNOPQRSTUVWXY
ABCDEFGHIJKLMNOPQRSTUVWXY
ABCDEFGHIJKLMNOPQRSTUVWXY
ABCDEFGHIJKLMNOPQRSTUVWXY
ABCDEFGHIJKLMNOPQRSTUVWXY
ABCDEFGHIJKLMNOPQRSTUVWXY
ABCDEFGHIJKLMNOPQRSTUVWXY
ABCDEFGHIJKLMNOPQRSTUVWXY
ABCDEFGHIJKLMNOPQRSTUVWXY
ABCDEFGHIJKLMNOPQRSTUVWXY
ABCDEFGHIJKLMNOPQRSTUVWXY
ABCDEFGHIJKLMNOPQRSTUVWXY
ABCDEFGHIJKLMNOPQRSTUVWXY
ABCDEFGHIJKLMNOPQRSTUVWXY
ABCDEFGHIJKLMNOPQRSTUVWXY
ABCDEFGHIJKLMNOPQRSTUVWXY
ABCDEFGHIJKLMNOPQRSTUVWXY
ABCDEFGHIJKLMNOPQRSTUVWXY
ABCDEFGHIJKLMNOPQRSTUVWXY
ABCDEFGHIJKLMNOPQRSTUVWXY
ABCDEFGHIJKLMNOPQRSTUVWXY
ABCDEFGHIJKLMNOPQRSTUVWXY
ABCDEFGHIJKLMNOPQRSTUVWXY
Case #48:
AA
BB
Case #49:
BA
CA
Case #50:
OOOOOOOOOOOOOVFUHMDEEEEEE
OOOOOOOOOOOOOVFUHMDEEEEEE
OOOOOOOOOOOOOVFUHMDEEEEEE
OOOOOOOOOOOOOVFUHMDEEEEEE
OOOOOOOOOOOOOVFUHMDEEEEEE
OOOOOOOOOOOOOVFUHMDEEEEEE
OOOOOOOOOOOOOVFUHMDEEEEEE
OOOOOOOOOOOOOVFUHMDEEEEEE
OOOOOOOOOOOOOVFUHMDEEEEEE
OOOOOOOOOOOOOVFUHMDEEEEEE
OOOOOOOOOOOOOVFUHMDEEEEEE
OOOOOOOOOOOOOVFUHMDEEEEEE
OOOOOOOOOOOOOVFUHMDEEEEEE
OOOOOOOOOOOOOVFUHMDEEEEEE
OOOOOOOOOOOOOVFQHMDEEEEEE
OOOOOOOOOOOOOVFQPMDEEEEEE
OOOOOOOOOOOOOVFQNMDEEEEEE
OOOOOOOOOOOOOVRJCMYEEEEEE
TTTTTTTTTTTTTVAJKXYEEEEEE
SSSSSSSSSSSSSVAWGZYEEEEEE
SSSSSSSSSSSSSLAWGZYEEEEEE
SSSSSSSSSSSSSBAWIZYEEEEEE
SSSSSSSSSSSSSBAWIZYEEEEEE
SSSSSSSSSSSSSBAWIZYEEEEEE
SSSSSSSSSSSSSBAWIZYEEEEEE
Case #51:
ABSYDHTTCMRROIWWWJJVVVVV
ABSYDHTTCMRROIWWWJJVVVVV
ABSYDHTTCMRROIWWWJJVVVVV
ABSYDHTTCMRROIWWWJJVVVVV
ABSYDHTTCMRROIWWWJJVVVVV
ABSYDHTTCMRROIWWWJJVVVVV
ABSYDHTTCMRROIWWWJJVVVVV
ANSYDHTTCMRROIWWWJJVVVVV
ANSYDHTTCMRROIXXXJJVVVVV
ANSYDHTTCMRROIXXXJJVVVVV
ANSYDHTTCMRROIXXXJJVVVVV
ANSYDHTTCMRROIXXXJJVVVVV
ANSYDHTTCMRROIXXXJJVVVVV
ANSYDHTTCMRROIGGGJJVVVVV
ANSYDHTTCMRROIGGGJJVVVVV
AUSYDHTTCMRROIGGGJJVVVVV
AUSYDHTTCMRROIGGGJJVVVVV
APSYDLTTCMRROIFFFJJVVVVV
APQYDLTTCMRROIFFFKKVVVVV
APQYDLTTCMRROIFFFKKVVVVV
APQYDLTTCMRROIFFFKKVVVVV
APQYDLTTCMRROIFFFKKVVVVV
APQYDLTTCMRROIFFFKKVVVVV
APQYDLTTCMRROIFFFKKVVVVV
APEYDLTTCMRROIFFFKKVVVVV
Case #52:
PPPPPPPPPPPSEJMLUHTCAIIII
PPPPPPPPPPPSEJMLUHTCAIIII
PPPPPPPPPPPSEJMLUHTCAIIII
PPPPPPPPPPPSEJMLUHTCAIIII
PPPPPPPPPPPSEJMLUHTCAIIII
PPPPPPPPPPPSEJMLUHTCAIIII
PPPPPPPPPPPSEJMLUHTCAIIII
PPPPPPPPPPPSEJMLUHTCAIIII
PPPPPPPPPPPSEJMLUHTCAIIII
PPPPPPPPPPPSEJMLUHTCAIIII
PPPPPPPPPPPSEJMLYHTCAIIII
PPPPPPPPPPPSEJMLYHTCAIIII
PPPPPPPPPPPSEJMLBHTCAIIII
PPPPPPPPPPPSEJMLBHTCAIIII
PPPPPPPPPPPSEJMLBHTCAIIII
PPPPPPPPPPPSEJMVKHTCAIIII
PPPPPPPPPPPSEJMVNFGCAIIII
PPPPPPPPPPPSEJMVOXZCAIIII
PPPPPPPPPPPSEJMVOXZCAIIII
PPPPPPPPPPPSEJMVOQZCAIIII
PPPPPPPPPPPSEDMWRQZCAIIII
PPPPPPPPPPPSEDMWRQZCAIIII
PPPPPPPPPPPSEDMWRQZCAIIII
PPPPPPPPPPPSEDMWRQZCAIIII
PPPPPPPPPPPSEDMWRQZCAIIII
Case #53:
UUUUUUUUUULBBBEEJGCFWAMRR
UUUUUUUUUULBBBEEJGCFWAMRR
UUUUUUUUUULBBBEEJGCFWAMRR
UUUUUUUUUULBBBEEJGCFWAMRR
UUUUUUUUUULBBBEEJGCFWAMRR
UUUUUUUUUULBBBEEJGCFWAMRR
UUUUUUUUUULBBBEEJGCFWAMRR
UUUUUUUUUULBBBEEJGCFWAMRR
UUUUUUUUUULBBBEEJGCFWAMRR
UUUUUUUUUULBBBEEJGCFWAMRR
UUUUUUUUUULBBBEEJGCFWAMRR
UUUUUUUUUULBBBEEJGCFWAMRR
UUUUUUUUUULBBBEEJGCFWAMRR
UUUUUUUUUULBBBEEJGCFWAMRR
UUUUUUUUUULBBBEEJGCFWAMRR
UUUUUUUUUULBBBEEJGCFWAMRR
UUUUUUUUUULBBBEEJGCFPAMRR
UUUUUUUUUULBBBEEJOCFPAMRR
UUUUUUUUUULBBBEEJOHIYAMRR
UUUUUUUUUULBBBEEJOHIYAMRR
UUUUUUUUUULBBBEEJOHIYTMRR
UUUUUUUUUULBBBEEJOHIYTMRR
UUUUUUUUUULBBBEEJOHNYTQRR
UUUUUUUUUUVBBBEEJOHXYDQRR
UUUUUUUUUUVBBBSSJOZXKDQRR
Case #54:
ABCDEFGHIJKLMNOPQRSTUVWXY
ABCDEFGHIJKLMNOPQRSTUVWXY
ABCDEFGHIJKLMNOPQRSTUVWXY
ABCDEFGHIJKLMNOPQRSTUVWXY
ABCDEFGHIJKLMNOPQRSTUVWXY
ABCDEFGHIJKLMNOPQRSTUVWXY
ABCDEFGHIJKLMNOPQRSTUVWXY
ABCDEFGHIJKLMNOPQRSTUVWXY
ABCDEFGHIJKLMNOPQRSTUVWXY
ABCDEFGHIJKLMNOPQRSTUVWXY
ABCDEFGHIJKLMNOPQRSTUVWXY
ABCDEFGHIJKLMNOPQRSTUVWXY
ABCDEFGHIJKLMNOPQRSTUVWXY
ABCDEFGHIJKLMNOPQRSTUVWXY
ABCDEFGHIJKLMNOPQRSTUVWXY
ABCDEFGHIJKLMNOPQRSTUVWXY
ABCDEFGHIJKLMNOPQRSTUVWXY
ABCDEFGHIJKLMNOPQRSTUVWXY
ABCDEFGHIJKLMNOPQRSTUVWXY
ABCDEFGHIJKLMNOPQRSTUVWXY
ABCDEFGHIJKLMNOPQRSTUVWXY
ABCDEFGHIJKLMNOPQRSTUVWXY
ABCDEFGHIJKLMNOPQRSTUVWXY
ABCDEFGHIJKLMNOPQRSTUVWXY
ABCDEFGHIJKLMNOPQRSTUVWXY
Case #55:
EBADF
EBADF
EBADF
CBADF
CBADF
Case #56:
UUVZZXEFFFCKKKKKKTIONNQJS
UUVZZXEFFFCKKKKKKTIONNQJS
UUVZZXEFFFCKKKKKKTIONNQJS
UUVZZXEFFFCKKKKKKTIONNQJS
UUVZZXEFFFCKKKKKKTIONNQJS
UUVZZXEFFFCKKKKKKTIONNQJS
UUVZZXEFFFCKKKKKKTIONNQJS
UUVZZPEFFFCLLLLLLTIONNQJS
UUVZZPEFFFCLLLLLLTIONNQJS
UUVZZPEFFFCLLLLLLTIONNQJS
UUVZZPEFFFCLLLLLLTIONNQJS
UUVZZPEFFFCLLLLLLTIONNQJS
UUVZZPEFFFCLLLLLLTIONNQJS
UUVZZPEFFFCLLLLLLTIONNQJS
GGVZZPEFFFCLLLLLLTIONNQJS
GGVZZPEFFFCLLLLLLTIONNQJS
GGVZZPEFFFCLLLLLLTIONNQJS
GGVZZPEFFFCLLLLLLTIOWWQJS
GGVZZPEFFFCLLLLLLTIOWWQJS
GGVZZPEFFFCLLLLLLTIOWWQJS
GGVZZPEFFFCLLLLLLTIOWWQJS
GGVZZPAFFFCLLLLLLTIOBBYJS
GGVMMPAFFFCHHHHHHTIOBBYJS
GGVDDPAFFFCHHHHHHTIORRYJS
GGVDDPAFFFCHHHHHHTIORRYJS
Case #57:
ABCDEFGHIJKLMNOPQRSTUVWXY
ABCDEFGHIJKLMNOPQRSTUVWXY
ABCDEFGHIJKLMNOPQRSTUVWXY
ABCDEFGHIJKLMNOPQRSTUVWXY
ABCDEFGHIJKLMNOPQRSTUVWXY
ABCDEFGHIJKLMNOPQRSTUVWXY
ABCDEFGHIJKLMNOPQRSTUVWXY
ABCDEFGHIJKLMNOPQRSTUVWXY
ABCDEFGHIJKLMNOPQRSTUVWXY
ABCDEFGHIJKLMNOPQRSTUVWXY
ABCDEFGHIJKLMNOPQRSTUVWXY
ABCDEFGHIJKLMNOPQRSTUVWXY
ABCDEFGHIJKLMNOPQRSTUVWXY
ABCDEFGHIJKLMNOPQRSTUVWXY
ABCDEFGHIJKLMNOPQRSTUVWXY
ABCDEFGHIJKLMNOPQRSTUVWXY
ABCDEFGHIJKLMNOPQRSTUVWXY
ABCDEFGHIJKLMNOPQRSTUVWXY
ABCDEFGHIJKLMNOPQRSTUVWXY
ABCDEFGHIJKLMNOPQRSTUVWXY
ABCDEFGHIJKLMNOPQRSTUVWXY
ABCDEFGHIJKLMNOPQRSTUVWXY
ABCDEFGHIJKLMNOPQRSTUVWXY
ABCDEFGHIJKLMNOPQRSTUVWXY
ABCDEFGHIJKLMNOPQRSTUVWXY
Case #58:
FEADC
FEADG
BEADG
Case #59:
HHHWVXGGQQIOOYSJMMUEFNNCB
HHHWVXGGQQIOOYSJMMUEFNNCB
HHHWVXGGQQIOOYSJMMUEFNNCB
HHHWVXGGQQIOOYSJMMUEFNNCB
HHHWVXGGQQIOOYSJMMUEFNNCB
HHHWVXGGQQIOOYSJMMUEFNNCB
HHHWVXRRQQIOOYSJMMUEFNNCB
HHHWVXRRQQIOOYSJMMUEFNNCB
HHHWVXRRAAIOOYSJMMUEFNNCB
HHHWVXRRAAIOOYSJMMUEFNNCB
HHHLVXRRAAIOOYSJMMUEFNNCB
HHHLVXRRAAIOOYSJMMUEFNNCB
HHHLVXRRAAIOOYSJMMUEFNNCB
HHHLVXRRAAIOOYSJMMUEFNNCB
HHHLVXPPAAIOOYSJMMUEFNNCB
HHHLVXPPAAIOODSJMMUEFNNCB
HHHLVXPPAAIOODSJMMUEFNNCB
HHHLVXPPAAIOODSJMMUEFNNCB
HHHLVXPPAAIOODSJMMUEFNNCB
HHHLVXPPAAIOODSJMMUEFNNCB
HHHLVTPPAAIOODSJMMUEFNNCB
HHHLVTPPAAIOOKSJMMUEFNNCB
HHHLVTPPAAIOOKSJMMUEFNNCB
HHHLVTPPAAIOOKSJMMUZFNNCB
HHHLVTPPAAIOOKSJMMUZFNNCB
Case #60:
ABCDEFGHIJKLMNOPQRSTUVWXY
ABCDEFGHIJKLMNOPQRSTUVWXY
ABCDEFGHIJKLMNOPQRSTUVWXY
ABCDEFGHIJKLMNOPQRSTUVWXY
ABCDEFGHIJKLMNOPQRSTUVWXY
ABCDEFGHIJKLMNOPQRSTUVWXY
ABCDEFGHIJKLMNOPQRSTUVWXY
ABCDEFGHIJKLMNOPQRSTUVWXY
ABCDEFGHIJKLMNOPQRSTUVWXY
ABCDEFGHIJKLMNOPQRSTUVWXY
ABCDEFGHIJKLMNOPQRSTUVWXY
ABCDEFGHIJKLMNOPQRSTUVWXY
ABCDEFGHIJKLMNOPQRSTUVWXY
ABCDEFGHIJKLMNOPQRSTUVWXY
ABCDEFGHIJKLMNOPQRSTUVWXY
ABCDEFGHIJKLMNOPQRSTUVWXY
ABCDEFGHIJKLMNOPQRSTUVWXY
ABCDEFGHIJKLMNOPQRSTUVWXY
ABCDEFGHIJKLMNOPQRSTUVWXY
ABCDEFGHIJKLMNOPQRSTUVWXY
ABCDEFGHIJKLMNOPQRSTUVWXY
ABCDEFGHIJKLMNOPQRSTUVWXY
ABCDEFGHIJKLMNOPQRSTUVWXY
ABCDEFGHIJKLMNOPQRSTUVWXY
ABCDEFGHIJKLMNOPQRSTUVWXY
Case #61:
ACDEEEEEEEEEEEFJJJJGGGGGG
ACDEEEEEEEEEEEFJJJJGGGGGG
ACDEEEEEEEEEEEFJJJJGGGGGG
ACDEEEEEEEEEEEFJJJJGGGGGG
ACDEEEEEEEEEEEFJJJJGGGGGG
ACDEEEEEEEEEEEFJJJJGGGGGG
ACDEEEEEEEEEEEFJJJJGGGGGG
ACDEEEEEEEEEEEFJJJJGGGGGG
ACDEEEEEEEEEEEFJJJJGGGGGG
BCDEEEEEEEEEEEFJJJJGGGGGG
BCDEEEEEEEEEEEFJJJJGGGGGG
BCDEEEEEEEEEEEFJJJJGGGGGG
BCDEEEEEEEEEEEFJJJJGGGGGG
BCDEEEEEEEEEEEFJJJJGGGGGG
BCDEEEEEEEEEEEFJJJJGGGGGG
BCDEEEEEEEEEEEFJJJJGGGGGG
BCDEEEEEEEEEEEFJJJJGGGGGG
BCDEEEEEEEEEEEFJJJJGGGGGG
BCDEEEEEEEEEEEFJJJJGGGGGG
BCDEEEEEEEEEEEFJJJJGGGGGG
BCDEEEEEEEEEEEFJJJJGGGGGG
BCDEEEEEEEEEEEHJJJJGGGGGG
BCDEEEEEEEEEEEHJJJJIIIIII
BCDEEEEEEEEEEEHJJJJIIIIII
BCDEEEEEEEEEEEHJJJJIIIIII
Case #62:
ABCDEFGHIJKLMNOPQRSTUVWXY
ABCDEFGHIJKLMNOPQRSTUVWXY
ABCDEFGHIJKLMNOPQRSTUVWXY
ABCDEFGHIJKLMNOPQRSTUVWXY
ABCDEFGHIJKLMNOPQRSTUVWXY
ABCDEFGHIJKLMNOPQRSTUVWXY
ABCDEFGHIJKLMNOPQRSTUVWXY
ABCDEFGHIJKLMNOPQRSTUVWXY
ABCDEFGHIJKLMNOPQRSTUVWXY
ABCDEFGHIJKLMNOPQRSTUVWXY
ABCDEFGHIJKLMNOPQRSTUVWXY
ABCDEFGHIJKLMNOPQRSTUVWXY
ABCDEFGHIJKLMNOPQRSTUVWXY
ABCDEFGHIJKLMNOPQRSTUVWXY
ABCDEFGHIJKLMNOPQRSTUVWXY
ABCDEFGHIJKLMNOPQRSTUVWXY
ABCDEFGHIJKLMNOPQRSTUVWXY
ABCDEFGHIJKLMNOPQRSTUVWXY
ABCDEFGHIJKLMNOPQRSTUVWXY
ABCDEFGHIJKLMNOPQRSTUVWXY
ABCDEFGHIJKLMNOPQRSTUVWXY
ABCDEFGHIJKLMNOPQRSTUVWXY
ABCDEFGHIJKLMNOPQRSTUVWXY
ABCDEFGHIJKLMNOPQRSTUVWXY
ABCDEFGHIJKLMNOPQRSTUVWXY
Case #63:
AAAAAAAAAAAAAAAAAAAAAAAAA
BBBBBBBBBBBBBBBBBBBBBBBBB
CCCCCCCCCCCCCCCCCCCCCCCCC
DDDDDDDDDDDDDDDDDDDDDDDDD
EEEEEEEEEEEEEEEEEEEEEEEEE
FFFFFFFFFFFFFFFFFFFFFFFFF
GGGGGGGGGGGGGGGGGGGGGGGGG
HHHHHHHHHHHHHHHHHHHHHHHHH
IIIIIIIIIIIIIIIIIIIIIIIII
JJJJJJJJJJJJJJJJJJJJJJJJJ
KKKKKKKKKKKKKKKKKKKKKKKKK
LLLLLLLLLLLLLLLLLLLLLLLLL
MMMMMMMMMMMMMMMMMMMMMMMMM
NNNNNNNNNNNNNNNNNNNNNNNNN
OOOOOOOOOOOOOOOOOOOOOOOOO
PPPPPPPPPPPPPPPPPPPPPPPPP
QQQQQQQQQQQQQQQQQQQQQQQQQ
RRRRRRRRRRRRRRRRRRRRRRRRR
SSSSSSSSSSSSSSSSSSSSSSSSS
TTTTTTTTTTTTTTTTTTTTTTTTT
UUUUUUUUUUUUUUUUUUUUUUUUU
VVVVVVVVVVVVVVVVVVVVVVVVV
WWWWWWWWWWWWWWWWWWWWWWWWW
XXXXXXXXXXXXXXXXXXXXXXXXX
YYYYYYYYYYYYYYYYYYYYYYYYY
Case #64:
AAAAAAEEEEBBBBBBBBBBFHIJJ
AAAAAAEEEEBBBBBBBBBBFHIJJ
AAAAAAEEEEBBBBBBBBBBFHIJJ
AAAAAAEEEEBBBBBBBBBBFHIJJ
AAAAAAEEEEBBBBBBBBBBFHIJJ
CCCCCCEEEEBBBBBBBBBBFHIJJ
CCCCCCEEEEDDDDDDDDDDFHIJJ
CCCCCCEEEEDDDDDDDDDDFHIJJ
CCCCCCEEEEDDDDDDDDDDFHIJJ
CCCCCCEEEEDDDDDDDDDDFHIJJ
CCCCCCEEEEDDDDDDDDDDFHIJJ
CCCCCCEEEEDDDDDDDDDDFHIJJ
CCCCCCEEEEDDDDDDDDDDFHIJJ
CCCCCCEEEEDDDDDDDDDDFHIJJ
CCCCCCEEEEDDDDDDDDDDFHIJJ
CCCCCCEEEEDDDDDDDDDDFHIJJ
CCCCCCEEEEDDDDDDDDDDFHIJJ
CCCCCCEEEEDDDDDDDDDDFHIJJ
CCCCCCEEEEDDDDDDDDDDFHIJJ
CCCCCCEEEEDDDDDDDDDDGHIJJ
CCCCCCEEEEDDDDDDDDDDGHIJJ
CCCCCCEEEEDDDDDDDDDDGHIJJ
CCCCCCEEEEDDDDDDDDDDGHIJJ
CCCCCCEEEEDDDDDDDDDDGHIJJ
CCCCCCEEEEDDDDDDDDDDGHIJJ
Case #65:
HPBWQFICCASSSSSSSSSSSSSSS
HPBWQFICCASSSSSSSSSSSSSSS
HPBWQFICCASSSSSSSSSSSSSSS
HPBWQFICCASSSSSSSSSSSSSSS
HPBWQFICCASSSSSSSSSSSSSSS
HPBWQFICCASSSSSSSSSSSSSSS
HPBWQFICCASSSSSSSSSSSSSSS
HPBWQFICCASSSSSSSSSSSSSSS
HPBWQFICCASSSSSSSSSSSSSSS
HPBWQFICCASSSSSSSSSSSSSSS
HPBWQFICCASSSSSSSSSSSSSSS
HJBWQFICCASSSSSSSSSSSSSSS
HJBWQFICCASSSSSSSSSSSSSSS
HJBWVFICCASSSSSSSSSSSSSSS
ZJBWVFICCASSSSSSSSSSSSSSS
OJBWVFECCASSSSSSSSSSSSSSS
OJTWVFECCASSSSSSSSSSSSSSS
OJTWVFYCCASSSSSSSSSSSSSSS
OJTWVFUCCASSSSSSSSSSSSSSS
XLNMDFUKKASSSSSSSSSSSSSSS
XLNMDFUKKASSSSSSSSSSSSSSS
XLNMDFUKKASSSSSSSSSSSSSSS
XLNMRFUKKASSSSSSSSSSSSSSS
XLNMRFUKKASSSSSSSSSSSSSSS
XLNMGFUKKASSSSSSSSSSSSSSS
Case #66:
TGAYSHNJOOOOOOOOOOOOOOOOO
TGAYSHNJOOOOOOOOOOOOOOOOO
PGAYSHNJOOOOOOOOOOOOOOOOO
PGAYSHNJOOOOOOOOOOOOOOOOO
PGAYSHNJOOOOOOOOOOOOOOOOO
BGQYEHNJOOOOOOOOOOOOOOOOO
BGQYEHNJOOOOOOOOOOOOOOOOO
BGQFEHNJOOOOOOOOOOOOOOOOO
IGQFEHNWOOOOOOOOOOOOOOOOO
IMQFEHVULLLLLLLLLLLLLLLLL
IMQFEHVULLLLLLLLLLLLLLLLL
IMQKEHVULLLLLLLLLLLLLLLLL
IZQKEHVULLLLLLLLLLLLLLLLL
IZQKEHVULLLLLLLLLLLLLLLLL
RDQKEHVULLLLLLLLLLLLLLLLL
RDQKEHVULLLLLLLLLLLLLLLLL
RDCKEHVULLLLLLLLLLLLLLLLL
XDCKEHVULLLLLLLLLLLLLLLLL
XDCKEHVULLLLLLLLLLLLLLLLL
XDCKEHVULLLLLLLLLLLLLLLLL
XDCKEHVULLLLLLLLLLLLLLLLL
XDCKEHVULLLLLLLLLLLLLLLLL
XDCKEHVULLLLLLLLLLLLLLLLL
XDCKEHVULLLLLLLLLLLLLLLLL
XDCKEHVULLLLLLLLLLLLLLLLL
Case #67:
AAAAAAAAAAAAAAAAAAAAAAAAA
AAAAAAAAAAAAAAAAAAAAAAAAA
AAAAAAAAAAAAAAAAAAAAAAAAA
AAAAAAAAAAAAAAAAAAAAAAAAA
AAAAAAAAAAAAAAAAAAAAAAAAA
AAAAAAAAAAAAAAAAAAAAAAAAA
AAAAAAAAAAAAAAAAAAAAAAAAA
AAAAAAAAAAAAAAAAAAAAAAAAA
AAAAAAAAAAAAAAAAAAAAAAAAA
AAAAAAAAAAAAAAAAAAAAAAAAA
AAAAAAAAAAAAAAAAAAAAAAAAA
AAAAAAAAAAAAAAAAAAAAAAAAA
AAAAAAAAAAAAAAAAAAAAAAAAA
AAAAAAAAAAAAAAAAAAAAAAAAA
AAAAAAAAAAAAAAAAAAAAAAAAA
AAAAAAAAAAAAAAAAAAAAAAAAA
AAAAAAAAAAAAAAAAAAAAAAAAA
AAAAAAAAAAAAAAAAAAAAAAAAA
AAAAAAAAAAAAAAAAAAAAAAAAA
AAAAAAAAAAAAAAAAAAAAAAAAA
AAAAAAAAAAAAAAAAAAAAAAAAA
AAAAAAAAAAAAAAAAAAAAAAAAA
AAAAAAAAAAAAAAAAAAAAAAAAA
AAAAAAAAAAAAAAAAAAAAAAAAA
AAAAAAAAAAAAAAAAAAAAAAAAA
Case #68:
OOOQKKMWHSZPFRELLLLGGATTY
OOOQKKMWHSZPFRELLLLGGATTY
OOOQKKMWHSZPFRELLLLGGATTY
OOOQKKMWHSZPFRELLLLGGATTY
OOOQKKMWHSZPFRELLLLGGATTY
OOOQKKMWHSZPFRELLLLGGATTY
OOOQKKMWHSZPFRELLLLGGATTY
OOOQKKMWHSZPFRELLLLGGATTY
OOOQKKMWHSZPFRELLLLGGATTY
OOOQKKMWHSZXFRELLLLGGATTY
OOOQKKMWHSZXFRELLLLGGATTY
OOOQKKMWHSZXFRELLLLGGATTY
OOOQKKMWHSZXFRELLLLGGATTY
OOOQKKMWHSZXFRELLLLGGATTY
OOOQKKMNHSZXFRELLLLGGATTJ
OOOQKKMNHSZBFRELLLLGGATTJ
OOOQKKMNHSZBFRELLLLGGATTJ
OOOQKKMNHSZBFRELLLLGGDTTJ
OOOQKKMNHSZBFRELLLLGGDTTJ
OOOQKKMNHSZBFRELLLLGGDTTJ
OOOQKKMNHSZBFRELLLLGGDTTJ
OOOQKKMNHSZBFRELLLLGGDTTJ
OOOQKKMNHSZUCRELLLLGGDTTJ
OOOQKKMNHSZUCRELLLLGGDTTJ
IIIQKKMNHSZUCRELLLLGGDVVJ
Case #69:
BCC
BCC
BCC
BAA
Case #70:
EDCB
EACB
EFCB
Case #71:
PPPPPPSSSIIIWLHRXXCGQKZJD
PPPPPPSSSIIIWLHRXXCGQKZJD
PPPPPPSSSIIIWLHRXXCGQKZJD
PPPPPPSSSIIIWLHRXXCGQKZJD
PPPPPPSSSIIIWLHRXXCGQKZJD
PPPPPPSSSIIIWLHRXXCGQKZJD
PPPPPPSSSIIIWLHRXXCGQKZJD
PPPPPPSSSIIIWLHRXXCGQKZJD
PPPPPPSSSIIIWLHRXXCGQKZJD
PPPPPPSSSIIIWLHRXXCGQKMJD
PPPPPPSSSIIIWLHRXXCGQKMJD
PPPPPPSSSIIIWLHRXXCGQKMJD
PPPPPPSSSIIIWLHRXXCGQKMJD
PPPPPPSSSIIIWLHRXXCGQKMJD
PPPPPPSSSIIIVLHRXXCGQKMJD
PPPPPPSSSIIIVLHRXXCGQKNJD
PPPPPPSSSIIIVLHRXXCGQKNJD
PPPPPPSSSIIIVUHRXXCGQKBJE
PPPPPPSSSIIIVUHAXXCGQKBJE
PPPPPPSSSIIITUHAXXCGYKBJE
PPPPPPSSSIIITUHAXXCGYKBJE
PPPPPPSSSIIITUHAXXCGYKBJE
PPPPPPSSSIIITUOAXXFGYKBJE
PPPPPPSSSIIITUOAXXFGYKBJE
PPPPPPSSSIIITUOAXXFGYKBJE
Case #72:
CDB
ADB
EDB
Case #73:
AA
AA
Case #74:
A
Case #75:
MMYKUAAAAAAHHSSXTPZFLLQDV
MMYKUAAAAAAHHSSXTPZFLLQDV
MMYKUAAAAAAHHSSXTPZFLLQDV
MMEKUAAAAAAHHSSXTPZFLLQDV
MMEKUAAAAAAHHSSXTPZBLLQDV
MMEKUAAAAAAHHSSXTPZBLLQJV
MMEKUAAAAAAHHSSXTPZWLLQJV
MMEKUAAAAAAHHSSXTPZWLLQJV
MMEKUAAAAAAHHSSXTPZWLLQJV
MMEKUAAAAAAHHSSXTPZWLLQJV
MMEKUAAAAAAHHSSXTPZWLLQJV
OOEKUAAAAAAHHSSXTPZWLLQJG
OOEKUAAAAAAHHSSXTPZWLLQJG
OOEKUAAAAAAHHSSXTPZWLLQJI
OOEKUAAAAAAHHSSXTPZWLLQJI
OOEKUAAAAAAHHSSXTPZWLLQJI
OOEKUAAAAAAHHSSXTPZWLLQJI
OOEKUAAAAAAHHSSXTPZWLLQJI
OOEKUAAAAAAHHSSXTPZWLLQJI
OOEKUAAAAAAHHSSXTPZWLLQJI
OOEKUAAAAAAHHSSXTPZWLLQJI
OOEKUAAAAAAHHSSXTPZWLLQJI
OOEKCAAAAAAHHSSXTPZWLLQJI
OOEKCAAAAAAHHSSXNRZWLLQJI
OOEKCAAAAAAHHSSXNRZWLLQJI
Case #76:
AAAAAAEEEEBBBFHIJJJJJJJJJ
AAAAAAEEEEBBBFHIJJJJJJJJJ
AAAAAAEEEEBBBFHIJJJJJJJJJ
AAAAAAEEEEBBBFHIJJJJJJJJJ
AAAAAAEEEEBBBFHIJJJJJJJJJ
AAAAAAEEEEBBBFHIJJJJJJJJJ
AAAAAAEEEEBBBFHIJJJJJJJJJ
AAAAAAEEEEBBBFHIJJJJJJJJJ
AAAAAAEEEEBBBFHIJJJJJJJJJ
CCCCCCEEEEBBBFHIJJJJJJJJJ
CCCCCCEEEEDDDFHIJJJJJJJJJ
CCCCCCEEEEDDDFHIJJJJJJJJJ
CCCCCCEEEEDDDFHIJJJJJJJJJ
CCCCCCEEEEDDDFHIJJJJJJJJJ
CCCCCCEEEEDDDFHIJJJJJJJJJ
CCCCCCEEEEDDDFHIJJJJJJJJJ
CCCCCCEEEEDDDFHIJJJJJJJJJ
CCCCCCEEEEDDDFHIJJJJJJJJJ
CCCCCCEEEEDDDFHIJJJJJJJJJ
CCCCCCEEEEDDDFHIJJJJJJJJJ
CCCCCCEEEEDDDFHIJJJJJJJJJ
CCCCCCEEEEDDDFHIJJJJJJJJJ
CCCCCCEEEEDDDFHIJJJJJJJJJ
CCCCCCEEEEDDDFHIJJJJJJJJJ
CCCCCCEEEEDDDGHIJJJJJJJJJ
Case #77:
AAAAAAAAAAAACDEEEEEEEEEEE
AAAAAAAAAAAACDEEEEEEEEEEE
AAAAAAAAAAAACDEEEEEEEEEEE
AAAAAAAAAAAACDEEEEEEEEEEE
AAAAAAAAAAAACDEEEEEEEEEEE
AAAAAAAAAAAACDEEEEEEEEEEE
AAAAAAAAAAAACDEEEEEEEEEEE
AAAAAAAAAAAACDEEEEEEEEEEE
AAAAAAAAAAAACDEEEEEEEEEEE
AAAAAAAAAAAACDEEEEEEEEEEE
AAAAAAAAAAAACDEEEEEEEEEEE
AAAAAAAAAAAACDEEEEEEEEEEE
AAAAAAAAAAAACDEEEEEEEEEEE
AAAAAAAAAAAACDEEEEEEEEEEE
AAAAAAAAAAAACDEEEEEEEEEEE
AAAAAAAAAAAACDEEEEEEEEEEE
AAAAAAAAAAAACDEEEEEEEEEEE
BBBBBBBBBBBBCDEEEEEEEEEEE
BBBBBBBBBBBBCDEEEEEEEEEEE
BBBBBBBBBBBBCDEEEEEEEEEEE
BBBBBBBBBBBBCDEEEEEEEEEEE
BBBBBBBBBBBBCDEEEEEEEEEEE
BBBBBBBBBBBBCDEEEEEEEEEEE
BBBBBBBBBBBBCDEEEEEEEEEEE
BBBBBBBBBBBBCDEEEEEEEEEEE
Case #78:
BBBBBBBBBBBBBMGIQXPHJJJJJ
BBBBBBBBBBBBBMGIQXPHJJJJJ
BBBBBBBBBBBBBMGIQXPHJJJJJ
BBBBBBBBBBBBBMGIQXPHJJJJJ
BBBBBBBBBBBBBMGIQXPHJJJJJ
BBBBBBBBBBBBBMGIQXPHJJJJJ
BBBBBBBBBBBBBMGIQXPHJJJJJ
BBBBBBBBBBBBBMGIQXPHJJJJJ
BBBBBBBBBBBBBMGIQXPHJJJJJ
BBBBBBBBBBBBBMGIQXPHJJJJJ
BBBBBBBBBBBBBMGIQXPHJJJJJ
BBBBBBBBBBBBBMGIDXPHJJJJJ
BBBBBBBBBBBBBMGIDXPHJJJJJ
BBBBBBBBBBBBBMYIDVLHJJJJJ
BBBBBBBBBBBBBMWIRVLHCCCCC
TTTTTTTTTTTTTEAIRVZHCCCCC
TTTTTTTTTTTTTEUORSZHCCCCC
TTTTTTTTTTTTTEUKRSZHCCCCC
TTTTTTTTTTTTTEUNRFZHCCCCC
TTTTTTTTTTTTTEUNRFZHCCCCC
TTTTTTTTTTTTTEUNRFZHCCCCC
TTTTTTTTTTTTTEUNRFZHCCCCC
TTTTTTTTTTTTTEUNRFZHCCCCC
TTTTTTTTTTTTTEUNRFZHCCCCC
TTTTTTTTTTTTTEUNRFZHCCCCC
Case #79:
AACDEEEEEEEEEEEEEEFJJJJGG
AACDEEEEEEEEEEEEEEFJJJJGG
AACDEEEEEEEEEEEEEEFJJJJGG
AACDEEEEEEEEEEEEEEFJJJJGG
AACDEEEEEEEEEEEEEEFJJJJGG
BBCDEEEEEEEEEEEEEEFJJJJGG
BBCDEEEEEEEEEEEEEEFJJJJGG
BBCDEEEEEEEEEEEEEEFJJJJGG
BBCDEEEEEEEEEEEEEEFJJJJGG
BBCDEEEEEEEEEEEEEEFJJJJGG
BBCDEEEEEEEEEEEEEEFJJJJGG
BBCDEEEEEEEEEEEEEEFJJJJGG
BBCDEEEEEEEEEEEEEEFJJJJGG
BBCDEEEEEEEEEEEEEEFJJJJGG
BBCDEEEEEEEEEEEEEEFJJJJGG
BBCDEEEEEEEEEEEEEEFJJJJGG
BBCDEEEEEEEEEEEEEEFJJJJGG
BBCDEEEEEEEEEEEEEEFJJJJGG
BBCDEEEEEEEEEEEEEEFJJJJGG
BBCDEEEEEEEEEEEEEEFJJJJGG
BBCDEEEEEEEEEEEEEEHJJJJGG
BBCDEEEEEEEEEEEEEEHJJJJII
BBCDEEEEEEEEEEEEEEHJJJJII
BBCDEEEEEEEEEEEEEEHJJJJII
BBCDEEEEEEEEEEEEEEHJJJJII
Case #80:
AAAAAAAAAAAAAAAAAAAAAACDE
AAAAAAAAAAAAAAAAAAAAAACDE
AAAAAAAAAAAAAAAAAAAAAACDE
AAAAAAAAAAAAAAAAAAAAAACDE
AAAAAAAAAAAAAAAAAAAAAACDE
AAAAAAAAAAAAAAAAAAAAAACDE
AAAAAAAAAAAAAAAAAAAAAACDE
AAAAAAAAAAAAAAAAAAAAAACDE
AAAAAAAAAAAAAAAAAAAAAACDE
AAAAAAAAAAAAAAAAAAAAAACDE
AAAAAAAAAAAAAAAAAAAAAACDE
AAAAAAAAAAAAAAAAAAAAAACDE
AAAAAAAAAAAAAAAAAAAAAACDE
AAAAAAAAAAAAAAAAAAAAAACDE
AAAAAAAAAAAAAAAAAAAAAACDE
AAAAAAAAAAAAAAAAAAAAAACDE
AAAAAAAAAAAAAAAAAAAAAACDE
AAAAAAAAAAAAAAAAAAAAAACDE
BBBBBBBBBBBBBBBBBBBBBBCDE
BBBBBBBBBBBBBBBBBBBBBBCDE
BBBBBBBBBBBBBBBBBBBBBBCDE
BBBBBBBBBBBBBBBBBBBBBBCDE
BBBBBBBBBBBBBBBBBBBBBBCDE
BBBBBBBBBBBBBBBBBBBBBBCDE
BBBBBBBBBBBBBBBBBBBBBBCDE
Case #81:
BDFC
BDFC
BDFC
BDFC
BDFC
AEGC
Case #82:
BA
Case #83:
GGGGDC
GGGGDC
GGGGDC
GGGGDC
GGGGAC
BBBBEF
Case #84:
ZW
ZL
ZA
ZA
XA
XM
SB
SV
RV
UD
UD
UD
OD
FD
EY
EK
EK
IH
IH
IH
PQ
PN
CT
GJ
GJ
Case #85:
AAAAAAAAAAAAAAAAAAAAAACDE
AAAAAAAAAAAAAAAAAAAAAACDE
AAAAAAAAAAAAAAAAAAAAAACDE
AAAAAAAAAAAAAAAAAAAAAACDE
AAAAAAAAAAAAAAAAAAAAAACDE
AAAAAAAAAAAAAAAAAAAAAACDE
AAAAAAAAAAAAAAAAAAAAAACDE
AAAAAAAAAAAAAAAAAAAAAACDE
AAAAAAAAAAAAAAAAAAAAAACDE
AAAAAAAAAAAAAAAAAAAAAACDE
AAAAAAAAAAAAAAAAAAAAAACDE
AAAAAAAAAAAAAAAAAAAAAACDE
BBBBBBBBBBBBBBBBBBBBBBCDE
BBBBBBBBBBBBBBBBBBBBBBCDE
BBBBBBBBBBBBBBBBBBBBBBCDE
BBBBBBBBBBBBBBBBBBBBBBCDE
BBBBBBBBBBBBBBBBBBBBBBCDE
BBBBBBBBBBBBBBBBBBBBBBCDE
BBBBBBBBBBBBBBBBBBBBBBCDE
BBBBBBBBBBBBBBBBBBBBBBCDE
BBBBBBBBBBBBBBBBBBBBBBCDE
BBBBBBBBBBBBBBBBBBBBBBCDE
BBBBBBBBBBBBBBBBBBBBBBCDE
BBBBBBBBBBBBBBBBBBBBBBCDE
BBBBBBBBBBBBBBBBBBBBBBCDE
Case #86:
AAAAAAAAAAAAAAAAAAAAAAAAA
BBBBBBBBBBBBBBBBBBBBBBBBB
CCCCCCCCCCCCCCCCCCCCCCCCC
DDDDDDDDDDDDDDDDDDDDDDDDD
EEEEEEEEEEEEEEEEEEEEEEEEE
FFFFFFFFFFFFFFFFFFFFFFFFF
GGGGGGGGGGGGGGGGGGGGGGGGG
HHHHHHHHHHHHHHHHHHHHHHHHH
IIIIIIIIIIIIIIIIIIIIIIIII
JJJJJJJJJJJJJJJJJJJJJJJJJ
KKKKKKKKKKKKKKKKKKKKKKKKK
LLLLLLLLLLLLLLLLLLLLLLLLL
MMMMMMMMMMMMMMMMMMMMMMMMM
NNNNNNNNNNNNNNNNNNNNNNNNN
OOOOOOOOOOOOOOOOOOOOOOOOO
PPPPPPPPPPPPPPPPPPPPPPPPP
QQQQQQQQQQQQQQQQQQQQQQQQQ
RRRRRRRRRRRRRRRRRRRRRRRRR
SSSSSSSSSSSSSSSSSSSSSSSSS
TTTTTTTTTTTTTTTTTTTTTTTTT
UUUUUUUUUUUUUUUUUUUUUUUUU
VVVVVVVVVVVVVVVVVVVVVVVVV
WWWWWWWWWWWWWWWWWWWWWWWWW
XXXXXXXXXXXXXXXXXXXXXXXXX
YYYYYYYYYYYYYYYYYYYYYYYYY
Case #87:
AAAAAAAAAAAAAAAAAAAAAAAAA
BBBBBBBBBBBBBBBBBBBBBBBBB
CCCCCCCCCCCCCCCCCCCCCCCCC
DDDDDDDDDDDDDDDDDDDDDDDDD
EEEEEEEEEEEEEEEEEEEEEEEEE
FFFFFFFFFFFFFFFFFFFFFFFFF
GGGGGGGGGGGGGGGGGGGGGGGGG
HHHHHHHHHHHHHHHHHHHHHHHHH
IIIIIIIIIIIIIIIIIIIIIIIII
JJJJJJJJJJJJJJJJJJJJJJJJJ
KKKKKKKKKKKKKKKKKKKKKKKKK
LLLLLLLLLLLLLLLLLLLLLLLLL
MMMMMMMMMMMMMMMMMMMMMMMMM
NNNNNNNNNNNNNNNNNNNNNNNNN
OOOOOOOOOOOOOOOOOOOOOOOOO
PPPPPPPPPPPPPPPPPPPPPPPPP
QQQQQQQQQQQQQQQQQQQQQQQQQ
RRRRRRRRRRRRRRRRRRRRRRRRR
SSSSSSSSSSSSSSSSSSSSSSSSS
TTTTTTTTTTTTTTTTTTTTTTTTT
UUUUUUUUUUUUUUUUUUUUUUUUU
VVVVVVVVVVVVVVVVVVVVVVVVV
WWWWWWWWWWWWWWWWWWWWWWWWW
XXXXXXXXXXXXXXXXXXXXXXXXX
YYYYYYYYYYYYYYYYYYYYYYYYY
Case #88:
AAAAAAAAAAEEEEBBBBBBBBBBB
AAAAAAAAAAEEEEBBBBBBBBBBB
AAAAAAAAAAEEEEBBBBBBBBBBB
AAAAAAAAAAEEEEBBBBBBBBBBB
AAAAAAAAAAEEEEBBBBBBBBBBB
AAAAAAAAAAEEEEBBBBBBBBBBB
AAAAAAAAAAEEEEBBBBBBBBBBB
AAAAAAAAAAEEEEBBBBBBBBBBB
CCCCCCCCCCEEEEBBBBBBBBBBB
CCCCCCCCCCEEEEDDDDDDDDDDD
CCCCCCCCCCEEEEDDDDDDDDDDD
CCCCCCCCCCEEEEDDDDDDDDDDD
CCCCCCCCCCEEEEDDDDDDDDDDD
CCCCCCCCCCEEEEDDDDDDDDDDD
CCCCCCCCCCEEEEDDDDDDDDDDD
CCCCCCCCCCEEEEDDDDDDDDDDD
CCCCCCCCCCEEEEDDDDDDDDDDD
CCCCCCCCCCEEEEDDDDDDDDDDD
CCCCCCCCCCEEEEDDDDDDDDDDD
CCCCCCCCCCEEEEDDDDDDDDDDD
CCCCCCCCCCEEEEDDDDDDDDDDD
CCCCCCCCCCEEEEDDDDDDDDDDD
CCCCCCCCCCEEEEDDDDDDDDDDD
CCCCCCCCCCEEEEDDDDDDDDDDD
CCCCCCCCCCEEEEDDDDDDDDDDD
Case #89:
B
A
Case #90:
LLOPWWKKKKDVXSSFFAYTTTNRR
LLOPWWKKKKDVXSSFFAYTTTNRR
LLOPWWKKKKDVXSSFFAYTTTNRR
LLOPWWKKKKDIXSSFFAYTTTNRR
LLOPWWKKKKDIXSSFFAYTTTNRR
LLOPWWKKKKDIXSSFFAYTTTNRR
LLOPWWKKKKDIXSSFFAYTTTNRR
LLOPWWKKKKDIXSSFFAYTTTNRR
LLOPWWKKKKQIXSSFFAYTTTNRR
LLOPWWKKKKQIXSSFFAYTTTNRR
LLOPWWKKKKQIXSSFFAYTTTNRR
LLOPWWKKKKGIXSSFFAYTTTNRR
LLOPWWKKKKGIXSSFFAYTTTNRR
LLOPWWKKKKGIXSSFFZYTTTNRR
LLOPWWKKKKGIXSSFFZYTTTNRR
LLOPWWKKKKGIXSSFFZYTTTNRR
HHOPWWKKKKGIXSSFFZYTTTNRR
HHOPWWKKKKGIXSSFFZETTTNRR
HHOPWWKKKKGIXSSMMZETTTNRR
HHOPWWKKKKGIXSSMMZETTTNRR
HHOPWWKKKKGIXSSMMZETTTNBB
HHOPWWKKKKGIXSSMMZETTTNBB
HHOPWWKKKKGIXSSMMZETTTNBB
HHOUWWKKKKGIXCCMMZJTTTNBB
HHOUWWKKKKGIXCCMMZJTTTNBB
Case #91:
AAAAACDEEEEEFJJJJGGGGGGGG
AAAAACDEEEEEFJJJJGGGGGGGG
AAAAACDEEEEEFJJJJGGGGGGGG
AAAAACDEEEEEFJJJJGGGGGGGG
AAAAACDEEEEEFJJJJGGGGGGGG
AAAAACDEEEEEFJJJJGGGGGGGG
AAAAACDEEEEEFJJJJGGGGGGGG
BBBBBCDEEEEEFJJJJGGGGGGGG
BBBBBCDEEEEEFJJJJGGGGGGGG
BBBBBCDEEEEEFJJJJGGGGGGGG
BBBBBCDEEEEEFJJJJGGGGGGGG
BBBBBCDEEEEEFJJJJGGGGGGGG
BBBBBCDEEEEEFJJJJGGGGGGGG
BBBBBCDEEEEEFJJJJGGGGGGGG
BBBBBCDEEEEEFJJJJGGGGGGGG
BBBBBCDEEEEEHJJJJGGGGGGGG
BBBBBCDEEEEEHJJJJIIIIIIII
BBBBBCDEEEEEHJJJJIIIIIIII
BBBBBCDEEEEEHJJJJIIIIIIII
BBBBBCDEEEEEHJJJJIIIIIIII
BBBBBCDEEEEEHJJJJIIIIIIII
BBBBBCDEEEEEHJJJJIIIIIIII
BBBBBCDEEEEEHJJJJIIIIIIII
BBBBBCDEEEEEHJJJJIIIIIIII
BBBBBCDEEEEEHJJJJIIIIIIII
Case #92:
TTEGBIINOWCQPDAZZZZZZZZZZ
TTYGBIINOWCQPDAZZZZZZZZZZ
TTYGBIIUOWCQPDAZZZZZZZZZZ
TTKGBIIUORCQPDAZZZZZZZZZZ
TTKGBIIVORXQPDAZZZZZZZZZZ
TTKGBIIVORXQPDAZZZZZZZZZZ
TTKGBIIVORSQPDAZZZZZZZZZZ
TTKGBMMVORSQPDAZZZZZZZZZZ
TTKGBMMVJFSQPDAZZZZZZZZZZ
TTKGBHHVJFSQPDAZZZZZZZZZZ
TTKGBHHVJFSQPDAZZZZZZZZZZ
TTKGBHHVLFSQPDAZZZZZZZZZZ
TTKGBHHVLFSQPDAZZZZZZZZZZ
TTKGBHHVLFSQPDAZZZZZZZZZZ
TTKGBHHVLFSQPDAZZZZZZZZZZ
TTKGBHHVLFSQPDAZZZZZZZZZZ
TTKGBHHVLFSQPDAZZZZZZZZZZ
TTKGBHHVLFSQPDAZZZZZZZZZZ
TTKGBHHVLFSQPDAZZZZZZZZZZ
TTKGBHHVLFSQPDAZZZZZZZZZZ
TTKGBHHVLFSQPDAZZZZZZZZZZ
TTKGBHHVLFSQPDAZZZZZZZZZZ
TTKGBHHVLFSQPDAZZZZZZZZZZ
TTKGBHHVLFSQPDAZZZZZZZZZZ
TTKGBHHVLFSQPDAZZZZZZZZZZ
Case #93:
EHFJ
EDFC
EAFG
IABG
Case #94:
MMMMMMMMMMFSQNLUJVPPPPPPP
MMMMMMMMMMFSQNLUJVPPPPPPP
MMMMMMMMMMFSQNLUJVPPPPPPP
MMMMMMMMMMFSQNLUJVPPPPPPP
MMMMMMMMMMFSQNLOJVPPPPPPP
MMMMMMMMMMFSTNLOZVPPPPPPP
MMMMMMMMMMFSTNLOHVPPPPPPP
MMMMMMMMMMFSXNKOBVPPPPPPP
MMMMMMMMMMGIXNKCYVRRRRRRR
MMMMMMMMMMGEWNADYVRRRRRRR
MMMMMMMMMMGEWNADYVRRRRRRR
MMMMMMMMMMGEWNADYVRRRRRRR
MMMMMMMMMMGEWNADYVRRRRRRR
MMMMMMMMMMGEWNADYVRRRRRRR
MMMMMMMMMMGEWNADYVRRRRRRR
MMMMMMMMMMGEWNADYVRRRRRRR
MMMMMMMMMMGEWNADYVRRRRRRR
MMMMMMMMMMGEWNADYVRRRRRRR
MMMMMMMMMMGEWNADYVRRRRRRR
MMMMMMMMMMGEWNADYVRRRRRRR
MMMMMMMMMMGEWNADYVRRRRRRR
MMMMMMMMMMGEWNADYVRRRRRRR
MMMMMMMMMMGEWNADYVRRRRRRR
MMMMMMMMMMGEWNADYVRRRRRRR
MMMMMMMMMMGEWNADYVRRRRRRR
Case #95:
AAAAAAAAAAAAAAAAAAAAAACDE
AAAAAAAAAAAAAAAAAAAAAACDE
AAAAAAAAAAAAAAAAAAAAAACDE
AAAAAAAAAAAAAAAAAAAAAACDE
AAAAAAAAAAAAAAAAAAAAAACDE
AAAAAAAAAAAAAAAAAAAAAACDE
AAAAAAAAAAAAAAAAAAAAAACDE
AAAAAAAAAAAAAAAAAAAAAACDE
AAAAAAAAAAAAAAAAAAAAAACDE
AAAAAAAAAAAAAAAAAAAAAACDE
BBBBBBBBBBBBBBBBBBBBBBCDE
BBBBBBBBBBBBBBBBBBBBBBCDE
BBBBBBBBBBBBBBBBBBBBBBCDE
BBBBBBBBBBBBBBBBBBBBBBCDE
BBBBBBBBBBBBBBBBBBBBBBCDE
BBBBBBBBBBBBBBBBBBBBBBCDE
BBBBBBBBBBBBBBBBBBBBBBCDE
BBBBBBBBBBBBBBBBBBBBBBCDE
BBBBBBBBBBBBBBBBBBBBBBCDE
BBBBBBBBBBBBBBBBBBBBBBCDE
BBBBBBBBBBBBBBBBBBBBBBCDE
BBBBBBBBBBBBBBBBBBBBBBCDE
BBBBBBBBBBBBBBBBBBBBBBCDE
BBBBBBBBBBBBBBBBBBBBBBCDE
BBBBBBBBBBBBBBBBBBBBBBCDE
Case #96:
KKKKKKEOGBPAVDDDDDDDDDDDD
KKKKKKEOGBPAVDDDDDDDDDDDD
KKKKKKEOGBPAVDDDDDDDDDDDD
KKKKKKEOGBPAVDDDDDDDDDDDD
KKKKKKEOGBPAVDDDDDDDDDDDD
KKKKKKEOGBPAVDDDDDDDDDDDD
KKKKKKEOGBPAVDDDDDDDDDDDD
KKKKKKEOGBPAVDDDDDDDDDDDD
KKKKKKEOGBPAVDDDDDDDDDDDD
KKKKKKEOGBPAVDDDDDDDDDDDD
KKKKKKEWGQPTVDDDDDDDDDDDD
KKKKKKEWGQCNSDDDDDDDDDDDD
KKKKKKJWUQXNLMMMMMMMMMMMM
KKKKKKJWZQFNRMMMMMMMMMMMM
KKKKKKIWZQHNRMMMMMMMMMMMM
KKKKKKIWZQHNRMMMMMMMMMMMM
KKKKKKIWZYHNRMMMMMMMMMMMM
KKKKKKIWZYHNRMMMMMMMMMMMM
KKKKKKIWZYHNRMMMMMMMMMMMM
KKKKKKIWZYHNRMMMMMMMMMMMM
KKKKKKIWZYHNRMMMMMMMMMMMM
KKKKKKIWZYHNRMMMMMMMMMMMM
KKKKKKIWZYHNRMMMMMMMMMMMM
KKKKKKIWZYHNRMMMMMMMMMMMM
KKKKKKIWZYHNRMMMMMMMMMMMM
Case #97:
BBBJLLNDROYYAMMKHHZSPWWWI
BBBJLLNDROYYAMMKHHZSPWWWI
BBBJLLCGROYYAMMKHHZSPWWWI
BBBJLLCGROYYAMMKHHZSPWWWI
BBBJLLCGROYYAMMKHHZSPWWWI
BBBJLLCGROYYAMMKHHZSPWWWI
BBBJLLCGROYYAMMKHHZSPWWWI
BBBJLLCGROYYAMMKHHZSPWWWI
BBBJLLCGROYYAMMKHHZSPWWWI
BBBJLLCGROYYAMMKHHZSPWWWI
BBBJLLCGRQYYAMMKHHZSPWWWI
BBBJLLCGRQYYAMMKHHZSPWWWI
BBBJLLCGRQYYAMMKHHZSPWWWI
BBBJLLCXRQYYAMMKHHZSPWWWI
BBBJLLCXRQYYAMMKHHZSPWWWI
BBBJLLCXRQYYAMMKHHZSPFFFI
BBBJLLCXRQYYAMMKHHZSPTTTI
BBBJLLCXRQYYAMMKHHZSPTTTI
BBBELLCXRQYYAMMKHHZSPTTTI
BBBELLCXUQYYAMMKHHZSPTTTI
BBBELLCXUQYYVMMKHHZSPTTTI
BBBELLCXUQYYVMMKHHZSPTTTI
BBBELLCXUQYYVMMKHHZSPTTTI
BBBELLCXUQYYVMMKHHZSPTTTI
BBBELLCXUQYYVMMKHHZSPTTTI
Case #98:
DDDDDDDDDDDDDDGMEKOOWSNZF
DDDDDDDDDDDDDDGMEKOOWSNZF
DDDDDDDDDDDDDDGMEKOOWSNZF
DDDDDDDDDDDDDDGMEKOOWSNZF
DDDDDDDDDDDDDDGMEKOOWSNZF
DDDDDDDDDDDDDDGMEKOOWSNZF
DDDDDDDDDDDDDDGMEKOOWSNZF
DDDDDDDDDDDDDDGMEKOOWSNZF
DDDDDDDDDDDDDDGMEKOOWSNZF
DDDDDDDDDDDDDDGMEKOOWSNZF
DDDDDDDDDDDDDDGMEKOOWSNZF
DDDDDDDDDDDDDDGMEKOOWSNZF
DDDDDDDDDDDDDDGMEKOOWSNZF
DDDDDDDDDDDDDDGMEKOOWSNZF
DDDDDDDDDDDDDDGMEKOOWSNZF
DDDDDDDDDDDDDDGMEKOOWSNZF
DDDDDDDDDDDDDDGMEKOOWSNZF
DDDDDDDDDDDDDDGMEKOOWSNZJ
DDDDDDDDDDDDDDGMEKOOUSNQJ
DDDDDDDDDDDDDDGMEKOOUTNQJ
DDDDDDDDDDDDDDAMEKOOUTNQJ
DDDDDDDDDDDDDDABEKHHUTNVI
DDDDDDDDDDDDDDPXYKRRUTNVI
DDDDDDDDDDDDDDCXYKRRUTNVI
DDDDDDDDDDDDDDCXYKRRULNVI
Case #99:
MMMMMMMMMMMMMMMXTUFGSDLOO
MMMMMMMMMMMMMMMXTUFGSDLOO
MMMMMMMMMMMMMMMXTUFGSDLOO
MMMMMMMMMMMMMMMXTUFGSDLOO
MMMMMMMMMMMMMMMXTUFGSDLOO
MMMMMMMMMMMMMMMXTUFGSDLOO
MMMMMMMMMMMMMMMXTUFGSDLOO
MMMMMMMMMMMMMMMXTUFGSDLOO
MMMMMMMMMMMMMMMXTUFGSDLOO
MMMMMMMMMMMMMMMXTUFGSDLOO
MMMMMMMMMMMMMMMXTUFGSDLOO
MMMMMMMMMMMMMMMXTUFGSDLOO
MMMMMMMMMMMMMMMXTUFGSDLOO
MMMMMMMMMMMMMMMXTUFGSDLOO
MMMMMMMMMMMMMMMXTUFGSDLOO
MMMMMMMMMMMMMMMXTUFGSBLOO
MMMMMMMMMMMMMMMXTUFGSBVOO
MMMMMMMMMMMMMMMXTUZGSBNOO
MMMMMMMMMMMMMMMXTUZGSBNOO
MMMMMMMMMMMMMMMXTUZGSBHCC
MMMMMMMMMMMMMMMXTUZGSBHCC
MMMMMMMMMMMMMMMYTUZASBHCC
MMMMMMMMMMMMMMMPTUZASQRCC
MMMMMMMMMMMMMMMPTUZASQECC
MMMMMMMMMMMMMMMPJUZAWQIKK
Case #100:
DDABB
DDABB
DDABB
DDABB
DDCBB
DDCBB
DDCBB
