Case #1: 1
1 1 1
Case #2: 4
1 1 2
1 1 3
1 2 2
1 2 3
Case #3: 2
1 1 2
1 1 3
Case #4: 2
1 1 2
1 2 3
Case #5: 9
1 1 1
1 1 2
1 1 3
1 2 1
1 2 2
1 2 3
1 3 1
1 3 2
1 3 3
Case #6: 9
1 1 1
1 1 2
1 1 3
1 2 1
1 2 2
1 2 3
1 3 1
1 3 2
1 3 3
Case #7: 6
1 1 1
1 1 2
1 1 3
1 2 1
1 2 2
1 2 3
Case #8: 12
1 1 1
1 1 2
1 1 3
1 2 1
1 2 2
1 2 3
2 1 1
2 1 2
2 1 3
2 2 1
2 2 2
2 2 3
Case #9: 3
1 1 1
1 1 2
1 1 3
Case #10: 2
1 1 1
1 2 2
Case #11: 8
1 1 1
1 1 2
1 2 1
1 2 2
2 1 1
2 1 2
2 2 1
2 2 2
Case #12: 3
1 1 1
1 1 2
1 1 3
Case #13: 9
1 1 1
1 1 2
1 1 3
1 2 1
1 2 2
1 2 3
1 3 1
1 3 2
1 3 3
Case #14: 18
1 1 1
1 1 2
1 1 3
1 2 1
1 2 2
1 2 3
1 3 1
1 3 2
1 3 3
2 1 1
2 1 2
2 1 3
2 2 1
2 2 2
2 2 3
2 3 1
2 3 2
2 3 3
Case #15: 6
1 1 1
1 1 2
1 1 3
1 2 1
1 2 2
1 2 3
Case #16: 27
1 1 1
1 1 2
1 1 3
1 2 1
1 2 2
1 2 3
1 3 1
1 3 2
1 3 3
2 1 1
2 1 2
2 1 3
2 2 1
2 2 2
2 2 3
2 3 1
2 3 2
2 3 3
3 1 1
3 1 2
3 1 3
3 2 1
3 2 2
3 2 3
3 3 1
3 3 2
3 3 3
Case #17: 12
1 1 1
1 1 2
1 1 3
1 2 1
1 2 2
1 2 3
2 1 1
2 1 2
2 1 3
2 2 1
2 2 2
2 2 3
Case #18: 18
1 1 1
1 1 2
1 1 3
1 2 1
1 2 2
1 2 3
1 3 1
1 3 2
1 3 3
2 1 1
2 1 2
2 1 3
2 2 1
2 2 2
2 2 3
2 3 1
2 3 2
2 3 3
Case #19: 8
1 1 1
1 1 2
1 2 1
1 2 2
2 1 1
2 1 2
2 2 1
2 2 2
Case #20: 1
1 1 1
Case #21: 4
1 1 3
1 2 2
2 1 2
2 2 3
Case #22: 3
1 1 1
1 1 2
1 1 3
Case #23: 18
1 1 1
1 1 2
1 1 3
1 2 1
1 2 2
1 2 3
1 3 1
1 3 2
1 3 3
2 1 1
2 1 2
2 1 3
2 2 1
2 2 2
2 2 3
2 3 1
2 3 2
2 3 3
Case #24: 2
1 1 1
1 1 2
Case #25: 6
1 1 1
1 1 2
1 1 3
1 2 1
1 2 2
1 2 3
Case #26: 3
1 1 1
1 1 2
1 1 3
Case #27: 3
1 1 1
1 1 2
1 1 3
Case #28: 6
1 1 1
1 1 2
1 1 3
1 2 1
1 2 2
1 2 3
Case #29: 27
1 1 1
1 1 2
1 1 3
1 2 1
1 2 2
1 2 3
1 3 1
1 3 2
1 3 3
2 1 1
2 1 2
2 1 3
2 2 1
2 2 2
2 2 3
2 3 1
2 3 2
2 3 3
3 1 1
3 1 2
3 1 3
3 2 1
3 2 2
3 2 3
3 3 1
3 3 2
3 3 3
Case #30: 8
1 1 2
1 1 3
1 2 2
1 2 3
2 1 2
2 1 3
2 2 2
2 2 3
Case #31: 8
1 1 1
1 1 2
1 2 1
1 2 2
2 1 1
2 1 2
2 2 1
2 2 2
Case #32: 8
1 1 1
1 1 2
1 2 1
1 2 2
2 1 1
2 1 2
2 2 1
2 2 2
Case #33: 9
1 1 2
1 2 3
1 3 1
2 1 3
2 2 1
2 3 2
3 1 1
3 2 2
3 3 3
Case #34: 9
1 1 1
1 1 2
1 1 3
1 2 1
1 2 2
1 2 3
1 3 1
1 3 2
1 3 3
Case #35: 27
1 1 1
1 1 2
1 1 3
1 2 1
1 2 2
1 2 3
1 3 1
1 3 2
1 3 3
2 1 1
2 1 2
2 1 3
2 2 1
2 2 2
2 2 3
2 3 1
2 3 2
2 3 3
3 1 1
3 1 2
3 1 3
3 2 1
3 2 2
3 2 3
3 3 1
3 3 2
3 3 3
Case #36: 2
1 1 1
1 1 2
Case #37: 6
1 1 1
1 1 2
1 1 3
1 2 1
1 2 2
1 2 3
Case #38: 1
1 1 1
Case #39: 12
1 1 1
1 1 2
1 2 1
1 2 3
1 3 2
1 3 3
2 1 1
2 1 2
2 2 1
2 2 3
2 3 2
2 3 3
Case #40: 1
1 1 1
Case #41: 18
1 1 1
1 1 2
1 1 3
1 2 1
1 2 2
1 2 3
1 3 1
1 3 2
1 3 3
2 1 1
2 1 2
2 1 3
2 2 1
2 2 2
2 2 3
2 3 1
2 3 2
2 3 3
Case #42: 1
1 1 2
Case #43: 8
1 1 1
1 1 2
1 2 1
1 2 2
2 1 1
2 1 2
2 2 1
2 2 2
Case #44: 9
1 1 1
1 1 2
1 1 3
1 2 1
1 2 2
1 2 3
1 3 1
1 3 2
1 3 3
Case #45: 1
1 1 1
Case #46: 27
1 1 1
1 1 2
1 1 3
1 2 1
1 2 2
1 2 3
1 3 1
1 3 2
1 3 3
2 1 1
2 1 2
2 1 3
2 2 1
2 2 2
2 2 3
2 3 1
2 3 2
2 3 3
3 1 1
3 1 2
3 1 3
3 2 1
3 2 2
3 2 3
3 3 1
3 3 2
3 3 3
Case #47: 1
1 1 1
Case #48: 2
1 1 1
1 1 2
Case #49: 2
1 1 1
1 1 2
Case #50: 18
1 1 1
1 1 3
1 2 2
1 2 3
1 3 1
1 3 2
2 1 2
2 1 3
2 2 1
2 2 2
2 3 1
2 3 3
3 1 1
3 1 2
3 2 1
3 2 3
3 3 2
3 3 3
Case #51: 1
1 1 1
Case #52: 2
1 1 1
1 1 2
Case #53: 6
1 1 1
1 1 2
1 1 3
1 2 1
1 2 2
1 2 3
Case #54: 12
1 1 1
1 1 2
1 1 3
1 2 1
1 2 2
1 2 3
2 1 1
2 1 2
2 1 3
2 2 1
2 2 2
2 2 3
Case #55: 8
1 1 1
1 1 2
1 2 1
1 2 2
2 1 1
2 1 2
2 2 1
2 2 2
Case #56: 6
1 1 1
1 1 2
1 1 3
1 2 1
1 2 2
1 2 3
Case #57: 8
1 1 1
1 1 2
1 2 1
1 2 2
2 1 1
2 1 2
2 2 1
2 2 2
Case #58: 6
1 1 1
1 1 2
1 1 3
1 2 1
1 2 2
1 2 3
Case #59: 4
1 1 1
1 1 2
1 2 1
1 2 2
Case #60: 6
1 1 3
1 2 1
1 3 2
2 1 1
2 2 2
2 3 3
Case #61: 8
1 1 1
1 1 2
1 2 1
1 2 2
2 1 1
2 1 2
2 2 1
2 2 2
Case #62: 3
1 1 1
1 2 2
1 3 3
Case #63: 18
1 1 1
1 1 2
1 1 3
1 2 1
1 2 2
1 2 3
1 3 1
1 3 2
1 3 3
2 1 1
2 1 2
2 1 3
2 2 1
2 2 2
2 2 3
2 3 1
2 3 2
2 3 3
Case #64: 1
1 1 1
Case #65: 3
1 1 1
1 1 2
1 1 3
Case #66: 9
1 1 1
1 1 2
1 1 3
1 2 1
1 2 2
1 2 3
1 3 1
1 3 2
1 3 3
Case #67: 4
1 1 1
1 1 2
1 2 1
1 2 2
Case #68: 4
1 1 1
1 1 2
1 2 1
1 2 2
Case #69: 1
1 1 1
Case #70: 18
1 1 1
1 1 2
1 1 3
1 2 1
1 2 2
1 2 3
1 3 1
1 3 2
1 3 3
2 1 1
2 1 2
2 1 3
2 2 1
2 2 2
2 2 3
2 3 1
2 3 2
2 3 3
Case #71: 6
1 1 1
1 1 2
1 2 1
1 2 3
1 3 2
1 3 3
Case #72: 4
1 1 1
1 1 2
1 2 1
1 2 2
Case #73: 12
1 1 1
1 1 2
1 1 3
1 2 1
1 2 2
1 2 3
2 1 1
2 1 2
2 1 3
2 2 1
2 2 2
2 2 3
Case #74: 8
1 1 1
1 1 2
1 2 1
1 2 2
2 1 1
2 1 2
2 2 1
2 2 2
Case #75: 12
1 1 1
1 1 2
1 1 3
1 2 1
1 2 2
1 2 3
2 1 1
2 1 2
2 1 3
2 2 1
2 2 2
2 2 3
Case #76: 9
1 1 1
1 1 2
1 1 3
1 2 1
1 2 2
1 2 3
1 3 1
1 3 2
1 3 3
Case #77: 4
1 1 1
1 1 2
1 2 1
1 2 2
Case #78: 12
1 1 1
1 1 2
1 1 3
1 2 1
1 2 2
1 2 3
2 1 1
2 1 2
2 1 3
2 2 1
2 2 2
2 2 3
Case #79: 4
1 1 1
1 1 2
1 2 1
1 2 2
Case #80: 1
1 1 1
Case #81: 18
1 1 1
1 1 2
1 1 3
1 2 1
1 2 2
1 2 3
1 3 1
1 3 2
1 3 3
2 1 1
2 1 2
2 1 3
2 2 1
2 2 2
2 2 3
2 3 1
2 3 2
2 3 3
Case #82: 27
1 1 1
1 1 2
1 1 3
1 2 1
1 2 2
1 2 3
1 3 1
1 3 2
1 3 3
2 1 1
2 1 2
2 1 3
2 2 1
2 2 2
2 2 3
2 3 1
2 3 2
2 3 3
3 1 1
3 1 2
3 1 3
3 2 1
3 2 2
3 2 3
3 3 1
3 3 2
3 3 3
Case #83: 4
1 1 1
1 1 2
1 2 1
1 2 2
Case #84: 1
1 1 3
Case #85: 18
1 1 1
1 1 2
1 1 3
1 2 1
1 2 2
1 2 3
1 3 1
1 3 2
1 3 3
2 1 1
2 1 2
2 1 3
2 2 1
2 2 2
2 2 3
2 3 1
2 3 2
2 3 3
Case #86: 2
1 1 1
1 1 2
Case #87: 4
1 1 1
1 1 2
1 2 1
1 2 2
Case #88: 3
1 1 1
1 1 2
1 1 3
Case #89: 2
1 1 1
1 1 2
Case #90: 27
1 1 1
1 1 2
1 1 3
1 2 1
1 2 2
1 2 3
1 3 1
1 3 2
1 3 3
2 1 1
2 1 2
2 1 3
2 2 1
2 2 2
2 2 3
2 3 1
2 3 2
2 3 3
3 1 1
3 1 2
3 1 3
3 2 1
3 2 2
3 2 3
3 3 1
3 3 2
3 3 3
Case #91: 4
1 1 1
1 1 2
1 2 1
1 2 2
Case #92: 2
1 1 1
1 1 2
Case #93: 27
1 1 1
1 1 2
1 1 3
1 2 1
1 2 2
1 2 3
1 3 1
1 3 2
1 3 3
2 1 1
2 1 2
2 1 3
2 2 1
2 2 2
2 2 3
2 3 1
2 3 2
2 3 3
3 1 1
3 1 2
3 1 3
3 2 1
3 2 2
3 2 3
3 3 1
3 3 2
3 3 3
Case #94: 4
1 1 2
1 2 1
2 1 1
2 2 2
Case #95: 12
1 1 1
1 1 2
1 1 3
1 2 1
1 2 2
1 2 3
2 1 1
2 1 2
2 1 3
2 2 1
2 2 2
2 2 3
Case #96: 9
1 1 1
1 1 2
1 1 3
1 2 1
1 2 2
1 2 3
1 3 1
1 3 2
1 3 3
Case #97: 12
1 1 1
1 1 2
1 1 3
1 2 1
1 2 2
1 2 3
2 1 1
2 1 2
2 1 3
2 2 1
2 2 2
2 2 3
Case #98: 3
1 1 1
1 1 2
1 1 3
Case #99: 27
1 1 1
1 1 2
1 1 3
1 2 1
1 2 2
1 2 3
1 3 1
1 3 2
1 3 3
2 1 1
2 1 2
2 1 3
2 2 1
2 2 2
2 2 3
2 3 1
2 3 2
2 3 3
3 1 1
3 1 2
3 1 3
3 2 1
3 2 2
3 2 3
3 3 1
3 3 2
3 3 3
Case #100: 2
1 1 1
1 1 2
