Case #1: POSSIBLE
01101
00101
00001
00000
00000
Case #2: POSSIBLE
01
00
Case #3: IMPOSSIBLE
Case #4: POSSIBLE
0100001
0000001
0000000
0000000
0000000
0000000
0000000
Case #5: POSSIBLE
00000000000000000000000000000000000000000000000001
00000000000000000000000000000000000000000000000000
00000000000000000000000000000000000000000000000000
00000000000000000000000000000000000000000000000000
00000000000000000000000000000000000000000000000000
00000000000000000000000000000000000000000000000000
00000000000000000000000000000000000000000000000000
00000000000000000000000000000000000000000000000000
00000000000000000000000000000000000000000000000000
00000000000000000000000000000000000000000000000000
00000000000000000000000000000000000000000000000000
00000000000000000000000000000000000000000000000000
00000000000000000000000000000000000000000000000000
00000000000000000000000000000000000000000000000000
00000000000000000000000000000000000000000000000000
00000000000000000000000000000000000000000000000000
00000000000000000000000000000000000000000000000000
00000000000000000000000000000000000000000000000000
00000000000000000000000000000000000000000000000000
00000000000000000000000000000000000000000000000000
00000000000000000000000000000000000000000000000000
00000000000000000000000000000000000000000000000000
00000000000000000000000000000000000000000000000000
00000000000000000000000000000000000000000000000000
00000000000000000000000000000000000000000000000000
00000000000000000000000000000000000000000000000000
00000000000000000000000000000000000000000000000000
00000000000000000000000000000000000000000000000000
00000000000000000000000000000000000000000000000000
00000000000000000000000000000000000000000000000000
00000000000000000000000000000000000000000000000000
00000000000000000000000000000000000000000000000000
00000000000000000000000000000000000000000000000000
00000000000000000000000000000000000000000000000000
00000000000000000000000000000000000000000000000000
00000000000000000000000000000000000000000000000000
00000000000000000000000000000000000000000000000000
00000000000000000000000000000000000000000000000000
00000000000000000000000000000000000000000000000000
00000000000000000000000000000000000000000000000000
00000000000000000000000000000000000000000000000000
00000000000000000000000000000000000000000000000000
00000000000000000000000000000000000000000000000000
00000000000000000000000000000000000000000000000000
00000000000000000000000000000000000000000000000000
00000000000000000000000000000000000000000000000000
00000000000000000000000000000000000000000000000000
00000000000000000000000000000000000000000000000000
00000000000000000000000000000000000000000000000000
00000000000000000000000000000000000000000000000000
Case #6: POSSIBLE
0111110
0011111
0001110
0000111
0000011
0000001
0000000
Case #7: POSSIBLE
0111110
0011110
0001110
0000110
0000011
0000001
0000000
Case #8: POSSIBLE
0110001
0010001
0000001
0000000
0000000
0000000
0000000
Case #9: POSSIBLE
0111100
0011100
0001100
0000101
0000001
0000000
0000000
Case #10: POSSIBLE
0111111111111111111111111111111111111111100
0011111111111111111111111111111111111111101
0001111111111111111111111111111111111111101
0000111111111111111111111111111111111111101
0000011111111111111111111111111111111111100
0000001111111111111111111111111111111111101
0000000111111111111111111111111111111111100
0000000011111111111111111111111111111111101
0000000001111111111111111111111111111111101
0000000000111111111111111111111111111111101
0000000000011111111111111111111111111111100
0000000000001111111111111111111111111111101
0000000000000111111111111111111111111111100
0000000000000011111111111111111111111111100
0000000000000001111111111111111111111111100
0000000000000000111111111111111111111111100
0000000000000000011111111111111111111111100
0000000000000000001111111111111111111111101
0000000000000000000111111111111111111111100
0000000000000000000011111111111111111111101
0000000000000000000001111111111111111111100
0000000000000000000000111111111111111111100
0000000000000000000000011111111111111111101
0000000000000000000000001111111111111111101
0000000000000000000000000111111111111111101
0000000000000000000000000011111111111111100
0000000000000000000000000001111111111111101
0000000000000000000000000000111111111111100
0000000000000000000000000000011111111111100
0000000000000000000000000000001111111111101
0000000000000000000000000000000111111111100
0000000000000000000000000000000011111111101
0000000000000000000000000000000001111111100
0000000000000000000000000000000000111111101
0000000000000000000000000000000000011111101
0000000000000000000000000000000000001111101
0000000000000000000000000000000000000111100
0000000000000000000000000000000000000011101
0000000000000000000000000000000000000001100
0000000000000000000000000000000000000000101
0000000000000000000000000000000000000000001
0000000000000000000000000000000000000000000
0000000000000000000000000000000000000000000
Case #11: POSSIBLE
0111111111111111111111111111111111111111111111110
0011111111111111111111111111111111111111111111111
0001111111111111111111111111111111111111111111111
0000111111111111111111111111111111111111111111110
0000011111111111111111111111111111111111111111110
0000001111111111111111111111111111111111111111111
0000000111111111111111111111111111111111111111111
0000000011111111111111111111111111111111111111111
0000000001111111111111111111111111111111111111110
0000000000111111111111111111111111111111111111111
0000000000011111111111111111111111111111111111111
0000000000001111111111111111111111111111111111110
0000000000000111111111111111111111111111111111110
0000000000000011111111111111111111111111111111111
0000000000000001111111111111111111111111111111111
0000000000000000111111111111111111111111111111110
0000000000000000011111111111111111111111111111111
0000000000000000001111111111111111111111111111110
0000000000000000000111111111111111111111111111111
0000000000000000000011111111111111111111111111110
0000000000000000000001111111111111111111111111111
0000000000000000000000111111111111111111111111110
0000000000000000000000011111111111111111111111110
0000000000000000000000001111111111111111111111111
0000000000000000000000000111111111111111111111110
0000000000000000000000000011111111111111111111111
0000000000000000000000000001111111111111111111110
0000000000000000000000000000111111111111111111111
0000000000000000000000000000011111111111111111111
0000000000000000000000000000001111111111111111111
0000000000000000000000000000000111111111111111111
0000000000000000000000000000000011111111111111110
0000000000000000000000000000000001111111111111111
0000000000000000000000000000000000111111111111110
0000000000000000000000000000000000011111111111111
0000000000000000000000000000000000001111111111110
0000000000000000000000000000000000000111111111111
0000000000000000000000000000000000000011111111110
0000000000000000000000000000000000000001111111111
0000000000000000000000000000000000000000111111110
0000000000000000000000000000000000000000011111111
0000000000000000000000000000000000000000001111110
0000000000000000000000000000000000000000000111110
0000000000000000000000000000000000000000000011111
0000000000000000000000000000000000000000000001111
0000000000000000000000000000000000000000000000111
0000000000000000000000000000000000000000000000011
0000000000000000000000000000000000000000000000001
0000000000000000000000000000000000000000000000000
Case #12: POSSIBLE
0111111111111111110
0011111111111111111
0001111111111111111
0000111111111111111
0000011111111111111
0000001111111111110
0000000111111111111
0000000011111111110
0000000001111111110
0000000000111111111
0000000000011111111
0000000000001111111
0000000000000111111
0000000000000011111
0000000000000001111
0000000000000000110
0000000000000000010
0000000000000000001
0000000000000000000
Case #13: POSSIBLE
01111111111111111111111111111111111111111111111110
00111111111111111111111111111111111111111111111111
00011111111111111111111111111111111111111111111111
00001111111111111111111111111111111111111111111111
00000111111111111111111111111111111111111111111111
00000011111111111111111111111111111111111111111111
00000001111111111111111111111111111111111111111111
00000000111111111111111111111111111111111111111111
00000000011111111111111111111111111111111111111111
00000000001111111111111111111111111111111111111111
00000000000111111111111111111111111111111111111111
00000000000011111111111111111111111111111111111111
00000000000001111111111111111111111111111111111111
00000000000000111111111111111111111111111111111111
00000000000000011111111111111111111111111111111111
00000000000000001111111111111111111111111111111111
00000000000000000111111111111111111111111111111111
00000000000000000011111111111111111111111111111111
00000000000000000001111111111111111111111111111111
00000000000000000000111111111111111111111111111111
00000000000000000000011111111111111111111111111111
00000000000000000000001111111111111111111111111111
00000000000000000000000111111111111111111111111111
00000000000000000000000011111111111111111111111111
00000000000000000000000001111111111111111111111111
00000000000000000000000000111111111111111111111111
00000000000000000000000000011111111111111111111111
00000000000000000000000000001111111111111111111111
00000000000000000000000000000111111111111111111111
00000000000000000000000000000011111111111111111111
00000000000000000000000000000001111111111111111111
00000000000000000000000000000000111111111111111111
00000000000000000000000000000000011111111111111111
00000000000000000000000000000000001111111111111111
00000000000000000000000000000000000111111111111111
00000000000000000000000000000000000011111111111111
00000000000000000000000000000000000001111111111111
00000000000000000000000000000000000000111111111111
00000000000000000000000000000000000000011111111111
00000000000000000000000000000000000000001111111111
00000000000000000000000000000000000000000111111111
00000000000000000000000000000000000000000011111111
00000000000000000000000000000000000000000001111111
00000000000000000000000000000000000000000000111111
00000000000000000000000000000000000000000000011111
00000000000000000000000000000000000000000000001111
00000000000000000000000000000000000000000000000111
00000000000000000000000000000000000000000000000011
00000000000000000000000000000000000000000000000001
00000000000000000000000000000000000000000000000000
Case #14: POSSIBLE
01111111111111111111111111100
00111111111111111111111111100
00011111111111111111111111101
00001111111111111111111111100
00000111111111111111111111101
00000011111111111111111111101
00000001111111111111111111100
00000000111111111111111111101
00000000011111111111111111101
00000000001111111111111111100
00000000000111111111111111100
00000000000011111111111111100
00000000000001111111111111100
00000000000000111111111111101
00000000000000011111111111101
00000000000000001111111111100
00000000000000000111111111100
00000000000000000011111111100
00000000000000000001111111101
00000000000000000000111111100
00000000000000000000011111100
00000000000000000000001111100
00000000000000000000000111100
00000000000000000000000011101
00000000000000000000000001101
00000000000000000000000000100
00000000000000000000000000001
00000000000000000000000000000
00000000000000000000000000000
Case #15: POSSIBLE
011111111111111000000
001111111111111000001
000111111111111000000
000011111111111000001
000001111111111000000
000000111111111000001
000000011111111000001
000000001111111000000
000000000111111000000
000000000011111000001
000000000001111000001
000000000000111000001
000000000000011000001
000000000000001000000
000000000000000000001
000000000000000000000
000000000000000000000
000000000000000000000
000000000000000000000
000000000000000000000
000000000000000000000
Case #16: POSSIBLE
0111111
0011111
0001111
0000111
0000011
0000001
0000000
Case #17: POSSIBLE
0110000
0010001
0000001
0000000
0000000
0000000
0000000
Case #18: POSSIBLE
011111111111111111111111111111111111100
001111111111111111111111111111111111101
000111111111111111111111111111111111101
000011111111111111111111111111111111100
000001111111111111111111111111111111100
000000111111111111111111111111111111101
000000011111111111111111111111111111101
000000001111111111111111111111111111100
000000000111111111111111111111111111100
000000000011111111111111111111111111100
000000000001111111111111111111111111100
000000000000111111111111111111111111101
000000000000011111111111111111111111101
000000000000001111111111111111111111100
000000000000000111111111111111111111101
000000000000000011111111111111111111100
000000000000000001111111111111111111101
000000000000000000111111111111111111101
000000000000000000011111111111111111101
000000000000000000001111111111111111101
000000000000000000000111111111111111101
000000000000000000000011111111111111101
000000000000000000000001111111111111101
000000000000000000000000111111111111100
000000000000000000000000011111111111100
000000000000000000000000001111111111101
000000000000000000000000000111111111100
000000000000000000000000000011111111100
000000000000000000000000000001111111101
000000000000000000000000000000111111101
000000000000000000000000000000011111100
000000000000000000000000000000001111100
000000000000000000000000000000000111101
000000000000000000000000000000000011100
000000000000000000000000000000000001100
000000000000000000000000000000000000100
000000000000000000000000000000000000001
000000000000000000000000000000000000000
000000000000000000000000000000000000000
Case #19: POSSIBLE
0111
0011
0001
0000
Case #20: POSSIBLE
0111000
0011001
0001001
0000001
0000000
0000000
0000000
Case #21: POSSIBLE
0111111111111111111000000
0011111111111111111000001
0001111111111111111000000
0000111111111111111000001
0000011111111111111000001
0000001111111111111000000
0000000111111111111000001
0000000011111111111000001
0000000001111111111000000
0000000000111111111000000
0000000000011111111000001
0000000000001111111000000
0000000000000111111000001
0000000000000011111000001
0000000000000001111000000
0000000000000000111000001
0000000000000000011000001
0000000000000000001000001
0000000000000000000000001
0000000000000000000000000
0000000000000000000000000
0000000000000000000000000
0000000000000000000000000
0000000000000000000000000
0000000000000000000000000
Case #22: IMPOSSIBLE
Case #23: IMPOSSIBLE
Case #24: POSSIBLE
01111111111111111111111111111111111111100
00111111111111111111111111111111111111100
00011111111111111111111111111111111111100
00001111111111111111111111111111111111101
00000111111111111111111111111111111111101
00000011111111111111111111111111111111101
00000001111111111111111111111111111111100
00000000111111111111111111111111111111100
00000000011111111111111111111111111111101
00000000001111111111111111111111111111100
00000000000111111111111111111111111111100
00000000000011111111111111111111111111100
00000000000001111111111111111111111111100
00000000000000111111111111111111111111100
00000000000000011111111111111111111111100
00000000000000001111111111111111111111101
00000000000000000111111111111111111111100
00000000000000000011111111111111111111101
00000000000000000001111111111111111111100
00000000000000000000111111111111111111100
00000000000000000000011111111111111111100
00000000000000000000001111111111111111101
00000000000000000000000111111111111111101
00000000000000000000000011111111111111100
00000000000000000000000001111111111111101
00000000000000000000000000111111111111100
00000000000000000000000000011111111111100
00000000000000000000000000001111111111100
00000000000000000000000000000111111111101
00000000000000000000000000000011111111100
00000000000000000000000000000001111111101
00000000000000000000000000000000111111100
00000000000000000000000000000000011111101
00000000000000000000000000000000001111100
00000000000000000000000000000000000111101
00000000000000000000000000000000000011100
00000000000000000000000000000000000001100
00000000000000000000000000000000000000101
00000000000000000000000000000000000000001
00000000000000000000000000000000000000000
00000000000000000000000000000000000000000
Case #25: POSSIBLE
011111111111111111111111100
001111111111111111111111101
000111111111111111111111100
000011111111111111111111101
000001111111111111111111101
000000111111111111111111101
000000011111111111111111101
000000001111111111111111100
000000000111111111111111100
000000000011111111111111101
000000000001111111111111101
000000000000111111111111100
000000000000011111111111101
000000000000001111111111101
000000000000000111111111101
000000000000000011111111101
000000000000000001111111100
000000000000000000111111101
000000000000000000011111101
000000000000000000001111100
000000000000000000000111101
000000000000000000000011101
000000000000000000000001100
000000000000000000000000101
000000000000000000000000001
000000000000000000000000000
000000000000000000000000000
Case #26: POSSIBLE
0111110
0011111
0001110
0000110
0000010
0000001
0000000
Case #27: POSSIBLE
011111111111111111111111110000
001111111111111111111111110000
000111111111111111111111110001
000011111111111111111111110000
000001111111111111111111110000
000000111111111111111111110001
000000011111111111111111110000
000000001111111111111111110001
000000000111111111111111110001
000000000011111111111111110000
000000000001111111111111110001
000000000000111111111111110000
000000000000011111111111110001
000000000000001111111111110001
000000000000000111111111110001
000000000000000011111111110001
000000000000000001111111110000
000000000000000000111111110000
000000000000000000011111110000
000000000000000000001111110000
000000000000000000000111110001
000000000000000000000011110000
000000000000000000000001110000
000000000000000000000000110000
000000000000000000000000010000
000000000000000000000000000001
000000000000000000000000000000
000000000000000000000000000000
000000000000000000000000000000
000000000000000000000000000000
Case #28: POSSIBLE
011111111111111111111111111111111111111111100
001111111111111111111111111111111111111111101
000111111111111111111111111111111111111111100
000011111111111111111111111111111111111111101
000001111111111111111111111111111111111111101
000000111111111111111111111111111111111111100
000000011111111111111111111111111111111111100
000000001111111111111111111111111111111111100
000000000111111111111111111111111111111111100
000000000011111111111111111111111111111111101
000000000001111111111111111111111111111111100
000000000000111111111111111111111111111111101
000000000000011111111111111111111111111111101
000000000000001111111111111111111111111111100
000000000000000111111111111111111111111111100
000000000000000011111111111111111111111111100
000000000000000001111111111111111111111111101
000000000000000000111111111111111111111111100
000000000000000000011111111111111111111111101
000000000000000000001111111111111111111111101
000000000000000000000111111111111111111111100
000000000000000000000011111111111111111111100
000000000000000000000001111111111111111111101
000000000000000000000000111111111111111111100
000000000000000000000000011111111111111111100
000000000000000000000000001111111111111111101
000000000000000000000000000111111111111111101
000000000000000000000000000011111111111111100
000000000000000000000000000001111111111111101
000000000000000000000000000000111111111111100
000000000000000000000000000000011111111111100
000000000000000000000000000000001111111111100
000000000000000000000000000000000111111111100
000000000000000000000000000000000011111111101
000000000000000000000000000000000001111111100
000000000000000000000000000000000000111111101
000000000000000000000000000000000000011111101
000000000000000000000000000000000000001111100
000000000000000000000000000000000000000111101
000000000000000000000000000000000000000011100
000000000000000000000000000000000000000001100
000000000000000000000000000000000000000000101
000000000000000000000000000000000000000000001
000000000000000000000000000000000000000000000
000000000000000000000000000000000000000000000
Case #29: POSSIBLE
011111111111111111111111111111111110
001111111111111111111111111111111110
000111111111111111111111111111111110
000011111111111111111111111111111110
000001111111111111111111111111111111
000000111111111111111111111111111111
000000011111111111111111111111111110
000000001111111111111111111111111111
000000000111111111111111111111111110
000000000011111111111111111111111111
000000000001111111111111111111111111
000000000000111111111111111111111111
000000000000011111111111111111111111
000000000000001111111111111111111111
000000000000000111111111111111111111
000000000000000011111111111111111110
000000000000000001111111111111111111
000000000000000000111111111111111111
000000000000000000011111111111111111
000000000000000000001111111111111111
000000000000000000000111111111111111
000000000000000000000011111111111110
000000000000000000000001111111111111
000000000000000000000000111111111110
000000000000000000000000011111111111
000000000000000000000000001111111110
000000000000000000000000000111111111
000000000000000000000000000011111111
000000000000000000000000000001111110
000000000000000000000000000000111111
000000000000000000000000000000011110
000000000000000000000000000000001111
000000000000000000000000000000000111
000000000000000000000000000000000011
000000000000000000000000000000000001
000000000000000000000000000000000000
Case #30: IMPOSSIBLE
Case #31: POSSIBLE
01111111111111111111111111111111111111111111111110
00111111111111111111111111111111111111111111111110
00011111111111111111111111111111111111111111111111
00001111111111111111111111111111111111111111111110
00000111111111111111111111111111111111111111111111
00000011111111111111111111111111111111111111111110
00000001111111111111111111111111111111111111111110
00000000111111111111111111111111111111111111111111
00000000011111111111111111111111111111111111111111
00000000001111111111111111111111111111111111111110
00000000000111111111111111111111111111111111111110
00000000000011111111111111111111111111111111111110
00000000000001111111111111111111111111111111111111
00000000000000111111111111111111111111111111111110
00000000000000011111111111111111111111111111111110
00000000000000001111111111111111111111111111111110
00000000000000000111111111111111111111111111111110
00000000000000000011111111111111111111111111111110
00000000000000000001111111111111111111111111111110
00000000000000000000111111111111111111111111111111
00000000000000000000011111111111111111111111111110
00000000000000000000001111111111111111111111111110
00000000000000000000000111111111111111111111111111
00000000000000000000000011111111111111111111111111
00000000000000000000000001111111111111111111111111
00000000000000000000000000111111111111111111111110
00000000000000000000000000011111111111111111111110
00000000000000000000000000001111111111111111111110
00000000000000000000000000000111111111111111111111
00000000000000000000000000000011111111111111111111
00000000000000000000000000000001111111111111111111
00000000000000000000000000000000111111111111111111
00000000000000000000000000000000011111111111111110
00000000000000000000000000000000001111111111111110
00000000000000000000000000000000000111111111111111
00000000000000000000000000000000000011111111111110
00000000000000000000000000000000000001111111111111
00000000000000000000000000000000000000111111111111
00000000000000000000000000000000000000011111111111
00000000000000000000000000000000000000001111111110
00000000000000000000000000000000000000000111111110
00000000000000000000000000000000000000000011111111
00000000000000000000000000000000000000000001111111
00000000000000000000000000000000000000000000111111
00000000000000000000000000000000000000000000011110
00000000000000000000000000000000000000000000001110
00000000000000000000000000000000000000000000000110
00000000000000000000000000000000000000000000000011
00000000000000000000000000000000000000000000000001
00000000000000000000000000000000000000000000000000
Case #32: POSSIBLE
01111111111111111111111111111000
00111111111111111111111111111000
00011111111111111111111111111001
00001111111111111111111111111000
00000111111111111111111111111000
00000011111111111111111111111001
00000001111111111111111111111000
00000000111111111111111111111001
00000000011111111111111111111001
00000000001111111111111111111000
00000000000111111111111111111000
00000000000011111111111111111001
00000000000001111111111111111001
00000000000000111111111111111001
00000000000000011111111111111000
00000000000000001111111111111000
00000000000000000111111111111001
00000000000000000011111111111000
00000000000000000001111111111001
00000000000000000000111111111000
00000000000000000000011111111001
00000000000000000000001111111000
00000000000000000000000111111001
00000000000000000000000011111001
00000000000000000000000001111000
00000000000000000000000000111000
00000000000000000000000000011000
00000000000000000000000000001001
00000000000000000000000000000001
00000000000000000000000000000000
00000000000000000000000000000000
00000000000000000000000000000000
Case #33: IMPOSSIBLE
Case #34: POSSIBLE
0111100
0011101
0001101
0000100
0000001
0000000
0000000
Case #35: POSSIBLE
0111111111111111111110
0011111111111111111111
0001111111111111111110
0000111111111111111111
0000011111111111111111
0000001111111111111110
0000000111111111111110
0000000011111111111111
0000000001111111111110
0000000000111111111111
0000000000011111111111
0000000000001111111110
0000000000000111111111
0000000000000011111111
0000000000000001111110
0000000000000000111110
0000000000000000011110
0000000000000000001111
0000000000000000000111
0000000000000000000011
0000000000000000000001
0000000000000000000000
Case #36: IMPOSSIBLE
Case #37: POSSIBLE
0111110
0011110
0001110
0000111
0000010
0000001
0000000
Case #38: POSSIBLE
0111100
0011100
0001101
0000100
0000001
0000000
0000000
Case #39: POSSIBLE
0111111111111111111111111111110
0011111111111111111111111111111
0001111111111111111111111111110
0000111111111111111111111111110
0000011111111111111111111111110
0000001111111111111111111111111
0000000111111111111111111111110
0000000011111111111111111111111
0000000001111111111111111111110
0000000000111111111111111111110
0000000000011111111111111111110
0000000000001111111111111111110
0000000000000111111111111111110
0000000000000011111111111111111
0000000000000001111111111111110
0000000000000000111111111111110
0000000000000000011111111111110
0000000000000000001111111111111
0000000000000000000111111111111
0000000000000000000011111111111
0000000000000000000001111111110
0000000000000000000000111111111
0000000000000000000000011111111
0000000000000000000000001111111
0000000000000000000000000111110
0000000000000000000000000011110
0000000000000000000000000001111
0000000000000000000000000000110
0000000000000000000000000000011
0000000000000000000000000000001
0000000000000000000000000000000
Case #40: POSSIBLE
001
000
000
Case #41: POSSIBLE
0111110
0011110
0001111
0000110
0000010
0000001
0000000
Case #42: POSSIBLE
011111111111111111111110
001111111111111111111111
000111111111111111111110
000011111111111111111110
000001111111111111111111
000000111111111111111110
000000011111111111111111
000000001111111111111111
000000000111111111111110
000000000011111111111110
000000000001111111111110
000000000000111111111111
000000000000011111111111
000000000000001111111111
000000000000000111111110
000000000000000011111111
000000000000000001111111
000000000000000000111110
000000000000000000011111
000000000000000000001110
000000000000000000000111
000000000000000000000010
000000000000000000000001
000000000000000000000000
Case #43: POSSIBLE
0111111111111111111111111110
0011111111111111111111111111
0001111111111111111111111111
0000111111111111111111111111
0000011111111111111111111111
0000001111111111111111111111
0000000111111111111111111111
0000000011111111111111111111
0000000001111111111111111111
0000000000111111111111111111
0000000000011111111111111110
0000000000001111111111111111
0000000000000111111111111111
0000000000000011111111111110
0000000000000001111111111110
0000000000000000111111111111
0000000000000000011111111110
0000000000000000001111111111
0000000000000000000111111110
0000000000000000000011111111
0000000000000000000001111110
0000000000000000000000111110
0000000000000000000000011111
0000000000000000000000001111
0000000000000000000000000111
0000000000000000000000000010
0000000000000000000000000001
0000000000000000000000000000
Case #44: POSSIBLE
011111111111111111111111111111111110000000000
001111111111111111111111111111111110000000000
000111111111111111111111111111111110000000001
000011111111111111111111111111111110000000001
000001111111111111111111111111111110000000001
000000111111111111111111111111111110000000001
000000011111111111111111111111111110000000000
000000001111111111111111111111111110000000000
000000000111111111111111111111111110000000001
000000000011111111111111111111111110000000001
000000000001111111111111111111111110000000001
000000000000111111111111111111111110000000001
000000000000011111111111111111111110000000000
000000000000001111111111111111111110000000001
000000000000000111111111111111111110000000000
000000000000000011111111111111111110000000000
000000000000000001111111111111111110000000000
000000000000000000111111111111111110000000001
000000000000000000011111111111111110000000001
000000000000000000001111111111111110000000001
000000000000000000000111111111111110000000001
000000000000000000000011111111111110000000000
000000000000000000000001111111111110000000000
000000000000000000000000111111111110000000001
000000000000000000000000011111111110000000000
000000000000000000000000001111111110000000000
000000000000000000000000000111111110000000000
000000000000000000000000000011111110000000001
000000000000000000000000000001111110000000001
000000000000000000000000000000111110000000000
000000000000000000000000000000011110000000001
000000000000000000000000000000001110000000001
000000000000000000000000000000000110000000001
000000000000000000000000000000000010000000000
000000000000000000000000000000000000000000001
000000000000000000000000000000000000000000000
000000000000000000000000000000000000000000000
000000000000000000000000000000000000000000000
000000000000000000000000000000000000000000000
000000000000000000000000000000000000000000000
000000000000000000000000000000000000000000000
000000000000000000000000000000000000000000000
000000000000000000000000000000000000000000000
000000000000000000000000000000000000000000000
000000000000000000000000000000000000000000000
Case #45: IMPOSSIBLE
Case #46: POSSIBLE
011111110000
001111110000
000111110001
000011110000
000001110001
000000110001
000000010001
000000000001
000000000000
000000000000
000000000000
000000000000
Case #47: POSSIBLE
0111100
0011100
0001101
0000101
0000001
0000000
0000000
Case #48: POSSIBLE
0111110
0011111
0001110
0000110
0000011
0000001
0000000
Case #49: POSSIBLE
0101
0001
0000
0000
Case #50: POSSIBLE
011000000000
001000000001
000000000001
000000000000
000000000000
000000000000
000000000000
000000000000
000000000000
000000000000
000000000000
000000000000
Case #51: POSSIBLE
01111111111111111111111111111111111100000
00111111111111111111111111111111111100001
00011111111111111111111111111111111100000
00001111111111111111111111111111111100000
00000111111111111111111111111111111100000
00000011111111111111111111111111111100001
00000001111111111111111111111111111100001
00000000111111111111111111111111111100000
00000000011111111111111111111111111100000
00000000001111111111111111111111111100000
00000000000111111111111111111111111100000
00000000000011111111111111111111111100001
00000000000001111111111111111111111100000
00000000000000111111111111111111111100001
00000000000000011111111111111111111100000
00000000000000001111111111111111111100000
00000000000000000111111111111111111100001
00000000000000000011111111111111111100001
00000000000000000001111111111111111100001
00000000000000000000111111111111111100001
00000000000000000000011111111111111100001
00000000000000000000001111111111111100000
00000000000000000000000111111111111100000
00000000000000000000000011111111111100000
00000000000000000000000001111111111100000
00000000000000000000000000111111111100001
00000000000000000000000000011111111100000
00000000000000000000000000001111111100001
00000000000000000000000000000111111100001
00000000000000000000000000000011111100001
00000000000000000000000000000001111100001
00000000000000000000000000000000111100000
00000000000000000000000000000000011100000
00000000000000000000000000000000001100000
00000000000000000000000000000000000100000
00000000000000000000000000000000000000001
00000000000000000000000000000000000000000
00000000000000000000000000000000000000000
00000000000000000000000000000000000000000
00000000000000000000000000000000000000000
00000000000000000000000000000000000000000
Case #52: POSSIBLE
01111111111111111111111111111100
00111111111111111111111111111101
00011111111111111111111111111100
00001111111111111111111111111101
00000111111111111111111111111100
00000011111111111111111111111100
00000001111111111111111111111101
00000000111111111111111111111100
00000000011111111111111111111100
00000000001111111111111111111100
00000000000111111111111111111100
00000000000011111111111111111100
00000000000001111111111111111101
00000000000000111111111111111101
00000000000000011111111111111101
00000000000000001111111111111101
00000000000000000111111111111100
00000000000000000011111111111100
00000000000000000001111111111100
00000000000000000000111111111101
00000000000000000000011111111100
00000000000000000000001111111101
00000000000000000000000111111101
00000000000000000000000011111101
00000000000000000000000001111101
00000000000000000000000000111100
00000000000000000000000000011101
00000000000000000000000000001101
00000000000000000000000000000101
00000000000000000000000000000001
00000000000000000000000000000000
00000000000000000000000000000000
Case #53: POSSIBLE
0111100
0011101
0001100
0000100
0000001
0000000
0000000
Case #54: IMPOSSIBLE
Case #55: POSSIBLE
0111000
0011000
0001001
0000001
0000000
0000000
0000000
Case #56: POSSIBLE
011
001
000
Case #57: POSSIBLE
0001
0000
0000
0000
Case #58: POSSIBLE
011111111100
001111111100
000111111100
000011111100
000001111101
000000111101
000000011100
000000001101
000000000101
000000000001
000000000000
000000000000
Case #59: POSSIBLE
01111111111111100
00111111111111100
00011111111111100
00001111111111100
00000111111111100
00000011111111100
00000001111111101
00000000111111100
00000000011111100
00000000001111100
00000000000111101
00000000000011100
00000000000001101
00000000000000101
00000000000000001
00000000000000000
00000000000000000
Case #60: POSSIBLE
01111111111110
00111111111110
00011111111111
00001111111111
00000111111111
00000011111111
00000001111111
00000000111111
00000000011110
00000000001110
00000000000111
00000000000011
00000000000001
00000000000000
Case #61: IMPOSSIBLE
Case #62: POSSIBLE
011111111111111111111111111110
001111111111111111111111111110
000111111111111111111111111111
000011111111111111111111111111
000001111111111111111111111110
000000111111111111111111111111
000000011111111111111111111111
000000001111111111111111111110
000000000111111111111111111111
000000000011111111111111111110
000000000001111111111111111110
000000000000111111111111111110
000000000000011111111111111111
000000000000001111111111111111
000000000000000111111111111110
000000000000000011111111111111
000000000000000001111111111111
000000000000000000111111111110
000000000000000000011111111110
000000000000000000001111111111
000000000000000000000111111110
000000000000000000000011111111
000000000000000000000001111110
000000000000000000000000111111
000000000000000000000000011111
000000000000000000000000001111
000000000000000000000000000111
000000000000000000000000000011
000000000000000000000000000001
000000000000000000000000000000
Case #63: POSSIBLE
0111110
0011110
0001110
0000111
0000011
0000001
0000000
Case #64: POSSIBLE
01111111111111111111100
00111111111111111111101
00011111111111111111100
00001111111111111111101
00000111111111111111101
00000011111111111111100
00000001111111111111101
00000000111111111111101
00000000011111111111101
00000000001111111111101
00000000000111111111101
00000000000011111111100
00000000000001111111101
00000000000000111111100
00000000000000011111101
00000000000000001111100
00000000000000000111101
00000000000000000011100
00000000000000000001100
00000000000000000000100
00000000000000000000001
00000000000000000000000
00000000000000000000000
Case #65: IMPOSSIBLE
Case #66: IMPOSSIBLE
Case #67: POSSIBLE
01111111111111111111111111111111111111111111111111
00111111111111111111111111111111111111111111111111
00011111111111111111111111111111111111111111111111
00001111111111111111111111111111111111111111111111
00000111111111111111111111111111111111111111111111
00000011111111111111111111111111111111111111111111
00000001111111111111111111111111111111111111111111
00000000111111111111111111111111111111111111111111
00000000011111111111111111111111111111111111111111
00000000001111111111111111111111111111111111111111
00000000000111111111111111111111111111111111111111
00000000000011111111111111111111111111111111111111
00000000000001111111111111111111111111111111111111
00000000000000111111111111111111111111111111111111
00000000000000011111111111111111111111111111111111
00000000000000001111111111111111111111111111111111
00000000000000000111111111111111111111111111111111
00000000000000000011111111111111111111111111111111
00000000000000000001111111111111111111111111111111
00000000000000000000111111111111111111111111111111
00000000000000000000011111111111111111111111111111
00000000000000000000001111111111111111111111111111
00000000000000000000000111111111111111111111111111
00000000000000000000000011111111111111111111111111
00000000000000000000000001111111111111111111111111
00000000000000000000000000111111111111111111111111
00000000000000000000000000011111111111111111111111
00000000000000000000000000001111111111111111111111
00000000000000000000000000000111111111111111111111
00000000000000000000000000000011111111111111111111
00000000000000000000000000000001111111111111111111
00000000000000000000000000000000111111111111111111
00000000000000000000000000000000011111111111111111
00000000000000000000000000000000001111111111111111
00000000000000000000000000000000000111111111111111
00000000000000000000000000000000000011111111111111
00000000000000000000000000000000000001111111111111
00000000000000000000000000000000000000111111111111
00000000000000000000000000000000000000011111111111
00000000000000000000000000000000000000001111111111
00000000000000000000000000000000000000000111111111
00000000000000000000000000000000000000000011111111
00000000000000000000000000000000000000000001111111
00000000000000000000000000000000000000000000111111
00000000000000000000000000000000000000000000011111
00000000000000000000000000000000000000000000001111
00000000000000000000000000000000000000000000000111
00000000000000000000000000000000000000000000000011
00000000000000000000000000000000000000000000000001
00000000000000000000000000000000000000000000000000
Case #68: POSSIBLE
0111110
0011110
0001111
0000110
0000011
0000001
0000000
Case #69: POSSIBLE
0111111111111111111111111111111111111111111111111
0011111111111111111111111111111111111111111111111
0001111111111111111111111111111111111111111111111
0000111111111111111111111111111111111111111111111
0000011111111111111111111111111111111111111111111
0000001111111111111111111111111111111111111111111
0000000111111111111111111111111111111111111111111
0000000011111111111111111111111111111111111111111
0000000001111111111111111111111111111111111111111
0000000000111111111111111111111111111111111111111
0000000000011111111111111111111111111111111111111
0000000000001111111111111111111111111111111111111
0000000000000111111111111111111111111111111111111
0000000000000011111111111111111111111111111111111
0000000000000001111111111111111111111111111111111
0000000000000000111111111111111111111111111111111
0000000000000000011111111111111111111111111111111
0000000000000000001111111111111111111111111111111
0000000000000000000111111111111111111111111111111
0000000000000000000011111111111111111111111111111
0000000000000000000001111111111111111111111111111
0000000000000000000000111111111111111111111111111
0000000000000000000000011111111111111111111111111
0000000000000000000000001111111111111111111111111
0000000000000000000000000111111111111111111111111
0000000000000000000000000011111111111111111111111
0000000000000000000000000001111111111111111111111
0000000000000000000000000000111111111111111111111
0000000000000000000000000000011111111111111111111
0000000000000000000000000000001111111111111111111
0000000000000000000000000000000111111111111111111
0000000000000000000000000000000011111111111111111
0000000000000000000000000000000001111111111111111
0000000000000000000000000000000000111111111111111
0000000000000000000000000000000000011111111111111
0000000000000000000000000000000000001111111111111
0000000000000000000000000000000000000111111111111
0000000000000000000000000000000000000011111111111
0000000000000000000000000000000000000001111111111
0000000000000000000000000000000000000000111111111
0000000000000000000000000000000000000000011111111
0000000000000000000000000000000000000000001111111
0000000000000000000000000000000000000000000111111
0000000000000000000000000000000000000000000011111
0000000000000000000000000000000000000000000001111
0000000000000000000000000000000000000000000000111
0000000000000000000000000000000000000000000000011
0000000000000000000000000000000000000000000000001
0000000000000000000000000000000000000000000000000
Case #70: POSSIBLE
0111110
0011111
0001111
0000110
0000010
0000001
0000000
Case #71: POSSIBLE
01111111111111110
00111111111111111
00011111111111111
00001111111111110
00000111111111110
00000011111111111
00000001111111111
00000000111111110
00000000011111110
00000000001111111
00000000000111110
00000000000011111
00000000000001110
00000000000000110
00000000000000010
00000000000000001
00000000000000000
Case #72: POSSIBLE
011111111110
001111111111
000111111111
000011111110
000001111111
000000111111
000000011111
000000001110
000000000110
000000000011
000000000001
000000000000
Case #73: POSSIBLE
01111110
00111110
00011111
00001111
00000110
00000011
00000001
00000000
Case #74: POSSIBLE
0110
0011
0001
0000
Case #75: POSSIBLE
0111110
0011110
0001111
0000111
0000011
0000001
0000000
Case #76: POSSIBLE
011111111111111111111111111111111111110000
001111111111111111111111111111111111110001
000111111111111111111111111111111111110001
000011111111111111111111111111111111110000
000001111111111111111111111111111111110000
000000111111111111111111111111111111110001
000000011111111111111111111111111111110000
000000001111111111111111111111111111110000
000000000111111111111111111111111111110000
000000000011111111111111111111111111110001
000000000001111111111111111111111111110001
000000000000111111111111111111111111110000
000000000000011111111111111111111111110001
000000000000001111111111111111111111110001
000000000000000111111111111111111111110001
000000000000000011111111111111111111110000
000000000000000001111111111111111111110000
000000000000000000111111111111111111110000
000000000000000000011111111111111111110000
000000000000000000001111111111111111110000
000000000000000000000111111111111111110000
000000000000000000000011111111111111110000
000000000000000000000001111111111111110001
000000000000000000000000111111111111110001
000000000000000000000000011111111111110001
000000000000000000000000001111111111110000
000000000000000000000000000111111111110000
000000000000000000000000000011111111110001
000000000000000000000000000001111111110001
000000000000000000000000000000111111110000
000000000000000000000000000000011111110001
000000000000000000000000000000001111110001
000000000000000000000000000000000111110001
000000000000000000000000000000000011110000
000000000000000000000000000000000001110001
000000000000000000000000000000000000110000
000000000000000000000000000000000000010001
000000000000000000000000000000000000000001
000000000000000000000000000000000000000000
000000000000000000000000000000000000000000
000000000000000000000000000000000000000000
000000000000000000000000000000000000000000
Case #77: POSSIBLE
011111111111111111111111111111111100
001111111111111111111111111111111101
000111111111111111111111111111111100
000011111111111111111111111111111101
000001111111111111111111111111111101
000000111111111111111111111111111101
000000011111111111111111111111111100
000000001111111111111111111111111101
000000000111111111111111111111111101
000000000011111111111111111111111101
000000000001111111111111111111111101
000000000000111111111111111111111101
000000000000011111111111111111111100
000000000000001111111111111111111101
000000000000000111111111111111111101
000000000000000011111111111111111100
000000000000000001111111111111111100
000000000000000000111111111111111100
000000000000000000011111111111111101
000000000000000000001111111111111101
000000000000000000000111111111111100
000000000000000000000011111111111100
000000000000000000000001111111111100
000000000000000000000000111111111101
000000000000000000000000011111111101
000000000000000000000000001111111100
000000000000000000000000000111111100
000000000000000000000000000011111100
000000000000000000000000000001111101
000000000000000000000000000000111100
000000000000000000000000000000011100
000000000000000000000000000000001100
000000000000000000000000000000000100
000000000000000000000000000000000001
000000000000000000000000000000000000
000000000000000000000000000000000000
Case #78: POSSIBLE
0111100
0011101
0001100
0000101
0000001
0000000
0000000
Case #79: POSSIBLE
0111111111111111111111111111111111111110
0011111111111111111111111111111111111110
0001111111111111111111111111111111111110
0000111111111111111111111111111111111111
0000011111111111111111111111111111111110
0000001111111111111111111111111111111111
0000000111111111111111111111111111111111
0000000011111111111111111111111111111110
0000000001111111111111111111111111111110
0000000000111111111111111111111111111111
0000000000011111111111111111111111111110
0000000000001111111111111111111111111111
0000000000000111111111111111111111111111
0000000000000011111111111111111111111110
0000000000000001111111111111111111111111
0000000000000000111111111111111111111111
0000000000000000011111111111111111111110
0000000000000000001111111111111111111110
0000000000000000000111111111111111111110
0000000000000000000011111111111111111110
0000000000000000000001111111111111111111
0000000000000000000000111111111111111111
0000000000000000000000011111111111111110
0000000000000000000000001111111111111111
0000000000000000000000000111111111111110
0000000000000000000000000011111111111110
0000000000000000000000000001111111111111
0000000000000000000000000000111111111110
0000000000000000000000000000011111111110
0000000000000000000000000000001111111111
0000000000000000000000000000000111111111
0000000000000000000000000000000011111111
0000000000000000000000000000000001111110
0000000000000000000000000000000000111111
0000000000000000000000000000000000011111
0000000000000000000000000000000000001111
0000000000000000000000000000000000000110
0000000000000000000000000000000000000010
0000000000000000000000000000000000000001
0000000000000000000000000000000000000000
Case #80: POSSIBLE
011111111111111111111111110
001111111111111111111111110
000111111111111111111111111
000011111111111111111111110
000001111111111111111111110
000000111111111111111111110
000000011111111111111111111
000000001111111111111111110
000000000111111111111111110
000000000011111111111111111
000000000001111111111111111
000000000000111111111111111
000000000000011111111111111
000000000000001111111111110
000000000000000111111111110
000000000000000011111111111
000000000000000001111111111
000000000000000000111111111
000000000000000000011111110
000000000000000000001111111
000000000000000000000111111
000000000000000000000011110
000000000000000000000001111
000000000000000000000000111
000000000000000000000000011
000000000000000000000000001
000000000000000000000000000
Case #81: POSSIBLE
0111110
0011111
0001111
0000111
0000010
0000001
0000000
Case #82: POSSIBLE
0111100
0011101
0001101
0000101
0000001
0000000
0000000
Case #83: POSSIBLE
01111111111111111111111111111111111110
00111111111111111111111111111111111110
00011111111111111111111111111111111110
00001111111111111111111111111111111111
00000111111111111111111111111111111111
00000011111111111111111111111111111110
00000001111111111111111111111111111111
00000000111111111111111111111111111110
00000000011111111111111111111111111110
00000000001111111111111111111111111110
00000000000111111111111111111111111111
00000000000011111111111111111111111110
00000000000001111111111111111111111110
00000000000000111111111111111111111110
00000000000000011111111111111111111111
00000000000000001111111111111111111110
00000000000000000111111111111111111111
00000000000000000011111111111111111111
00000000000000000001111111111111111111
00000000000000000000111111111111111111
00000000000000000000011111111111111111
00000000000000000000001111111111111111
00000000000000000000000111111111111111
00000000000000000000000011111111111110
00000000000000000000000001111111111111
00000000000000000000000000111111111110
00000000000000000000000000011111111110
00000000000000000000000000001111111110
00000000000000000000000000000111111110
00000000000000000000000000000011111110
00000000000000000000000000000001111110
00000000000000000000000000000000111110
00000000000000000000000000000000011110
00000000000000000000000000000000001111
00000000000000000000000000000000000110
00000000000000000000000000000000000010
00000000000000000000000000000000000001
00000000000000000000000000000000000000
Case #84: POSSIBLE
011111111111111111111111111111111111111110000
001111111111111111111111111111111111111110001
000111111111111111111111111111111111111110001
000011111111111111111111111111111111111110000
000001111111111111111111111111111111111110001
000000111111111111111111111111111111111110001
000000011111111111111111111111111111111110001
000000001111111111111111111111111111111110000
000000000111111111111111111111111111111110001
000000000011111111111111111111111111111110000
000000000001111111111111111111111111111110000
000000000000111111111111111111111111111110000
000000000000011111111111111111111111111110000
000000000000001111111111111111111111111110000
000000000000000111111111111111111111111110001
000000000000000011111111111111111111111110000
000000000000000001111111111111111111111110001
000000000000000000111111111111111111111110000
000000000000000000011111111111111111111110000
000000000000000000001111111111111111111110001
000000000000000000000111111111111111111110001
000000000000000000000011111111111111111110001
000000000000000000000001111111111111111110001
000000000000000000000000111111111111111110000
000000000000000000000000011111111111111110001
000000000000000000000000001111111111111110001
000000000000000000000000000111111111111110001
000000000000000000000000000011111111111110000
000000000000000000000000000001111111111110000
000000000000000000000000000000111111111110001
000000000000000000000000000000011111111110001
000000000000000000000000000000001111111110000
000000000000000000000000000000000111111110001
000000000000000000000000000000000011111110000
000000000000000000000000000000000001111110000
000000000000000000000000000000000000111110001
000000000000000000000000000000000000011110000
000000000000000000000000000000000000001110000
000000000000000000000000000000000000000110001
000000000000000000000000000000000000000010000
000000000000000000000000000000000000000000001
000000000000000000000000000000000000000000000
000000000000000000000000000000000000000000000
000000000000000000000000000000000000000000000
000000000000000000000000000000000000000000000
Case #85: POSSIBLE
0111110
0011111
0001111
0000111
0000011
0000001
0000000
Case #86: POSSIBLE
0111001
0011001
0001001
0000001
0000000
0000000
0000000
Case #87: POSSIBLE
01111111111111100
00111111111111100
00011111111111101
00001111111111101
00000111111111101
00000011111111100
00000001111111101
00000000111111101
00000000011111100
00000000001111100
00000000000111100
00000000000011100
00000000000001101
00000000000000101
00000000000000001
00000000000000000
00000000000000000
Case #88: POSSIBLE
0111110
0011110
0001111
0000111
0000010
0000001
0000000
Case #89: POSSIBLE
01111111111111111111111111111111111111111111111100
00111111111111111111111111111111111111111111111100
00011111111111111111111111111111111111111111111100
00001111111111111111111111111111111111111111111100
00000111111111111111111111111111111111111111111100
00000011111111111111111111111111111111111111111100
00000001111111111111111111111111111111111111111100
00000000111111111111111111111111111111111111111100
00000000011111111111111111111111111111111111111100
00000000001111111111111111111111111111111111111100
00000000000111111111111111111111111111111111111100
00000000000011111111111111111111111111111111111100
00000000000001111111111111111111111111111111111100
00000000000000111111111111111111111111111111111100
00000000000000011111111111111111111111111111111100
00000000000000001111111111111111111111111111111100
00000000000000000111111111111111111111111111111100
00000000000000000011111111111111111111111111111100
00000000000000000001111111111111111111111111111100
00000000000000000000111111111111111111111111111100
00000000000000000000011111111111111111111111111100
00000000000000000000001111111111111111111111111100
00000000000000000000000111111111111111111111111100
00000000000000000000000011111111111111111111111100
00000000000000000000000001111111111111111111111100
00000000000000000000000000111111111111111111111100
00000000000000000000000000011111111111111111111100
00000000000000000000000000001111111111111111111100
00000000000000000000000000000111111111111111111100
00000000000000000000000000000011111111111111111100
00000000000000000000000000000001111111111111111100
00000000000000000000000000000000111111111111111100
00000000000000000000000000000000011111111111111100
00000000000000000000000000000000001111111111111100
00000000000000000000000000000000000111111111111100
00000000000000000000000000000000000011111111111100
00000000000000000000000000000000000001111111111100
00000000000000000000000000000000000000111111111100
00000000000000000000000000000000000000011111111100
00000000000000000000000000000000000000001111111100
00000000000000000000000000000000000000000111111100
00000000000000000000000000000000000000000011111100
00000000000000000000000000000000000000000001111100
00000000000000000000000000000000000000000000111100
00000000000000000000000000000000000000000000011100
00000000000000000000000000000000000000000000001100
00000000000000000000000000000000000000000000000101
00000000000000000000000000000000000000000000000001
00000000000000000000000000000000000000000000000000
00000000000000000000000000000000000000000000000000
Case #90: POSSIBLE
0111110
0011111
0001110
0000111
0000010
0000001
0000000
Case #91: POSSIBLE
0111111111111111111111100
0011111111111111111111100
0001111111111111111111101
0000111111111111111111101
0000011111111111111111100
0000001111111111111111100
0000000111111111111111100
0000000011111111111111101
0000000001111111111111101
0000000000111111111111100
0000000000011111111111100
0000000000001111111111101
0000000000000111111111101
0000000000000011111111101
0000000000000001111111101
0000000000000000111111101
0000000000000000011111100
0000000000000000001111101
0000000000000000000111100
0000000000000000000011100
0000000000000000000001101
0000000000000000000000100
0000000000000000000000001
0000000000000000000000000
0000000000000000000000000
Case #92: POSSIBLE
0111110
0011111
0001111
0000110
0000011
0000001
0000000
Case #93: IMPOSSIBLE
Case #94: POSSIBLE
01111000
00111001
00011001
00001001
00000001
00000000
00000000
00000000
Case #95: POSSIBLE
0000001
0000000
0000000
0000000
0000000
0000000
0000000
Case #96: POSSIBLE
01111111111111111111111111111111111100
00111111111111111111111111111111111101
00011111111111111111111111111111111101
00001111111111111111111111111111111100
00000111111111111111111111111111111100
00000011111111111111111111111111111101
00000001111111111111111111111111111100
00000000111111111111111111111111111101
00000000011111111111111111111111111100
00000000001111111111111111111111111100
00000000000111111111111111111111111100
00000000000011111111111111111111111101
00000000000001111111111111111111111101
00000000000000111111111111111111111100
00000000000000011111111111111111111100
00000000000000001111111111111111111101
00000000000000000111111111111111111100
00000000000000000011111111111111111101
00000000000000000001111111111111111100
00000000000000000000111111111111111101
00000000000000000000011111111111111100
00000000000000000000001111111111111101
00000000000000000000000111111111111100
00000000000000000000000011111111111100
00000000000000000000000001111111111100
00000000000000000000000000111111111100
00000000000000000000000000011111111101
00000000000000000000000000001111111101
00000000000000000000000000000111111100
00000000000000000000000000000011111100
00000000000000000000000000000001111100
00000000000000000000000000000000111100
00000000000000000000000000000000011100
00000000000000000000000000000000001101
00000000000000000000000000000000000101
00000000000000000000000000000000000001
00000000000000000000000000000000000000
00000000000000000000000000000000000000
Case #97: POSSIBLE
0111101
0011101
0001101
0000101
0000001
0000000
0000000
Case #98: POSSIBLE
01111111111111111111111111111111111111111111111101
00111111111111111111111111111111111111111111111101
00011111111111111111111111111111111111111111111101
00001111111111111111111111111111111111111111111101
00000111111111111111111111111111111111111111111101
00000011111111111111111111111111111111111111111101
00000001111111111111111111111111111111111111111101
00000000111111111111111111111111111111111111111101
00000000011111111111111111111111111111111111111101
00000000001111111111111111111111111111111111111101
00000000000111111111111111111111111111111111111101
00000000000011111111111111111111111111111111111101
00000000000001111111111111111111111111111111111101
00000000000000111111111111111111111111111111111101
00000000000000011111111111111111111111111111111101
00000000000000001111111111111111111111111111111101
00000000000000000111111111111111111111111111111101
00000000000000000011111111111111111111111111111101
00000000000000000001111111111111111111111111111101
00000000000000000000111111111111111111111111111101
00000000000000000000011111111111111111111111111101
00000000000000000000001111111111111111111111111101
00000000000000000000000111111111111111111111111101
00000000000000000000000011111111111111111111111101
00000000000000000000000001111111111111111111111101
00000000000000000000000000111111111111111111111101
00000000000000000000000000011111111111111111111101
00000000000000000000000000001111111111111111111101
00000000000000000000000000000111111111111111111101
00000000000000000000000000000011111111111111111101
00000000000000000000000000000001111111111111111101
00000000000000000000000000000000111111111111111101
00000000000000000000000000000000011111111111111101
00000000000000000000000000000000001111111111111101
00000000000000000000000000000000000111111111111101
00000000000000000000000000000000000011111111111101
00000000000000000000000000000000000001111111111101
00000000000000000000000000000000000000111111111101
00000000000000000000000000000000000000011111111101
00000000000000000000000000000000000000001111111101
00000000000000000000000000000000000000000111111101
00000000000000000000000000000000000000000011111101
00000000000000000000000000000000000000000001111101
00000000000000000000000000000000000000000000111101
00000000000000000000000000000000000000000000011101
00000000000000000000000000000000000000000000001101
00000000000000000000000000000000000000000000000101
00000000000000000000000000000000000000000000000001
00000000000000000000000000000000000000000000000000
00000000000000000000000000000000000000000000000000
Case #99: IMPOSSIBLE
Case #100: POSSIBLE
0111000
0011001
0001000
0000001
0000000
0000000
0000000
