Case #1: 3 4 6
Case #2: 5 7 8 9
Case #3: 5 12 19 26 33 40 47
Case #4: 7 14 17 19 21 23 27
Case #5: 69 71 75 79 82 86 90 93 95 96 99 103 106 109 112 115 116 119 122 125 128 131 134 137 139 142 145 148 149 153 154 158 163 165 166 167 169 174 175 179 182 184 185 189 192 194 196 200 203 205
Case #6: 117 145 163 187 210 217 229
Case #7: 3 5 6 11
Case #8: 18 20 23 24 26 28 30 31 33 35 38 40 41 42 44 46 47 49 50 53 55 58 59
Case #9: 35 41 42 46 48 49 51 54 56 59 64 66 67 69 71 73 75 77 79 80 82 84 86 87 90
Case #10: 48 52 58 64 66 68 70 73 75 76 78 80 81 82 85 88 90 93 95 97 99 100 102 103 106 108 110 111 113 115 119 120 123 124 127 129 130 131 133 134 136 140 142 144 145 148 150 151 153 155
Case #11: 47 51 54 60 63 65 66 74 77 80 84 87 89 91 92 96 98 104 107 110 113 116 118 121 124
Case #12: 4 8 12 16
Case #13: 1 2 3 4 6 8 9 10 11 12
Case #14: 6 8 10 12 14 16 18
Case #15: 601 602 603 604 605 606 607 608 609 610 611 612 613 614 615 616 617 618 619 620 621 622 623 624 625 626 627 628 629 630 631 632 633 634 635 636 637 638 639 640 641 642 643 644 645 646 647 648 649 650
Case #16: 2 3 4
Case #17: 18 22 29 34 39 42 47 52 53 57 64
Case #18: 16 23 25 27 30 33 34 36 38 39 41 44 45 46 47 48 51 53 55 56 58 60 61 63
Case #19: 1 2 3 4 5 6 7 8 9 10 11 12 13 14 15 16 17 18 19 20 21 22 23 24 25 26 27 28 29 30 31 32 33 34 35 36 37 38 39 40 41 42 43 44 45 46 47 48 49 50
Case #20: 19 28 30 35 38 41 44 48 50 53 55 58 60 63 66 67 69 71 72 73 74 81 83 84 87
Case #21: 4 9 13 16 17 18 28
Case #22: 633 718 771 786 797 854 869 945 970 988 995 1008 1047 1060 1085 1105 1119 1139 1152 1189 1199 1233 1255 1277 1284 1307 1326 1373 1380 1435 1458 1482 1545 1554 1584 1599 1623 1624 1656 1668 1687 1709 1727 1730 1734 1761 1791 1795 1810 1840
Case #23: 44 60 70 100 105 118 127 141 180 206
Case #24: 6 7 8 9 10 11 12
Case #25: 4 8
Case #26: 1 2 3 5 7 8 9 10 12 14 16 18 20
Case #27: 11 12 13 14 15 16 17 18 19 20
Case #28: 12 37 62 87 112 137 162 187 212 237 262 287 312 337 362 387 412 437 462 487 512 537 562 587 612
Case #29: 3 4 5
Case #30: 42 51 60 63 77 87 90 95 96 104 112 115 119 121 124 130 132 137 143 147 149 154 156 157 159
Case #31: 2 4
Case #32: 1 2 3
Case #33: 22 222
Case #34: 3 6 8 9 12 13 16 19 22 23
Case #35: 9 10 11 12 13 14 15 16 17 18
Case #36: 18 30 31 39 43 47 50 53 54 57 59
Case #37: 28 32 72 81
Case #38: 11 34 56 77 97 116 134 151 167 182 196 197 198 199 200 201 202 203 204 205 206 207 208 209 321
Case #39: 39 45 46 56 63 68 73 77 80 83 87 92 97
Case #40: 339 376 419 458 478 485 517 528 553 554 592 608 623 646 668 704 734 766 790 801 813 831 840 882 885
Case #41: 2 3 4 5
Case #42: 2 22
Case #43: 37 85 132 178 223 267 310 352 393 433 472 510 547 583 618 652 685 717 748 778 807 835 862 888 913 937 960 982 1003 1023 1042 1060 1077 1093 1108 1122 1135 1136 1137 1138 1139 1140 1141 1142 1143 1144 1145 1146 1147 1298
Case #44: 8 16 23 29 34 38 41 43 44 60
Case #45: 6 8 10 11
Case #46: 9 10 17 23 25 32 35 40 42 47 49 50 51
Case #47: 6 8
Case #48: 17 18 19 20 21 22 23 24 25 26 27 28 29 30 31 32 33 34 35 36 37 38 39 40 41
Case #49: 39 50 52 56 62 68 71 72 76 80 83 84 86 93 96 105 106 107 114
Case #50: 2 6
