Case #1: 1 0
Case #2: 1 0
Case #3: 1 1
Case #4: 0 0
Case #5: 500 499
Case #6: 0 0
Case #7: 0 0
Case #8: 0 0
Case #9: 0 0
Case #10: 1 0
Case #11: 0 0
Case #12: 0 0
Case #13: 0 0
Case #14: 0 0
Case #15: 1 0
Case #16: 250000000000000000 249999999999999999
Case #17: 0 0
Case #18: 7812499999999999 7812499999999999
Case #19: 0 0
Case #20: 2 2
Case #21: 0 0
Case #22: 0 0
Case #23: 1 0
Case #24: 0 0
Case #25: 0 0
Case #26: 1 0
Case #27: 0 0
Case #28: 0 0
Case #29: 1 1
Case #30: 0 0
Case #31: 0 0
Case #32: 0 0
Case #33: 7812499999999999 7812499999999999
Case #34: 0 0
Case #35: 1 0
Case #36: 1 0
Case #37: 0 0
Case #38: 1 0
Case #39: 0 0
Case #40: 2 2
Case #41: 0 0
Case #42: 1 1
Case #43: 0 0
Case #44: 1 0
Case #45: 1 1
Case #46: 0 0
Case #47: 3906250000000000 3906249999999999
Case #48: 0 0
Case #49: 500000000000000000 499999999999999999
Case #50: 1953125000000000 1953124999999999
Case #51: 0 0
Case #52: 1 1
Case #53: 2 1
Case #54: 1 0
Case #55: 1 0
Case #56: 0 0
Case #57: 1 0
Case #58: 125000000000000000 124999999999999999
Case #59: 2 2
Case #60: 0 0
Case #61: 1 1
Case #62: 1 0
Case #63: 0 0
Case #64: 3906249999999999 3906249999999999
Case #65: 0 0
Case #66: 2 2
Case #67: 0 0
Case #68: 1 1
Case #69: 0 0
Case #70: 1 0
Case #71: 1 0
Case #72: 1 1
Case #73: 1 0
Case #74: 0 0
Case #75: 0 0
Case #76: 1 1
Case #77: 0 0
Case #78: 1 0
Case #79: 2 2
Case #80: 1 0
Case #81: 0 0
Case #82: 0 0
Case #83: 2 2
Case #84: 1 1
Case #85: 0 0
Case #86: 0 0
Case #87: 1 0
Case #88: 249999999999999999 249999999999999999
Case #89: 1 0
Case #90: 0 0
Case #91: 0 0
Case #92: 499999999999999999 499999999999999999
Case #93: 1 1
Case #94: 0 0
Case #95: 0 0
Case #96: 0 0
Case #97: 2 2
Case #98: 3906249999999999 3906249999999999
Case #99: 0 0
Case #100: 250000000000000000 249999999999999999
